{"D:\\Duy\\ielts-app\\frontend\\src\\components\\SkillResult.jsx": {"path":"D:\\Duy\\ielts-app\\frontend\\src\\components\\SkillResult.jsx","statementMap":{"0":{"start":{"line":12,"column":22},"end":{"line":16,"column":null}},"1":{"start":{"line":18,"column":21},"end":{"line":22,"column":null}},"2":{"start":{"line":27,"column":2},"end":{"line":27,"column":null}},"3":{"start":{"line":27,"column":14},"end":{"line":27,"column":null}},"4":{"start":{"line":28,"column":12},"end":{"line":28,"column":null}},"5":{"start":{"line":29,"column":2},"end":{"line":29,"column":null}},"6":{"start":{"line":29,"column":17},"end":{"line":29,"column":null}},"7":{"start":{"line":30,"column":2},"end":{"line":30,"column":null}},"8":{"start":{"line":30,"column":17},"end":{"line":30,"column":null}},"9":{"start":{"line":31,"column":2},"end":{"line":31,"column":null}},"10":{"start":{"line":31,"column":17},"end":{"line":31,"column":null}},"11":{"start":{"line":32,"column":2},"end":{"line":32,"column":null}},"12":{"start":{"line":32,"column":17},"end":{"line":32,"column":null}},"13":{"start":{"line":33,"column":2},"end":{"line":33,"column":null}},"14":{"start":{"line":37,"column":2},"end":{"line":37,"column":null}},"15":{"start":{"line":37,"column":14},"end":{"line":37,"column":null}},"16":{"start":{"line":38,"column":12},"end":{"line":38,"column":null}},"17":{"start":{"line":39,"column":2},"end":{"line":39,"column":null}},"18":{"start":{"line":39,"column":17},"end":{"line":39,"column":null}},"19":{"start":{"line":40,"column":2},"end":{"line":40,"column":null}},"20":{"start":{"line":40,"column":17},"end":{"line":40,"column":null}},"21":{"start":{"line":41,"column":2},"end":{"line":41,"column":null}},"22":{"start":{"line":47,"column":12},"end":{"line":47,"column":null}},"23":{"start":{"line":48,"column":2},"end":{"line":57,"column":null}},"24":{"start":{"line":62,"column":12},"end":{"line":62,"column":null}},"25":{"start":{"line":63,"column":2},"end":{"line":71,"column":null}},"26":{"start":{"line":75,"column":13},"end":{"line":96,"column":null}},"27":{"start":{"line":76,"column":17},"end":{"line":76,"column":19}},"28":{"start":{"line":77,"column":2},"end":{"line":95,"column":null}},"29":{"start":{"line":78,"column":4},"end":{"line":80,"column":null}},"30":{"start":{"line":79,"column":6},"end":{"line":79,"column":null}},"31":{"start":{"line":80,"column":6},"end":{"line":80,"column":null}},"32":{"start":{"line":83,"column":21},"end":{"line":83,"column":null}},"33":{"start":{"line":84,"column":20},"end":{"line":84,"column":35}},"34":{"start":{"line":85,"column":20},"end":{"line":85,"column":35}},"35":{"start":{"line":86,"column":4},"end":{"line":93,"column":null}},"36":{"start":{"line":86,"column":17},"end":{"line":86,"column":20}},"37":{"start":{"line":87,"column":6},"end":{"line":93,"column":null}},"38":{"start":{"line":96,"column":2},"end":{"line":96,"column":null}},"39":{"start":{"line":99,"column":13},"end":{"line":120,"column":null}},"40":{"start":{"line":100,"column":16},"end":{"line":100,"column":19}},"41":{"start":{"line":100,"column":27},"end":{"line":100,"column":30}},"42":{"start":{"line":100,"column":39},"end":{"line":100,"column":null}},"43":{"start":{"line":102,"column":2},"end":{"line":118,"column":null}},"44":{"start":{"line":103,"column":4},"end":{"line":117,"column":null}},"45":{"start":{"line":104,"column":6},"end":{"line":115,"column":null}},"46":{"start":{"line":106,"column":8},"end":{"line":110,"column":null}},"47":{"start":{"line":107,"column":10},"end":{"line":109,"column":null}},"48":{"start":{"line":107,"column":40},"end":{"line":107,"column":null}},"49":{"start":{"line":108,"column":19},"end":{"line":109,"column":null}},"50":{"start":{"line":108,"column":40},"end":{"line":108,"column":null}},"51":{"start":{"line":109,"column":40},"end":{"line":109,"column":null}},"52":{"start":{"line":113,"column":8},"end":{"line":115,"column":null}},"53":{"start":{"line":113,"column":40},"end":{"line":113,"column":null}},"54":{"start":{"line":114,"column":17},"end":{"line":115,"column":null}},"55":{"start":{"line":114,"column":40},"end":{"line":114,"column":null}},"56":{"start":{"line":115,"column":40},"end":{"line":115,"column":null}},"57":{"start":{"line":120,"column":2},"end":{"line":120,"column":null}},"58":{"start":{"line":123,"column":13},"end":{"line":154,"column":null}},"59":{"start":{"line":124,"column":16},"end":{"line":124,"column":null}},"60":{"start":{"line":126,"column":2},"end":{"line":154,"column":null}},"61":{"start":{"line":127,"column":24},"end":{"line":127,"column":null}},"62":{"start":{"line":128,"column":27},"end":{"line":128,"column":29}},"63":{"start":{"line":130,"column":4},"end":{"line":146,"column":null}},"64":{"start":{"line":131,"column":6},"end":{"line":144,"column":null}},"65":{"start":{"line":132,"column":21},"end":{"line":132,"column":null}},"66":{"start":{"line":133,"column":29},"end":{"line":133,"column":80}},"67":{"start":{"line":133,"column":68},"end":{"line":133,"column":80}},"68":{"start":{"line":134,"column":8},"end":{"line":137,"column":null}},"69":{"start":{"line":138,"column":8},"end":{"line":138,"column":null}},"70":{"start":{"line":140,"column":8},"end":{"line":143,"column":null}},"71":{"start":{"line":144,"column":8},"end":{"line":144,"column":null}},"72":{"start":{"line":148,"column":4},"end":{"line":153,"column":null}},"73":{"start":{"line":158,"column":2},"end":{"line":158,"column":null}},"74":{"start":{"line":161,"column":6},"end":{"line":169,"column":null}},"75":{"start":{"line":162,"column":2},"end":{"line":169,"column":null}},"76":{"start":{"line":174,"column":2},"end":{"line":238,"column":null}},"77":{"start":{"line":175,"column":4},"end":{"line":238,"column":null}},"78":{"start":{"line":178,"column":28},"end":{"line":178,"column":null}},"79":{"start":{"line":179,"column":29},"end":{"line":179,"column":null}},"80":{"start":{"line":180,"column":26},"end":{"line":180,"column":46}},"81":{"start":{"line":182,"column":10},"end":{"line":197,"column":null}},"82":{"start":{"line":183,"column":12},"end":{"line":197,"column":null}},"83":{"start":{"line":201,"column":10},"end":{"line":235,"column":null}},"84":{"start":{"line":243,"column":18},"end":{"line":243,"column":40}},"85":{"start":{"line":244,"column":26},"end":{"line":244,"column":null}},"86":{"start":{"line":246,"column":2},"end":{"line":269,"column":null}},"87":{"start":{"line":275,"column":16},"end":{"line":277,"column":null}},"88":{"start":{"line":279,"column":2},"end":{"line":295,"column":null}},"89":{"start":{"line":293,"column":41},"end":{"line":293,"column":null}},"90":{"start":{"line":302,"column":19},"end":{"line":302,"column":45}},"91":{"start":{"line":304,"column":2},"end":{"line":310,"column":null}},"92":{"start":{"line":306,"column":18},"end":{"line":308,"column":10}},"93":{"start":{"line":307,"column":6},"end":{"line":307,"column":null}},"94":{"start":{"line":309,"column":4},"end":{"line":309,"column":null}},"95":{"start":{"line":309,"column":17},"end":{"line":309,"column":36}},"96":{"start":{"line":312,"column":15},"end":{"line":312,"column":null}},"97":{"start":{"line":313,"column":22},"end":{"line":313,"column":null}},"98":{"start":{"line":314,"column":8},"end":{"line":314,"column":null}},"99":{"start":{"line":315,"column":24},"end":{"line":315,"column":null}},"100":{"start":{"line":316,"column":23},"end":{"line":316,"column":62}},"101":{"start":{"line":317,"column":17},"end":{"line":317,"column":null}},"102":{"start":{"line":319,"column":2},"end":{"line":371,"column":null}},"103":{"start":{"line":379,"column":14},"end":{"line":379,"column":41}},"104":{"start":{"line":380,"column":17},"end":{"line":380,"column":null}},"105":{"start":{"line":381,"column":8},"end":{"line":381,"column":32}},"106":{"start":{"line":382,"column":8},"end":{"line":382,"column":35}},"107":{"start":{"line":383,"column":15},"end":{"line":383,"column":46}},"108":{"start":{"line":384,"column":18},"end":{"line":384,"column":46}},"109":{"start":{"line":385,"column":16},"end":{"line":385,"column":46}},"110":{"start":{"line":387,"column":2},"end":{"line":428,"column":null}},"111":{"start":{"line":388,"column":4},"end":{"line":405,"column":null}},"112":{"start":{"line":389,"column":20},"end":{"line":389,"column":50}},"113":{"start":{"line":390,"column":20},"end":{"line":393,"column":9}},"114":{"start":{"line":390,"column":36},"end":{"line":393,"column":9}},"115":{"start":{"line":394,"column":22},"end":{"line":394,"column":40}},"116":{"start":{"line":396,"column":6},"end":{"line":403,"column":null}},"117":{"start":{"line":404,"column":6},"end":{"line":404,"column":null}},"118":{"start":{"line":405,"column":6},"end":{"line":405,"column":null}},"119":{"start":{"line":408,"column":4},"end":{"line":427,"column":null}},"120":{"start":{"line":410,"column":18},"end":{"line":410,"column":null}},"121":{"start":{"line":411,"column":22},"end":{"line":411,"column":45}},"122":{"start":{"line":412,"column":22},"end":{"line":415,"column":11}},"123":{"start":{"line":412,"column":38},"end":{"line":415,"column":11}},"124":{"start":{"line":416,"column":24},"end":{"line":416,"column":42}},"125":{"start":{"line":418,"column":8},"end":{"line":424,"column":null}},"126":{"start":{"line":426,"column":18},"end":{"line":426,"column":81}},"127":{"start":{"line":427,"column":21},"end":{"line":427,"column":38}},"128":{"start":{"line":430,"column":8},"end":{"line":432,"column":null}},"129":{"start":{"line":431,"column":4},"end":{"line":431,"column":null}},"130":{"start":{"line":431,"column":17},"end":{"line":431,"column":null}},"131":{"start":{"line":432,"column":4},"end":{"line":432,"column":null}},"132":{"start":{"line":435,"column":21},"end":{"line":435,"column":null}},"133":{"start":{"line":437,"column":2},"end":{"line":448,"column":null}},"134":{"start":{"line":437,"column":15},"end":{"line":448,"column":null}},"135":{"start":{"line":441,"column":10},"end":{"line":445,"column":null}},"136":{"start":{"line":452,"column":2},"end":{"line":466,"column":null}},"137":{"start":{"line":452,"column":13},"end":{"line":466,"column":null}},"138":{"start":{"line":469,"column":111},"end":{"line":469,"column":null}},"139":{"start":{"line":471,"column":2},"end":{"line":638,"column":null}},"140":{"start":{"line":501,"column":31},"end":{"line":501,"column":null}},"141":{"start":{"line":502,"column":31},"end":{"line":502,"column":null}},"142":{"start":{"line":543,"column":18},"end":{"line":546,"column":null}},"143":{"start":{"line":552,"column":29},"end":{"line":552,"column":89}},"144":{"start":{"line":559,"column":33},"end":{"line":559,"column":null}},"145":{"start":{"line":560,"column":33},"end":{"line":560,"column":null}},"146":{"start":{"line":589,"column":20},"end":{"line":595,"column":null}},"147":{"start":{"line":601,"column":18},"end":{"line":607,"column":null}},"148":{"start":{"line":633,"column":16},"end":{"line":633,"column":null}}},"fnMap":{"0":{"name":"getScoreMessage","decl":{"start":{"line":26,"column":9},"end":{"line":26,"column":25}},"loc":{"start":{"line":26,"column":41},"end":{"line":33,"column":null}},"line":26},"1":{"name":"getIllustration","decl":{"start":{"line":36,"column":9},"end":{"line":36,"column":25}},"loc":{"start":{"line":36,"column":41},"end":{"line":41,"column":null}},"line":36},"2":{"name":"StatBadge","decl":{"start":{"line":46,"column":9},"end":{"line":46,"column":19}},"loc":{"start":{"line":46,"column":37},"end":{"line":57,"column":null}},"line":46},"3":{"name":"QNum","decl":{"start":{"line":61,"column":9},"end":{"line":61,"column":14}},"loc":{"start":{"line":61,"column":31},"end":{"line":71,"column":null}},"line":61},"4":{"name":"(anonymous_4)","decl":{"start":{"line":75,"column":13},"end":{"line":75,"column":38}},"loc":{"start":{"line":75,"column":52},"end":{"line":96,"column":null}},"line":75},"5":{"name":"(anonymous_5)","decl":{"start":{"line":77,"column":20},"end":{"line":77,"column":28}},"loc":{"start":{"line":77,"column":33},"end":{"line":95,"column":null}},"line":77},"6":{"name":"(anonymous_6)","decl":{"start":{"line":99,"column":13},"end":{"line":99,"column":28}},"loc":{"start":{"line":99,"column":41},"end":{"line":120,"column":null}},"line":99},"7":{"name":"(anonymous_7)","decl":{"start":{"line":102,"column":19},"end":{"line":102,"column":27}},"loc":{"start":{"line":102,"column":38},"end":{"line":118,"column":null}},"line":102},"8":{"name":"(anonymous_8)","decl":{"start":{"line":103,"column":31},"end":{"line":103,"column":39}},"loc":{"start":{"line":103,"column":44},"end":{"line":117,"column":null}},"line":103},"9":{"name":"(anonymous_9)","decl":{"start":{"line":106,"column":19},"end":{"line":106,"column":27}},"loc":{"start":{"line":106,"column":37},"end":{"line":110,"column":null}},"line":106},"10":{"name":"(anonymous_10)","decl":{"start":{"line":123,"column":13},"end":{"line":123,"column":28}},"loc":{"start":{"line":123,"column":41},"end":{"line":154,"column":null}},"line":123},"11":{"name":"(anonymous_11)","decl":{"start":{"line":126,"column":26},"end":{"line":126,"column":30}},"loc":{"start":{"line":126,"column":41},"end":{"line":154,"column":null}},"line":126},"12":{"name":"(anonymous_12)","decl":{"start":{"line":130,"column":31},"end":{"line":130,"column":39}},"loc":{"start":{"line":130,"column":44},"end":{"line":146,"column":null}},"line":130},"13":{"name":"(anonymous_13)","decl":{"start":{"line":133,"column":56},"end":{"line":133,"column":59}},"loc":{"start":{"line":133,"column":68},"end":{"line":133,"column":80}},"line":133},"14":{"name":"isMissed","decl":{"start":{"line":157,"column":9},"end":{"line":157,"column":18}},"loc":{"start":{"line":157,"column":26},"end":{"line":158,"column":null}},"line":157},"15":{"name":"(anonymous_15)","decl":{"start":{"line":161,"column":6},"end":{"line":161,"column":null}},"loc":{"start":{"line":162,"column":2},"end":{"line":169,"column":null}},"line":162},"16":{"name":"AnswerRow","decl":{"start":{"line":172,"column":9},"end":{"line":172,"column":19}},"loc":{"start":{"line":172,"column":26},"end":{"line":269,"column":null}},"line":172},"17":{"name":"(anonymous_17)","decl":{"start":{"line":177,"column":19},"end":{"line":177,"column":24}},"loc":{"start":{"line":177,"column":35},"end":{"line":237,"column":null}},"line":177},"18":{"name":"SectionBlock","decl":{"start":{"line":274,"column":9},"end":{"line":274,"column":22}},"loc":{"start":{"line":274,"column":46},"end":{"line":295,"column":null}},"line":274},"19":{"name":"(anonymous_19)","decl":{"start":{"line":293,"column":27},"end":{"line":293,"column":32}},"loc":{"start":{"line":293,"column":41},"end":{"line":293,"column":null}},"line":293},"20":{"name":"ScoreRing","decl":{"start":{"line":301,"column":9},"end":{"line":301,"column":19}},"loc":{"start":{"line":301,"column":88},"end":{"line":371,"column":null}},"line":301},"21":{"name":"(anonymous_21)","decl":{"start":{"line":304,"column":2},"end":{"line":304,"column":18}},"loc":{"start":{"line":304,"column":18},"end":{"line":310,"column":6}},"line":304},"22":{"name":"(anonymous_22)","decl":{"start":{"line":306,"column":18},"end":{"line":306,"column":35}},"loc":{"start":{"line":306,"column":35},"end":{"line":308,"column":10}},"line":306},"23":{"name":"(anonymous_23)","decl":{"start":{"line":309,"column":4},"end":{"line":309,"column":17}},"loc":{"start":{"line":309,"column":17},"end":{"line":309,"column":36}},"line":309},"24":{"name":"SkillResult","decl":{"start":{"line":378,"column":24},"end":{"line":378,"column":36}},"loc":{"start":{"line":378,"column":102},"end":{"line":638,"column":null}},"line":378},"25":{"name":"(anonymous_25)","decl":{"start":{"line":387,"column":2},"end":{"line":387,"column":18}},"loc":{"start":{"line":387,"column":18},"end":{"line":428,"column":6}},"line":387},"26":{"name":"(anonymous_26)","decl":{"start":{"line":390,"column":26},"end":{"line":390,"column":30}},"loc":{"start":{"line":390,"column":36},"end":{"line":393,"column":9}},"line":390},"27":{"name":"(anonymous_27)","decl":{"start":{"line":409,"column":7},"end":{"line":409,"column":12}},"loc":{"start":{"line":409,"column":17},"end":{"line":425,"column":null}},"line":409},"28":{"name":"(anonymous_28)","decl":{"start":{"line":412,"column":28},"end":{"line":412,"column":32}},"loc":{"start":{"line":412,"column":38},"end":{"line":415,"column":11}},"line":412},"29":{"name":"(anonymous_29)","decl":{"start":{"line":426,"column":7},"end":{"line":426,"column":13}},"loc":{"start":{"line":426,"column":18},"end":{"line":426,"column":81}},"line":426},"30":{"name":"(anonymous_30)","decl":{"start":{"line":427,"column":7},"end":{"line":427,"column":21}},"loc":{"start":{"line":427,"column":21},"end":{"line":427,"column":38}},"line":427},"31":{"name":"(anonymous_31)","decl":{"start":{"line":430,"column":8},"end":{"line":430,"column":28}},"loc":{"start":{"line":430,"column":28},"end":{"line":432,"column":null}},"line":430},"32":{"name":"(anonymous_32)","decl":{"start":{"line":440,"column":19},"end":{"line":440,"column":23}},"loc":{"start":{"line":441,"column":10},"end":{"line":445,"column":null}},"line":441},"33":{"name":"(anonymous_33)","decl":{"start":{"line":501,"column":12},"end":{"line":501,"column":26}},"loc":{"start":{"line":501,"column":31},"end":{"line":501,"column":null}},"line":501},"34":{"name":"(anonymous_34)","decl":{"start":{"line":502,"column":12},"end":{"line":502,"column":26}},"loc":{"start":{"line":502,"column":31},"end":{"line":502,"column":null}},"line":502},"35":{"name":"(anonymous_35)","decl":{"start":{"line":542,"column":18},"end":{"line":542,"column":23}},"loc":{"start":{"line":543,"column":18},"end":{"line":546,"column":null}},"line":543},"36":{"name":"(anonymous_36)","decl":{"start":{"line":552,"column":14},"end":{"line":552,"column":29}},"loc":{"start":{"line":552,"column":29},"end":{"line":552,"column":89}},"line":552},"37":{"name":"(anonymous_37)","decl":{"start":{"line":559,"column":14},"end":{"line":559,"column":28}},"loc":{"start":{"line":559,"column":33},"end":{"line":559,"column":null}},"line":559},"38":{"name":"(anonymous_38)","decl":{"start":{"line":560,"column":14},"end":{"line":560,"column":28}},"loc":{"start":{"line":560,"column":33},"end":{"line":560,"column":null}},"line":560},"39":{"name":"(anonymous_39)","decl":{"start":{"line":588,"column":63},"end":{"line":588,"column":68}},"loc":{"start":{"line":589,"column":20},"end":{"line":595,"column":null}},"line":589},"40":{"name":"(anonymous_40)","decl":{"start":{"line":600,"column":39},"end":{"line":600,"column":43}},"loc":{"start":{"line":601,"column":18},"end":{"line":607,"column":null}},"line":601},"41":{"name":"(anonymous_41)","decl":{"start":{"line":632,"column":23},"end":{"line":632,"column":27}},"loc":{"start":{"line":633,"column":16},"end":{"line":633,"column":null}},"line":633}},"branchMap":{"0":{"loc":{"start":{"line":27,"column":2},"end":{"line":27,"column":null}},"type":"if","locations":[{"start":{"line":27,"column":2},"end":{"line":27,"column":null}},{"start":{},"end":{}}],"line":27},"1":{"loc":{"start":{"line":29,"column":2},"end":{"line":29,"column":null}},"type":"if","locations":[{"start":{"line":29,"column":2},"end":{"line":29,"column":null}},{"start":{},"end":{}}],"line":29},"2":{"loc":{"start":{"line":30,"column":2},"end":{"line":30,"column":null}},"type":"if","locations":[{"start":{"line":30,"column":2},"end":{"line":30,"column":null}},{"start":{},"end":{}}],"line":30},"3":{"loc":{"start":{"line":31,"column":2},"end":{"line":31,"column":null}},"type":"if","locations":[{"start":{"line":31,"column":2},"end":{"line":31,"column":null}},{"start":{},"end":{}}],"line":31},"4":{"loc":{"start":{"line":32,"column":2},"end":{"line":32,"column":null}},"type":"if","locations":[{"start":{"line":32,"column":2},"end":{"line":32,"column":null}},{"start":{},"end":{}}],"line":32},"5":{"loc":{"start":{"line":37,"column":2},"end":{"line":37,"column":null}},"type":"if","locations":[{"start":{"line":37,"column":2},"end":{"line":37,"column":null}},{"start":{},"end":{}}],"line":37},"6":{"loc":{"start":{"line":39,"column":2},"end":{"line":39,"column":null}},"type":"if","locations":[{"start":{"line":39,"column":2},"end":{"line":39,"column":null}},{"start":{},"end":{}}],"line":39},"7":{"loc":{"start":{"line":40,"column":2},"end":{"line":40,"column":null}},"type":"if","locations":[{"start":{"line":40,"column":2},"end":{"line":40,"column":null}},{"start":{},"end":{}}],"line":40},"8":{"loc":{"start":{"line":47,"column":12},"end":{"line":47,"column":null}},"type":"binary-expr","locations":[{"start":{"line":47,"column":12},"end":{"line":47,"column":35}},{"start":{"line":47,"column":35},"end":{"line":47,"column":null}}],"line":47},"9":{"loc":{"start":{"line":62,"column":12},"end":{"line":62,"column":null}},"type":"binary-expr","locations":[{"start":{"line":62,"column":12},"end":{"line":62,"column":37}},{"start":{"line":62,"column":37},"end":{"line":62,"column":null}}],"line":62},"10":{"loc":{"start":{"line":77,"column":3},"end":{"line":77,"column":18}},"type":"binary-expr","locations":[{"start":{"line":77,"column":3},"end":{"line":77,"column":16}},{"start":{"line":77,"column":16},"end":{"line":77,"column":18}}],"line":77},"11":{"loc":{"start":{"line":78,"column":4},"end":{"line":80,"column":null}},"type":"if","locations":[{"start":{"line":78,"column":4},"end":{"line":80,"column":null}},{"start":{},"end":{}}],"line":78},"12":{"loc":{"start":{"line":84,"column":20},"end":{"line":84,"column":35}},"type":"binary-expr","locations":[{"start":{"line":84,"column":20},"end":{"line":84,"column":33}},{"start":{"line":84,"column":33},"end":{"line":84,"column":35}}],"line":84},"13":{"loc":{"start":{"line":85,"column":20},"end":{"line":85,"column":35}},"type":"binary-expr","locations":[{"start":{"line":85,"column":20},"end":{"line":85,"column":33}},{"start":{"line":85,"column":33},"end":{"line":85,"column":35}}],"line":85},"14":{"loc":{"start":{"line":91,"column":21},"end":{"line":91,"column":64}},"type":"binary-expr","locations":[{"start":{"line":91,"column":21},"end":{"line":91,"column":58}},{"start":{"line":91,"column":62},"end":{"line":91,"column":64}}],"line":91},"15":{"loc":{"start":{"line":92,"column":18},"end":{"line":92,"column":null}},"type":"binary-expr","locations":[{"start":{"line":92,"column":18},"end":{"line":92,"column":52}},{"start":{"line":92,"column":56},"end":{"line":92,"column":null}}],"line":92},"16":{"loc":{"start":{"line":102,"column":3},"end":{"line":102,"column":17}},"type":"binary-expr","locations":[{"start":{"line":102,"column":3},"end":{"line":102,"column":15}},{"start":{"line":102,"column":15},"end":{"line":102,"column":17}}],"line":102},"17":{"loc":{"start":{"line":103,"column":5},"end":{"line":103,"column":29}},"type":"binary-expr","locations":[{"start":{"line":103,"column":5},"end":{"line":103,"column":27}},{"start":{"line":103,"column":27},"end":{"line":103,"column":29}}],"line":103},"18":{"loc":{"start":{"line":104,"column":6},"end":{"line":115,"column":null}},"type":"if","locations":[{"start":{"line":104,"column":6},"end":{"line":115,"column":null}},{"start":{"line":111,"column":13},"end":{"line":115,"column":null}}],"line":104},"19":{"loc":{"start":{"line":104,"column":10},"end":{"line":104,"column":48}},"type":"binary-expr","locations":[{"start":{"line":104,"column":10},"end":{"line":104,"column":23}},{"start":{"line":104,"column":23},"end":{"line":104,"column":48}}],"line":104},"20":{"loc":{"start":{"line":107,"column":10},"end":{"line":109,"column":null}},"type":"if","locations":[{"start":{"line":107,"column":10},"end":{"line":109,"column":null}},{"start":{"line":108,"column":19},"end":{"line":109,"column":null}}],"line":107},"21":{"loc":{"start":{"line":108,"column":19},"end":{"line":109,"column":null}},"type":"if","locations":[{"start":{"line":108,"column":19},"end":{"line":109,"column":null}},{"start":{"line":109,"column":40},"end":{"line":109,"column":null}}],"line":108},"22":{"loc":{"start":{"line":113,"column":8},"end":{"line":115,"column":null}},"type":"if","locations":[{"start":{"line":113,"column":8},"end":{"line":115,"column":null}},{"start":{"line":114,"column":17},"end":{"line":115,"column":null}}],"line":113},"23":{"loc":{"start":{"line":114,"column":17},"end":{"line":115,"column":null}},"type":"if","locations":[{"start":{"line":114,"column":17},"end":{"line":115,"column":null}},{"start":{"line":115,"column":40},"end":{"line":115,"column":null}}],"line":114},"24":{"loc":{"start":{"line":126,"column":10},"end":{"line":126,"column":24}},"type":"binary-expr","locations":[{"start":{"line":126,"column":10},"end":{"line":126,"column":22}},{"start":{"line":126,"column":22},"end":{"line":126,"column":24}}],"line":126},"25":{"loc":{"start":{"line":130,"column":5},"end":{"line":130,"column":29}},"type":"binary-expr","locations":[{"start":{"line":130,"column":5},"end":{"line":130,"column":27}},{"start":{"line":130,"column":27},"end":{"line":130,"column":29}}],"line":130},"26":{"loc":{"start":{"line":131,"column":6},"end":{"line":144,"column":null}},"type":"if","locations":[{"start":{"line":131,"column":6},"end":{"line":144,"column":null}},{"start":{"line":139,"column":13},"end":{"line":144,"column":null}}],"line":131},"27":{"loc":{"start":{"line":132,"column":21},"end":{"line":132,"column":null}},"type":"binary-expr","locations":[{"start":{"line":132,"column":21},"end":{"line":132,"column":42}},{"start":{"line":132,"column":42},"end":{"line":132,"column":63}},{"start":{"line":132,"column":63},"end":{"line":132,"column":null}}],"line":132},"28":{"loc":{"start":{"line":158,"column":9},"end":{"line":158,"column":null}},"type":"binary-expr","locations":[{"start":{"line":158,"column":9},"end":{"line":158,"column":27}},{"start":{"line":158,"column":27},"end":{"line":158,"column":45}},{"start":{"line":158,"column":45},"end":{"line":158,"column":66}},{"start":{"line":158,"column":70},"end":{"line":158,"column":null}}],"line":158},"29":{"loc":{"start":{"line":174,"column":2},"end":{"line":238,"column":null}},"type":"if","locations":[{"start":{"line":174,"column":2},"end":{"line":238,"column":null}},{"start":{},"end":{}}],"line":174},"30":{"loc":{"start":{"line":178,"column":28},"end":{"line":178,"column":null}},"type":"binary-expr","locations":[{"start":{"line":178,"column":28},"end":{"line":178,"column":47}},{"start":{"line":178,"column":47},"end":{"line":178,"column":null}}],"line":178},"31":{"loc":{"start":{"line":182,"column":10},"end":{"line":197,"column":null}},"type":"if","locations":[{"start":{"line":182,"column":10},"end":{"line":197,"column":null}},{"start":{},"end":{}}],"line":182},"32":{"loc":{"start":{"line":217,"column":17},"end":{"line":227,"column":17}},"type":"binary-expr","locations":[{"start":{"line":217,"column":17},"end":{"line":217,"column":null}},{"start":{"line":218,"column":18},"end":{"line":227,"column":17}}],"line":217},"33":{"loc":{"start":{"line":244,"column":26},"end":{"line":244,"column":null}},"type":"cond-expr","locations":[{"start":{"line":244,"column":36},"end":{"line":244,"column":47}},{"start":{"line":244,"column":47},"end":{"line":244,"column":null}}],"line":244},"34":{"loc":{"start":{"line":253,"column":7},"end":{"line":259,"column":null}},"type":"binary-expr","locations":[{"start":{"line":253,"column":7},"end":{"line":253,"column":19}},{"start":{"line":253,"column":19},"end":{"line":253,"column":null}},{"start":{"line":254,"column":8},"end":{"line":259,"column":null}}],"line":253},"35":{"loc":{"start":{"line":261,"column":7},"end":{"line":261,"column":null}},"type":"binary-expr","locations":[{"start":{"line":261,"column":7},"end":{"line":261,"column":18}},{"start":{"line":261,"column":18},"end":{"line":261,"column":null}}],"line":261},"36":{"loc":{"start":{"line":263,"column":66},"end":{"line":263,"column":87}},"type":"cond-expr","locations":[{"start":{"line":263,"column":76},"end":{"line":263,"column":84}},{"start":{"line":263,"column":84},"end":{"line":263,"column":87}}],"line":263},"37":{"loc":{"start":{"line":263,"column":100},"end":{"line":263,"column":121}},"type":"cond-expr","locations":[{"start":{"line":263,"column":110},"end":{"line":263,"column":118}},{"start":{"line":263,"column":118},"end":{"line":263,"column":121}}],"line":263},"38":{"loc":{"start":{"line":275,"column":16},"end":{"line":277,"column":null}},"type":"cond-expr","locations":[{"start":{"line":276,"column":6},"end":{"line":276,"column":null}},{"start":{"line":277,"column":6},"end":{"line":277,"column":null}}],"line":275},"39":{"loc":{"start":{"line":307,"column":18},"end":{"line":307,"column":50}},"type":"cond-expr","locations":[{"start":{"line":307,"column":29},"end":{"line":307,"column":48}},{"start":{"line":307,"column":48},"end":{"line":307,"column":50}}],"line":307},"40":{"loc":{"start":{"line":316,"column":41},"end":{"line":316,"column":56}},"type":"binary-expr","locations":[{"start":{"line":316,"column":41},"end":{"line":316,"column":53}},{"start":{"line":316,"column":53},"end":{"line":316,"column":56}}],"line":316},"41":{"loc":{"start":{"line":345,"column":40},"end":{"line":345,"column":null}},"type":"cond-expr","locations":[{"start":{"line":345,"column":53},"end":{"line":345,"column":64}},{"start":{"line":345,"column":64},"end":{"line":345,"column":null}}],"line":345},"42":{"loc":{"start":{"line":348,"column":9},"end":{"line":361,"column":null}},"type":"cond-expr","locations":[{"start":{"line":349,"column":10},"end":{"line":356,"column":11}},{"start":{"line":356,"column":10},"end":{"line":361,"column":null}}],"line":348},"43":{"loc":{"start":{"line":360,"column":13},"end":{"line":360,"column":null}},"type":"cond-expr","locations":[{"start":{"line":360,"column":45},"end":{"line":360,"column":65}},{"start":{"line":360,"column":68},"end":{"line":360,"column":null}}],"line":360},"44":{"loc":{"start":{"line":380,"column":17},"end":{"line":380,"column":null}},"type":"binary-expr","locations":[{"start":{"line":380,"column":17},"end":{"line":380,"column":31}},{"start":{"line":380,"column":31},"end":{"line":380,"column":null}}],"line":380},"45":{"loc":{"start":{"line":388,"column":4},"end":{"line":405,"column":null}},"type":"if","locations":[{"start":{"line":388,"column":4},"end":{"line":405,"column":null}},{"start":{},"end":{}}],"line":388},"46":{"loc":{"start":{"line":426,"column":27},"end":{"line":426,"column":81}},"type":"binary-expr","locations":[{"start":{"line":426,"column":27},"end":{"line":426,"column":57}},{"start":{"line":426,"column":57},"end":{"line":426,"column":81}}],"line":426},"47":{"loc":{"start":{"line":431,"column":4},"end":{"line":431,"column":null}},"type":"if","locations":[{"start":{"line":431,"column":4},"end":{"line":431,"column":null}},{"start":{},"end":{}}],"line":431},"48":{"loc":{"start":{"line":435,"column":21},"end":{"line":435,"column":null}},"type":"cond-expr","locations":[{"start":{"line":435,"column":47},"end":{"line":435,"column":59}},{"start":{"line":435,"column":59},"end":{"line":435,"column":null}}],"line":435},"49":{"loc":{"start":{"line":437,"column":2},"end":{"line":448,"column":null}},"type":"if","locations":[{"start":{"line":437,"column":2},"end":{"line":448,"column":null}},{"start":{},"end":{}}],"line":437},"50":{"loc":{"start":{"line":443,"column":20},"end":{"line":443,"column":null}},"type":"cond-expr","locations":[{"start":{"line":443,"column":30},"end":{"line":443,"column":36}},{"start":{"line":443,"column":36},"end":{"line":443,"column":null}}],"line":443},"51":{"loc":{"start":{"line":443,"column":36},"end":{"line":443,"column":null}},"type":"cond-expr","locations":[{"start":{"line":443,"column":46},"end":{"line":443,"column":52}},{"start":{"line":443,"column":52},"end":{"line":443,"column":null}}],"line":443},"52":{"loc":{"start":{"line":452,"column":2},"end":{"line":466,"column":null}},"type":"if","locations":[{"start":{"line":452,"column":2},"end":{"line":466,"column":null}},{"start":{},"end":{}}],"line":452},"53":{"loc":{"start":{"line":528,"column":23},"end":{"line":528,"column":null}},"type":"cond-expr","locations":[{"start":{"line":528,"column":36},"end":{"line":528,"column":47}},{"start":{"line":528,"column":47},"end":{"line":528,"column":null}}],"line":528},"54":{"loc":{"start":{"line":528,"column":47},"end":{"line":528,"column":null}},"type":"cond-expr","locations":[{"start":{"line":528,"column":79},"end":{"line":528,"column":91}},{"start":{"line":528,"column":91},"end":{"line":528,"column":null}}],"line":528},"55":{"loc":{"start":{"line":529,"column":26},"end":{"line":529,"column":null}},"type":"cond-expr","locations":[{"start":{"line":529,"column":39},"end":{"line":529,"column":56}},{"start":{"line":529,"column":56},"end":{"line":529,"column":null}}],"line":529},"56":{"loc":{"start":{"line":573,"column":9},"end":{"line":611,"column":null}},"type":"binary-expr","locations":[{"start":{"line":573,"column":9},"end":{"line":573,"column":26}},{"start":{"line":573,"column":26},"end":{"line":573,"column":null}},{"start":{"line":574,"column":10},"end":{"line":611,"column":null}}],"line":573},"57":{"loc":{"start":{"line":593,"column":33},"end":{"line":593,"column":null}},"type":"cond-expr","locations":[{"start":{"line":593,"column":43},"end":{"line":593,"column":52}},{"start":{"line":593,"column":52},"end":{"line":593,"column":null}}],"line":593},"58":{"loc":{"start":{"line":600,"column":18},"end":{"line":600,"column":37}},"type":"binary-expr","locations":[{"start":{"line":600,"column":18},"end":{"line":600,"column":35}},{"start":{"line":600,"column":35},"end":{"line":600,"column":37}}],"line":600},"59":{"loc":{"start":{"line":631,"column":13},"end":{"line":636,"column":null}},"type":"cond-expr","locations":[{"start":{"line":632,"column":14},"end":{"line":633,"column":null}},{"start":{"line":636,"column":14},"end":{"line":636,"column":null}}],"line":631},"60":{"loc":{"start":{"line":631,"column":13},"end":{"line":631,"column":null}},"type":"binary-expr","locations":[{"start":{"line":631,"column":13},"end":{"line":631,"column":25}},{"start":{"line":631,"column":25},"end":{"line":631,"column":null}}],"line":631}},"s":{"0":1,"1":1,"2":3,"3":1,"4":2,"5":2,"6":0,"7":2,"8":0,"9":2,"10":2,"11":0,"12":0,"13":0,"14":3,"15":1,"16":2,"17":2,"18":0,"19":2,"20":2,"21":0,"22":12,"23":12,"24":4,"25":4,"26":1,"27":2,"28":2,"29":4,"30":4,"31":4,"32":0,"33":0,"34":4,"35":4,"36":4,"37":0,"38":2,"39":1,"40":3,"41":3,"42":3,"43":3,"44":2,"45":4,"46":0,"47":0,"48":0,"49":0,"50":0,"51":0,"52":4,"53":2,"54":2,"55":2,"56":0,"57":3,"58":1,"59":3,"60":3,"61":2,"62":2,"63":2,"64":4,"65":0,"66":0,"67":0,"68":0,"69":0,"70":4,"71":4,"72":2,"73":4,"74":1,"75":0,"76":4,"77":0,"78":0,"79":0,"80":0,"81":0,"82":0,"83":0,"84":4,"85":4,"86":4,"87":2,"88":2,"89":4,"90":3,"91":3,"92":3,"93":0,"94":3,"95":3,"96":3,"97":3,"98":3,"99":3,"100":3,"101":3,"102":3,"103":6,"104":6,"105":6,"106":6,"107":6,"108":6,"109":6,"110":6,"111":3,"112":3,"113":3,"114":2,"115":3,"116":3,"117":3,"118":3,"119":0,"120":0,"121":0,"122":0,"123":0,"124":0,"125":0,"126":0,"127":0,"128":6,"129":0,"130":0,"131":0,"132":6,"133":6,"134":3,"135":9,"136":3,"137":0,"138":3,"139":3,"140":0,"141":0,"142":9,"143":0,"144":0,"145":0,"146":5,"147":1,"148":2},"f":{"0":3,"1":3,"2":12,"3":4,"4":2,"5":4,"6":3,"7":2,"8":4,"9":0,"10":3,"11":2,"12":4,"13":0,"14":4,"15":0,"16":4,"17":0,"18":2,"19":4,"20":3,"21":3,"22":0,"23":3,"24":6,"25":3,"26":2,"27":0,"28":0,"29":0,"30":0,"31":0,"32":9,"33":0,"34":0,"35":9,"36":0,"37":0,"38":0,"39":5,"40":1,"41":2},"b":{"0":[1,2],"1":[0,2],"2":[0,2],"3":[2,0],"4":[0,0],"5":[1,2],"6":[0,2],"7":[2,0],"8":[12,0],"9":[4,0],"10":[2,0],"11":[4,0],"12":[0,0],"13":[4,0],"14":[0,0],"15":[0,0],"16":[3,0],"17":[2,0],"18":[0,4],"19":[4,0],"20":[0,0],"21":[0,0],"22":[2,2],"23":[2,0],"24":[3,1],"25":[2,0],"26":[0,4],"27":[0,0,0],"28":[4,4,4,0],"29":[0,4],"30":[0,0],"31":[0,0],"32":[0,0],"33":[0,4],"34":[4,4,2],"35":[4,0],"36":[0,4],"37":[0,4],"38":[1,1],"39":[0,0],"40":[3,3],"41":[0,3],"42":[0,3],"43":[3,0],"44":[6,0],"45":[3,0],"46":[0,0],"47":[0,0],"48":[4,2],"49":[3,3],"50":[3,6],"51":[3,3],"52":[0,3],"53":[0,3],"54":[3,0],"55":[0,3],"56":[6,1,1],"57":[1,4],"58":[1,0],"59":[2,1],"60":[6,3]},"meta":{"lastBranch":61,"lastFunction":42,"lastStatement":149,"seen":{"s:12:22:16:Infinity":0,"s:18:21:22:Infinity":1,"f:26:9:26:25":0,"b:27:2:27:Infinity:undefined:undefined:undefined:undefined":0,"s:27:2:27:Infinity":2,"s:27:14:27:Infinity":3,"s:28:12:28:Infinity":4,"b:29:2:29:Infinity:undefined:undefined:undefined:undefined":1,"s:29:2:29:Infinity":5,"s:29:17:29:Infinity":6,"b:30:2:30:Infinity:undefined:undefined:undefined:undefined":2,"s:30:2:30:Infinity":7,"s:30:17:30:Infinity":8,"b:31:2:31:Infinity:undefined:undefined:undefined:undefined":3,"s:31:2:31:Infinity":9,"s:31:17:31:Infinity":10,"b:32:2:32:Infinity:undefined:undefined:undefined:undefined":4,"s:32:2:32:Infinity":11,"s:32:17:32:Infinity":12,"s:33:2:33:Infinity":13,"f:36:9:36:25":1,"b:37:2:37:Infinity:undefined:undefined:undefined:undefined":5,"s:37:2:37:Infinity":14,"s:37:14:37:Infinity":15,"s:38:12:38:Infinity":16,"b:39:2:39:Infinity:undefined:undefined:undefined:undefined":6,"s:39:2:39:Infinity":17,"s:39:17:39:Infinity":18,"b:40:2:40:Infinity:undefined:undefined:undefined:undefined":7,"s:40:2:40:Infinity":19,"s:40:17:40:Infinity":20,"s:41:2:41:Infinity":21,"f:46:9:46:19":2,"s:47:12:47:Infinity":22,"b:47:12:47:35:47:35:47:Infinity":8,"s:48:2:57:Infinity":23,"f:61:9:61:14":3,"s:62:12:62:Infinity":24,"b:62:12:62:37:62:37:62:Infinity":9,"s:63:2:71:Infinity":25,"s:75:13:96:Infinity":26,"f:75:13:75:38":4,"s:76:17:76:19":27,"s:77:2:95:Infinity":28,"b:77:3:77:16:77:16:77:18":10,"f:77:20:77:28":5,"b:78:4:80:Infinity:undefined:undefined:undefined:undefined":11,"s:78:4:80:Infinity":29,"s:79:6:79:Infinity":30,"s:80:6:80:Infinity":31,"s:83:21:83:Infinity":32,"s:84:20:84:35":33,"b:84:20:84:33:84:33:84:35":12,"s:85:20:85:35":34,"b:85:20:85:33:85:33:85:35":13,"s:86:4:93:Infinity":35,"s:86:17:86:20":36,"s:87:6:93:Infinity":37,"b:91:21:91:58:91:62:91:64":14,"b:92:18:92:52:92:56:92:Infinity":15,"s:96:2:96:Infinity":38,"s:99:13:120:Infinity":39,"f:99:13:99:28":6,"s:100:16:100:19":40,"s:100:27:100:30":41,"s:100:39:100:Infinity":42,"s:102:2:118:Infinity":43,"b:102:3:102:15:102:15:102:17":16,"f:102:19:102:27":7,"s:103:4:117:Infinity":44,"b:103:5:103:27:103:27:103:29":17,"f:103:31:103:39":8,"b:104:6:115:Infinity:111:13:115:Infinity":18,"s:104:6:115:Infinity":45,"b:104:10:104:23:104:23:104:48":19,"s:106:8:110:Infinity":46,"f:106:19:106:27":9,"b:107:10:109:Infinity:108:19:109:Infinity":20,"s:107:10:109:Infinity":47,"s:107:40:107:Infinity":48,"b:108:19:109:Infinity:109:40:109:Infinity":21,"s:108:19:109:Infinity":49,"s:108:40:108:Infinity":50,"s:109:40:109:Infinity":51,"b:113:8:115:Infinity:114:17:115:Infinity":22,"s:113:8:115:Infinity":52,"s:113:40:113:Infinity":53,"b:114:17:115:Infinity:115:40:115:Infinity":23,"s:114:17:115:Infinity":54,"s:114:40:114:Infinity":55,"s:115:40:115:Infinity":56,"s:120:2:120:Infinity":57,"s:123:13:154:Infinity":58,"f:123:13:123:28":10,"s:124:16:124:Infinity":59,"s:126:2:154:Infinity":60,"b:126:10:126:22:126:22:126:24":24,"f:126:26:126:30":11,"s:127:24:127:Infinity":61,"s:128:27:128:29":62,"s:130:4:146:Infinity":63,"b:130:5:130:27:130:27:130:29":25,"f:130:31:130:39":12,"b:131:6:144:Infinity:139:13:144:Infinity":26,"s:131:6:144:Infinity":64,"s:132:21:132:Infinity":65,"b:132:21:132:42:132:42:132:63:132:63:132:Infinity":27,"s:133:29:133:80":66,"f:133:56:133:59":13,"s:133:68:133:80":67,"s:134:8:137:Infinity":68,"s:138:8:138:Infinity":69,"s:140:8:143:Infinity":70,"s:144:8:144:Infinity":71,"s:148:4:153:Infinity":72,"f:157:9:157:18":14,"s:158:2:158:Infinity":73,"b:158:9:158:27:158:27:158:45:158:45:158:66:158:70:158:Infinity":28,"s:161:6:169:Infinity":74,"f:161:6:161:Infinity":15,"s:162:2:169:Infinity":75,"f:172:9:172:19":16,"b:174:2:238:Infinity:undefined:undefined:undefined:undefined":29,"s:174:2:238:Infinity":76,"s:175:4:238:Infinity":77,"f:177:19:177:24":17,"s:178:28:178:Infinity":78,"b:178:28:178:47:178:47:178:Infinity":30,"s:179:29:179:Infinity":79,"s:180:26:180:46":80,"b:182:10:197:Infinity:undefined:undefined:undefined:undefined":31,"s:182:10:197:Infinity":81,"s:183:12:197:Infinity":82,"s:201:10:235:Infinity":83,"b:217:17:217:Infinity:218:18:227:17":32,"s:243:18:243:40":84,"s:244:26:244:Infinity":85,"b:244:36:244:47:244:47:244:Infinity":33,"s:246:2:269:Infinity":86,"b:253:7:253:19:253:19:253:Infinity:254:8:259:Infinity":34,"b:261:7:261:18:261:18:261:Infinity":35,"b:263:76:263:84:263:84:263:87":36,"b:263:110:263:118:263:118:263:121":37,"f:274:9:274:22":18,"s:275:16:277:Infinity":87,"b:276:6:276:Infinity:277:6:277:Infinity":38,"s:279:2:295:Infinity":88,"f:293:27:293:32":19,"s:293:41:293:Infinity":89,"f:301:9:301:19":20,"s:302:19:302:45":90,"s:304:2:310:Infinity":91,"f:304:2:304:18":21,"s:306:18:308:10":92,"f:306:18:306:35":22,"s:307:6:307:Infinity":93,"b:307:29:307:48:307:48:307:50":39,"s:309:4:309:Infinity":94,"f:309:4:309:17":23,"s:309:17:309:36":95,"s:312:15:312:Infinity":96,"s:313:22:313:Infinity":97,"s:314:8:314:Infinity":98,"s:315:24:315:Infinity":99,"s:316:23:316:62":100,"b:316:41:316:53:316:53:316:56":40,"s:317:17:317:Infinity":101,"s:319:2:371:Infinity":102,"b:345:53:345:64:345:64:345:Infinity":41,"b:349:10:356:11:356:10:361:Infinity":42,"b:360:45:360:65:360:68:360:Infinity":43,"f:378:24:378:36":24,"s:379:14:379:41":103,"s:380:17:380:Infinity":104,"b:380:17:380:31:380:31:380:Infinity":44,"s:381:8:381:32":105,"s:382:8:382:35":106,"s:383:15:383:46":107,"s:384:18:384:46":108,"s:385:16:385:46":109,"s:387:2:428:Infinity":110,"f:387:2:387:18":25,"b:388:4:405:Infinity:undefined:undefined:undefined:undefined":45,"s:388:4:405:Infinity":111,"s:389:20:389:50":112,"s:390:20:393:9":113,"f:390:26:390:30":26,"s:390:36:393:9":114,"s:394:22:394:40":115,"s:396:6:403:Infinity":116,"s:404:6:404:Infinity":117,"s:405:6:405:Infinity":118,"s:408:4:427:Infinity":119,"f:409:7:409:12":27,"s:410:18:410:Infinity":120,"s:411:22:411:45":121,"s:412:22:415:11":122,"f:412:28:412:32":28,"s:412:38:415:11":123,"s:416:24:416:42":124,"s:418:8:424:Infinity":125,"f:426:7:426:13":29,"s:426:18:426:81":126,"b:426:27:426:57:426:57:426:81":46,"f:427:7:427:21":30,"s:427:21:427:38":127,"s:430:8:432:Infinity":128,"f:430:8:430:28":31,"b:431:4:431:Infinity:undefined:undefined:undefined:undefined":47,"s:431:4:431:Infinity":129,"s:431:17:431:Infinity":130,"s:432:4:432:Infinity":131,"s:435:21:435:Infinity":132,"b:435:47:435:59:435:59:435:Infinity":48,"b:437:2:448:Infinity:undefined:undefined:undefined:undefined":49,"s:437:2:448:Infinity":133,"s:437:15:448:Infinity":134,"f:440:19:440:23":32,"s:441:10:445:Infinity":135,"b:443:30:443:36:443:36:443:Infinity":50,"b:443:46:443:52:443:52:443:Infinity":51,"b:452:2:466:Infinity:undefined:undefined:undefined:undefined":52,"s:452:2:466:Infinity":136,"s:452:13:466:Infinity":137,"s:469:111:469:Infinity":138,"s:471:2:638:Infinity":139,"f:501:12:501:26":33,"s:501:31:501:Infinity":140,"f:502:12:502:26":34,"s:502:31:502:Infinity":141,"b:528:36:528:47:528:47:528:Infinity":53,"b:528:79:528:91:528:91:528:Infinity":54,"b:529:39:529:56:529:56:529:Infinity":55,"f:542:18:542:23":35,"s:543:18:546:Infinity":142,"f:552:14:552:29":36,"s:552:29:552:89":143,"f:559:14:559:28":37,"s:559:33:559:Infinity":144,"f:560:14:560:28":38,"s:560:33:560:Infinity":145,"b:573:9:573:26:573:26:573:Infinity:574:10:611:Infinity":56,"f:588:63:588:68":39,"s:589:20:595:Infinity":146,"b:593:43:593:52:593:52:593:Infinity":57,"b:600:18:600:35:600:35:600:37":58,"f:600:39:600:43":40,"s:601:18:607:Infinity":147,"b:632:14:633:Infinity:636:14:636:Infinity":59,"b:631:13:631:25:631:25:631:Infinity":60,"f:632:23:632:27":41,"s:633:16:633:Infinity":148},"fnNames":{}}}
,"D:\\Duy\\ielts-app\\frontend\\src\\components\\courses\\HeroStats.jsx": {"path":"D:\\Duy\\ielts-app\\frontend\\src\\components\\courses\\HeroStats.jsx","statementMap":{"0":{"start":{"line":5,"column":8},"end":{"line":5,"column":32}},"1":{"start":{"line":6,"column":22},"end":{"line":6,"column":51}},"2":{"start":{"line":7,"column":26},"end":{"line":7,"column":59}},"3":{"start":{"line":8,"column":23},"end":{"line":8,"column":53}},"4":{"start":{"line":10,"column":2},"end":{"line":29,"column":null}},"5":{"start":{"line":11,"column":21},"end":{"line":11,"column":null}},"6":{"start":{"line":12,"column":18},"end":{"line":12,"column":35}},"7":{"start":{"line":14,"column":10},"end":{"line":24,"column":null}},"8":{"start":{"line":15,"column":22},"end":{"line":15,"column":null}},"9":{"start":{"line":16,"column":23},"end":{"line":16,"column":54}},"10":{"start":{"line":17,"column":19},"end":{"line":17,"column":71}},"11":{"start":{"line":19,"column":6},"end":{"line":19,"column":null}},"12":{"start":{"line":20,"column":6},"end":{"line":20,"column":null}},"13":{"start":{"line":21,"column":6},"end":{"line":21,"column":null}},"14":{"start":{"line":23,"column":6},"end":{"line":24,"column":null}},"15":{"start":{"line":24,"column":8},"end":{"line":24,"column":null}},"16":{"start":{"line":28,"column":4},"end":{"line":28,"column":null}},"17":{"start":{"line":31,"column":2},"end":{"line":58,"column":null}},"18":{"start":{"line":39,"column":63},"end":{"line":39,"column":92}},"19":{"start":{"line":40,"column":63},"end":{"line":40,"column":150}}},"fnMap":{"0":{"name":"HeroStats","decl":{"start":{"line":4,"column":24},"end":{"line":4,"column":36}},"loc":{"start":{"line":4,"column":36},"end":{"line":58,"column":null}},"line":4},"1":{"name":"(anonymous_1)","decl":{"start":{"line":10,"column":2},"end":{"line":10,"column":18}},"loc":{"start":{"line":10,"column":18},"end":{"line":29,"column":7}},"line":10},"2":{"name":"(anonymous_2)","decl":{"start":{"line":14,"column":10},"end":{"line":14,"column":26}},"loc":{"start":{"line":14,"column":42},"end":{"line":24,"column":null}},"line":14},"3":{"name":"(anonymous_3)","decl":{"start":{"line":39,"column":48},"end":{"line":39,"column":63}},"loc":{"start":{"line":39,"column":63},"end":{"line":39,"column":92}},"line":39},"4":{"name":"(anonymous_4)","decl":{"start":{"line":40,"column":48},"end":{"line":40,"column":63}},"loc":{"start":{"line":40,"column":63},"end":{"line":40,"column":150}},"line":40}},"branchMap":{"0":{"loc":{"start":{"line":17,"column":19},"end":{"line":17,"column":71}},"type":"cond-expr","locations":[{"start":{"line":17,"column":36},"end":{"line":17,"column":40}},{"start":{"line":17,"column":40},"end":{"line":17,"column":71}}],"line":17},"1":{"loc":{"start":{"line":23,"column":6},"end":{"line":24,"column":null}},"type":"if","locations":[{"start":{"line":23,"column":6},"end":{"line":24,"column":null}},{"start":{},"end":{}}],"line":23}},"s":{"0":2,"1":2,"2":2,"3":2,"4":2,"5":1,"6":1,"7":1,"8":94,"9":94,"10":94,"11":94,"12":94,"13":94,"14":94,"15":93,"16":1,"17":2,"18":0,"19":0},"f":{"0":2,"1":1,"2":94,"3":0,"4":0},"b":{"0":[1,93],"1":[93,1]},"meta":{"lastBranch":2,"lastFunction":5,"lastStatement":20,"seen":{"f:4:24:4:36":0,"s:5:8:5:32":0,"s:6:22:6:51":1,"s:7:26:7:59":2,"s:8:23:8:53":3,"s:10:2:29:Infinity":4,"f:10:2:10:18":1,"s:11:21:11:Infinity":5,"s:12:18:12:35":6,"s:14:10:24:Infinity":7,"f:14:10:14:26":2,"s:15:22:15:Infinity":8,"s:16:23:16:54":9,"s:17:19:17:71":10,"b:17:36:17:40:17:40:17:71":0,"s:19:6:19:Infinity":11,"s:20:6:20:Infinity":12,"s:21:6:21:Infinity":13,"b:23:6:24:Infinity:undefined:undefined:undefined:undefined":1,"s:23:6:24:Infinity":14,"s:24:8:24:Infinity":15,"s:28:4:28:Infinity":16,"s:31:2:58:Infinity":17,"f:39:48:39:63":3,"s:39:63:39:92":18,"f:40:48:40:63":4,"s:40:63:40:150":19},"fnNames":{}}}
,"D:\\Duy\\ielts-app\\frontend\\src\\components\\ielts40\\CurriculumSection.jsx": {"path":"D:\\Duy\\ielts-app\\frontend\\src\\components\\ielts40\\CurriculumSection.jsx","statementMap":{"0":{"start":{"line":5,"column":22},"end":{"line":5,"column":51}},"1":{"start":{"line":6,"column":18},"end":{"line":6,"column":47}},"2":{"start":{"line":8,"column":8},"end":{"line":9,"column":null}},"3":{"start":{"line":9,"column":4},"end":{"line":9,"column":null}},"4":{"start":{"line":9,"column":27},"end":{"line":9,"column":51}},"5":{"start":{"line":12,"column":2},"end":{"line":53,"column":null}},"6":{"start":{"line":21,"column":10},"end":{"line":46,"column":null}},"7":{"start":{"line":22,"column":58},"end":{"line":22,"column":83}},"8":{"start":{"line":32,"column":22},"end":{"line":36,"column":null}},"9":{"start":{"line":50,"column":53},"end":{"line":50,"column":73}}},"fnMap":{"0":{"name":"CurriculumSection","decl":{"start":{"line":4,"column":24},"end":{"line":4,"column":44}},"loc":{"start":{"line":4,"column":44},"end":{"line":53,"column":null}},"line":4},"1":{"name":"(anonymous_1)","decl":{"start":{"line":8,"column":8},"end":{"line":8,"column":25}},"loc":{"start":{"line":8,"column":32},"end":{"line":9,"column":null}},"line":8},"2":{"name":"(anonymous_2)","decl":{"start":{"line":9,"column":4},"end":{"line":9,"column":19}},"loc":{"start":{"line":9,"column":27},"end":{"line":9,"column":51}},"line":9},"3":{"name":"(anonymous_3)","decl":{"start":{"line":20,"column":65},"end":{"line":20,"column":69}},"loc":{"start":{"line":21,"column":10},"end":{"line":46,"column":null}},"line":21},"4":{"name":"(anonymous_4)","decl":{"start":{"line":22,"column":43},"end":{"line":22,"column":58}},"loc":{"start":{"line":22,"column":58},"end":{"line":22,"column":83}},"line":22},"5":{"name":"(anonymous_5)","decl":{"start":{"line":31,"column":36},"end":{"line":31,"column":40}},"loc":{"start":{"line":32,"column":22},"end":{"line":36,"column":null}},"line":32},"6":{"name":"(anonymous_6)","decl":{"start":{"line":50,"column":38},"end":{"line":50,"column":53}},"loc":{"start":{"line":50,"column":53},"end":{"line":50,"column":73}},"line":50}},"branchMap":{"0":{"loc":{"start":{"line":9,"column":27},"end":{"line":9,"column":51}},"type":"cond-expr","locations":[{"start":{"line":9,"column":41},"end":{"line":9,"column":48}},{"start":{"line":9,"column":48},"end":{"line":9,"column":51}}],"line":9},"1":{"loc":{"start":{"line":20,"column":10},"end":{"line":20,"column":63}},"type":"cond-expr","locations":[{"start":{"line":20,"column":20},"end":{"line":20,"column":37}},{"start":{"line":20,"column":37},"end":{"line":20,"column":63}}],"line":20},"2":{"loc":{"start":{"line":21,"column":58},"end":{"line":21,"column":null}},"type":"cond-expr","locations":[{"start":{"line":21,"column":87},"end":{"line":21,"column":96}},{"start":{"line":21,"column":96},"end":{"line":21,"column":null}}],"line":21},"3":{"loc":{"start":{"line":30,"column":19},"end":{"line":41,"column":null}},"type":"cond-expr","locations":[{"start":{"line":31,"column":20},"end":{"line":36,"column":null}},{"start":{"line":39,"column":20},"end":{"line":41,"column":null}}],"line":30},"4":{"loc":{"start":{"line":30,"column":19},"end":{"line":30,"column":null}},"type":"binary-expr","locations":[{"start":{"line":30,"column":19},"end":{"line":30,"column":38}},{"start":{"line":30,"column":38},"end":{"line":30,"column":null}}],"line":30},"5":{"loc":{"start":{"line":51,"column":9},"end":{"line":51,"column":null}},"type":"cond-expr","locations":[{"start":{"line":51,"column":19},"end":{"line":51,"column":33}},{"start":{"line":51,"column":33},"end":{"line":51,"column":null}}],"line":51}},"s":{"0":6,"1":6,"2":6,"3":1,"4":1,"5":6,"6":47,"7":1,"8":362,"9":2},"f":{"0":6,"1":1,"2":1,"3":47,"4":1,"5":362,"6":2},"b":{"0":[1,0],"1":[1,5],"2":[5,42],"3":[47,0],"4":[47,47],"5":[1,5]},"meta":{"lastBranch":6,"lastFunction":7,"lastStatement":10,"seen":{"f:4:24:4:44":0,"s:5:22:5:51":0,"s:6:18:6:47":1,"s:8:8:9:Infinity":2,"f:8:8:8:25":1,"s:9:4:9:Infinity":3,"f:9:4:9:19":2,"s:9:27:9:51":4,"b:9:41:9:48:9:48:9:51":0,"s:12:2:53:Infinity":5,"b:20:20:20:37:20:37:20:63":1,"f:20:65:20:69":3,"s:21:10:46:Infinity":6,"b:21:87:21:96:21:96:21:Infinity":2,"f:22:43:22:58":4,"s:22:58:22:83":7,"b:31:20:36:Infinity:39:20:41:Infinity":3,"b:30:19:30:38:30:38:30:Infinity":4,"f:31:36:31:40":5,"s:32:22:36:Infinity":8,"f:50:38:50:53":6,"s:50:53:50:73":9,"b:51:19:51:33:51:33:51:Infinity":5},"fnNames":{}}}
,"D:\\Duy\\ielts-app\\frontend\\src\\components\\ielts40\\SidebarOffer.jsx": {"path":"D:\\Duy\\ielts-app\\frontend\\src\\components\\ielts40\\SidebarOffer.jsx","statementMap":{"0":{"start":{"line":4,"column":19},"end":{"line":4,"column":70}},"1":{"start":{"line":6,"column":2},"end":{"line":11,"column":null}},"2":{"start":{"line":7,"column":18},"end":{"line":9,"column":12}},"3":{"start":{"line":8,"column":6},"end":{"line":8,"column":null}},"4":{"start":{"line":8,"column":27},"end":{"line":8,"column":52}},"5":{"start":{"line":10,"column":4},"end":{"line":10,"column":null}},"6":{"start":{"line":10,"column":17},"end":{"line":10,"column":37}},"7":{"start":{"line":13,"column":12},"end":{"line":13,"column":46}},"8":{"start":{"line":14,"column":12},"end":{"line":14,"column":55}},"9":{"start":{"line":15,"column":12},"end":{"line":15,"column":46}},"10":{"start":{"line":16,"column":12},"end":{"line":16,"column":37}},"11":{"start":{"line":18,"column":2},"end":{"line":43,"column":null}}},"fnMap":{"0":{"name":"SidebarOffer","decl":{"start":{"line":3,"column":24},"end":{"line":3,"column":39}},"loc":{"start":{"line":3,"column":39},"end":{"line":43,"column":null}},"line":3},"1":{"name":"(anonymous_1)","decl":{"start":{"line":6,"column":2},"end":{"line":6,"column":18}},"loc":{"start":{"line":6,"column":18},"end":{"line":11,"column":7}},"line":6},"2":{"name":"(anonymous_2)","decl":{"start":{"line":7,"column":18},"end":{"line":7,"column":36}},"loc":{"start":{"line":7,"column":36},"end":{"line":9,"column":12}},"line":7},"3":{"name":"(anonymous_3)","decl":{"start":{"line":8,"column":6},"end":{"line":8,"column":18}},"loc":{"start":{"line":8,"column":27},"end":{"line":8,"column":52}},"line":8},"4":{"name":"(anonymous_4)","decl":{"start":{"line":10,"column":4},"end":{"line":10,"column":17}},"loc":{"start":{"line":10,"column":17},"end":{"line":10,"column":37}},"line":10}},"branchMap":{"0":{"loc":{"start":{"line":8,"column":27},"end":{"line":8,"column":52}},"type":"cond-expr","locations":[{"start":{"line":8,"column":38},"end":{"line":8,"column":49}},{"start":{"line":8,"column":49},"end":{"line":8,"column":52}}],"line":8}},"s":{"0":4,"1":4,"2":3,"3":1,"4":1,"5":3,"6":3,"7":4,"8":4,"9":4,"10":4,"11":4},"f":{"0":4,"1":3,"2":1,"3":1,"4":3},"b":{"0":[1,0]},"meta":{"lastBranch":1,"lastFunction":5,"lastStatement":12,"seen":{"f:3:24:3:39":0,"s:4:19:4:70":0,"s:6:2:11:Infinity":1,"f:6:2:6:18":1,"s:7:18:9:12":2,"f:7:18:7:36":2,"s:8:6:8:Infinity":3,"f:8:6:8:18":3,"s:8:27:8:52":4,"b:8:38:8:49:8:49:8:52":0,"s:10:4:10:Infinity":5,"f:10:4:10:17":4,"s:10:17:10:37":6,"s:13:12:13:46":7,"s:14:12:14:55":8,"s:15:12:15:46":9,"s:16:12:16:37":10,"s:18:2:43:Infinity":11},"fnNames":{}}}
,"D:\\Duy\\ielts-app\\frontend\\src\\data\\ielts40Data.js": {"path":"D:\\Duy\\ielts-app\\frontend\\src\\data\\ielts40Data.js","statementMap":{"0":{"start":{"line":1,"column":30},"end":{"line":258,"column":null}},"1":{"start":{"line":260,"column":28},"end":{"line":283,"column":null}},"2":{"start":{"line":285,"column":29},"end":{"line":321,"column":null}}},"fnMap":{},"branchMap":{},"s":{"0":1,"1":1,"2":1},"f":{},"b":{},"meta":{"lastBranch":0,"lastFunction":0,"lastStatement":3,"seen":{"s:1:30:258:Infinity":0,"s:260:28:283:Infinity":1,"s:285:29:321:Infinity":2},"fnNames":{}}}
,"D:\\Duy\\ielts-app\\frontend\\src\\hooks\\useUnsavedChanges.js": {"path":"D:\\Duy\\ielts-app\\frontend\\src\\hooks\\useUnsavedChanges.js","statementMap":{"0":{"start":{"line":13,"column":2},"end":{"line":21,"column":null}},"1":{"start":{"line":14,"column":10},"end":{"line":17,"column":null}},"2":{"start":{"line":15,"column":6},"end":{"line":15,"column":null}},"3":{"start":{"line":15,"column":20},"end":{"line":15,"column":null}},"4":{"start":{"line":16,"column":6},"end":{"line":16,"column":null}},"5":{"start":{"line":17,"column":6},"end":{"line":17,"column":null}},"6":{"start":{"line":19,"column":4},"end":{"line":19,"column":null}},"7":{"start":{"line":20,"column":4},"end":{"line":20,"column":null}},"8":{"start":{"line":20,"column":17},"end":{"line":20,"column":68}}},"fnMap":{"0":{"name":"useUnsavedChanges","decl":{"start":{"line":11,"column":16},"end":{"line":11,"column":34}},"loc":{"start":{"line":11,"column":43},"end":{"line":21,"column":null}},"line":11},"1":{"name":"(anonymous_1)","decl":{"start":{"line":13,"column":2},"end":{"line":13,"column":18}},"loc":{"start":{"line":13,"column":18},"end":{"line":21,"column":6}},"line":13},"2":{"name":"(anonymous_2)","decl":{"start":{"line":14,"column":10},"end":{"line":14,"column":21}},"loc":{"start":{"line":14,"column":27},"end":{"line":17,"column":null}},"line":14},"3":{"name":"(anonymous_3)","decl":{"start":{"line":20,"column":4},"end":{"line":20,"column":17}},"loc":{"start":{"line":20,"column":17},"end":{"line":20,"column":68}},"line":20}},"branchMap":{"0":{"loc":{"start":{"line":15,"column":6},"end":{"line":15,"column":null}},"type":"if","locations":[{"start":{"line":15,"column":6},"end":{"line":15,"column":null}},{"start":{},"end":{}}],"line":15}},"s":{"0":3,"1":3,"2":2,"3":1,"4":1,"5":1,"6":3,"7":3,"8":3},"f":{"0":3,"1":3,"2":2,"3":3},"b":{"0":[1,1]},"meta":{"lastBranch":1,"lastFunction":4,"lastStatement":9,"seen":{"f:11:16:11:34":0,"s:13:2:21:Infinity":0,"f:13:2:13:18":1,"s:14:10:17:Infinity":1,"f:14:10:14:21":2,"b:15:6:15:Infinity:undefined:undefined:undefined:undefined":0,"s:15:6:15:Infinity":2,"s:15:20:15:Infinity":3,"s:16:6:16:Infinity":4,"s:17:6:17:Infinity":5,"s:19:4:19:Infinity":6,"s:20:4:20:Infinity":7,"f:20:4:20:17":3,"s:20:17:20:68":8},"fnNames":{}}}
,"D:\\Duy\\ielts-app\\frontend\\src\\pages\\WritingExam.jsx": {"path":"D:\\Duy\\ielts-app\\frontend\\src\\pages\\WritingExam.jsx","statementMap":{"0":{"start":{"line":6,"column":29},"end":{"line":6,"column":null}},"1":{"start":{"line":7,"column":20},"end":{"line":7,"column":null}},"2":{"start":{"line":8,"column":6},"end":{"line":8,"column":null}},"3":{"start":{"line":8,"column":18},"end":{"line":8,"column":null}},"4":{"start":{"line":11,"column":2},"end":{"line":11,"column":null}},"5":{"start":{"line":15,"column":2},"end":{"line":15,"column":null}},"6":{"start":{"line":19,"column":2},"end":{"line":19,"column":null}},"7":{"start":{"line":19,"column":14},"end":{"line":19,"column":null}},"8":{"start":{"line":21,"column":14},"end":{"line":21,"column":16}},"9":{"start":{"line":22,"column":2},"end":{"line":29,"column":null}},"10":{"start":{"line":23,"column":4},"end":{"line":23,"column":null}},"11":{"start":{"line":23,"column":49},"end":{"line":23,"column":57}},"12":{"start":{"line":24,"column":13},"end":{"line":29,"column":null}},"13":{"start":{"line":25,"column":4},"end":{"line":25,"column":null}},"14":{"start":{"line":25,"column":30},"end":{"line":25,"column":83}},"15":{"start":{"line":26,"column":13},"end":{"line":29,"column":null}},"16":{"start":{"line":27,"column":4},"end":{"line":27,"column":null}},"17":{"start":{"line":27,"column":44},"end":{"line":27,"column":94}},"18":{"start":{"line":29,"column":4},"end":{"line":29,"column":null}},"19":{"start":{"line":32,"column":2},"end":{"line":32,"column":null}},"20":{"start":{"line":32,"column":26},"end":{"line":32,"column":null}},"21":{"start":{"line":34,"column":2},"end":{"line":35,"column":null}},"22":{"start":{"line":35,"column":4},"end":{"line":35,"column":null}},"23":{"start":{"line":37,"column":2},"end":{"line":45,"column":null}},"24":{"start":{"line":40,"column":8},"end":{"line":43,"column":null}},"25":{"start":{"line":49,"column":24},"end":{"line":54,"column":null}},"26":{"start":{"line":57,"column":8},"end":{"line":57,"column":88}},"27":{"start":{"line":57,"column":41},"end":{"line":57,"column":78}},"28":{"start":{"line":57,"column":65},"end":{"line":57,"column":78}},"29":{"start":{"line":58,"column":2},"end":{"line":61,"column":null}},"30":{"start":{"line":59,"column":4},"end":{"line":59,"column":null}},"31":{"start":{"line":60,"column":4},"end":{"line":60,"column":null}},"32":{"start":{"line":60,"column":17},"end":{"line":60,"column":67}},"33":{"start":{"line":63,"column":2},"end":{"line":77,"column":null}},"34":{"start":{"line":75,"column":22},"end":{"line":75,"column":41}},"35":{"start":{"line":83,"column":10},"end":{"line":83,"column":28}},"36":{"start":{"line":84,"column":8},"end":{"line":84,"column":32}},"37":{"start":{"line":85,"column":15},"end":{"line":85,"column":40}},"38":{"start":{"line":86,"column":18},"end":{"line":86,"column":46}},"39":{"start":{"line":87,"column":16},"end":{"line":87,"column":45}},"40":{"start":{"line":88,"column":21},"end":{"line":88,"column":49}},"41":{"start":{"line":89,"column":17},"end":{"line":89,"column":42}},"42":{"start":{"line":90,"column":18},"end":{"line":90,"column":44}},"43":{"start":{"line":91,"column":21},"end":{"line":91,"column":53}},"44":{"start":{"line":92,"column":22},"end":{"line":92,"column":54}},"45":{"start":{"line":93,"column":23},"end":{"line":93,"column":56}},"46":{"start":{"line":94,"column":19},"end":{"line":94,"column":64}},"47":{"start":{"line":95,"column":19},"end":{"line":95,"column":48}},"48":{"start":{"line":96,"column":26},"end":{"line":96,"column":63}},"49":{"start":{"line":97,"column":25},"end":{"line":97,"column":60}},"50":{"start":{"line":98,"column":8},"end":{"line":98,"column":35}},"51":{"start":{"line":100,"column":2},"end":{"line":104,"column":null}},"52":{"start":{"line":101,"column":4},"end":{"line":102,"column":null}},"53":{"start":{"line":102,"column":6},"end":{"line":102,"column":null}},"54":{"start":{"line":102,"column":32},"end":{"line":102,"column":null}},"55":{"start":{"line":106,"column":2},"end":{"line":116,"column":null}},"56":{"start":{"line":107,"column":4},"end":{"line":107,"column":null}},"57":{"start":{"line":109,"column":4},"end":{"line":114,"column":null}},"58":{"start":{"line":111,"column":21},"end":{"line":111,"column":52}},"59":{"start":{"line":112,"column":8},"end":{"line":112,"column":null}},"60":{"start":{"line":112,"column":38},"end":{"line":112,"column":null}},"61":{"start":{"line":115,"column":4},"end":{"line":115,"column":null}},"62":{"start":{"line":115,"column":36},"end":{"line":115,"column":49}},"63":{"start":{"line":115,"column":63},"end":{"line":115,"column":104}},"64":{"start":{"line":115,"column":120},"end":{"line":115,"column":137}},"65":{"start":{"line":118,"column":2},"end":{"line":126,"column":null}},"66":{"start":{"line":119,"column":4},"end":{"line":119,"column":null}},"67":{"start":{"line":119,"column":15},"end":{"line":119,"column":null}},"68":{"start":{"line":120,"column":25},"end":{"line":120,"column":68}},"69":{"start":{"line":120,"column":54},"end":{"line":120,"column":68}},"70":{"start":{"line":121,"column":4},"end":{"line":124,"column":null}},"71":{"start":{"line":122,"column":6},"end":{"line":124,"column":null}},"72":{"start":{"line":123,"column":24},"end":{"line":123,"column":71}},"73":{"start":{"line":123,"column":45},"end":{"line":123,"column":71}},"74":{"start":{"line":128,"column":8},"end":{"line":132,"column":null}},"75":{"start":{"line":129,"column":4},"end":{"line":132,"column":null}},"76":{"start":{"line":130,"column":6},"end":{"line":130,"column":null}},"77":{"start":{"line":132,"column":6},"end":{"line":132,"column":null}},"78":{"start":{"line":136,"column":2},"end":{"line":141,"column":null}},"79":{"start":{"line":137,"column":4},"end":{"line":137,"column":null}},"80":{"start":{"line":137,"column":26},"end":{"line":137,"column":null}},"81":{"start":{"line":138,"column":4},"end":{"line":138,"column":null}},"82":{"start":{"line":138,"column":23},"end":{"line":138,"column":null}},"83":{"start":{"line":139,"column":14},"end":{"line":139,"column":62}},"84":{"start":{"line":139,"column":32},"end":{"line":139,"column":55}},"85":{"start":{"line":139,"column":49},"end":{"line":139,"column":55}},"86":{"start":{"line":140,"column":4},"end":{"line":140,"column":null}},"87":{"start":{"line":140,"column":17},"end":{"line":140,"column":33}},"88":{"start":{"line":143,"column":2},"end":{"line":148,"column":null}},"89":{"start":{"line":144,"column":4},"end":{"line":144,"column":null}},"90":{"start":{"line":144,"column":26},"end":{"line":144,"column":null}},"91":{"start":{"line":145,"column":10},"end":{"line":145,"column":null}},"92":{"start":{"line":145,"column":29},"end":{"line":145,"column":null}},"93":{"start":{"line":145,"column":53},"end":{"line":145,"column":null}},"94":{"start":{"line":146,"column":4},"end":{"line":146,"column":null}},"95":{"start":{"line":147,"column":4},"end":{"line":147,"column":null}},"96":{"start":{"line":147,"column":17},"end":{"line":147,"column":63}},"97":{"start":{"line":150,"column":8},"end":{"line":150,"column":79}},"98":{"start":{"line":150,"column":37},"end":{"line":150,"column":79}},"99":{"start":{"line":150,"column":53},"end":{"line":150,"column":79}},"100":{"start":{"line":152,"column":21},"end":{"line":178,"column":null}},"101":{"start":{"line":153,"column":4},"end":{"line":157,"column":null}},"102":{"start":{"line":154,"column":6},"end":{"line":154,"column":null}},"103":{"start":{"line":155,"column":6},"end":{"line":155,"column":null}},"104":{"start":{"line":156,"column":6},"end":{"line":156,"column":null}},"105":{"start":{"line":157,"column":6},"end":{"line":157,"column":null}},"106":{"start":{"line":160,"column":4},"end":{"line":178,"column":null}},"107":{"start":{"line":161,"column":18},"end":{"line":161,"column":50}},"108":{"start":{"line":162,"column":6},"end":{"line":173,"column":null}},"109":{"start":{"line":163,"column":8},"end":{"line":163,"column":null}},"110":{"start":{"line":163,"column":28},"end":{"line":163,"column":57}},"111":{"start":{"line":164,"column":8},"end":{"line":164,"column":null}},"112":{"start":{"line":165,"column":8},"end":{"line":165,"column":null}},"113":{"start":{"line":166,"column":8},"end":{"line":166,"column":null}},"114":{"start":{"line":167,"column":17},"end":{"line":173,"column":null}},"115":{"start":{"line":168,"column":8},"end":{"line":168,"column":null}},"116":{"start":{"line":169,"column":8},"end":{"line":169,"column":null}},"117":{"start":{"line":170,"column":8},"end":{"line":170,"column":null}},"118":{"start":{"line":173,"column":8},"end":{"line":173,"column":null}},"119":{"start":{"line":173,"column":48},"end":{"line":173,"column":89}},"120":{"start":{"line":176,"column":6},"end":{"line":176,"column":null}},"121":{"start":{"line":177,"column":6},"end":{"line":177,"column":null}},"122":{"start":{"line":178,"column":6},"end":{"line":178,"column":null}},"123":{"start":{"line":182,"column":21},"end":{"line":200,"column":null}},"124":{"start":{"line":183,"column":18},"end":{"line":183,"column":null}},"125":{"start":{"line":184,"column":4},"end":{"line":184,"column":null}},"126":{"start":{"line":184,"column":26},"end":{"line":184,"column":64}},"127":{"start":{"line":184,"column":64},"end":{"line":184,"column":null}},"128":{"start":{"line":185,"column":4},"end":{"line":185,"column":null}},"129":{"start":{"line":186,"column":4},"end":{"line":186,"column":null}},"130":{"start":{"line":187,"column":4},"end":{"line":187,"column":null}},"131":{"start":{"line":188,"column":4},"end":{"line":200,"column":null}},"132":{"start":{"line":189,"column":16},"end":{"line":189,"column":59}},"133":{"start":{"line":190,"column":6},"end":{"line":195,"column":null}},"134":{"start":{"line":191,"column":8},"end":{"line":191,"column":null}},"135":{"start":{"line":193,"column":8},"end":{"line":193,"column":null}},"136":{"start":{"line":193,"column":28},"end":{"line":193,"column":55}},"137":{"start":{"line":194,"column":8},"end":{"line":194,"column":null}},"138":{"start":{"line":195,"column":8},"end":{"line":195,"column":null}},"139":{"start":{"line":198,"column":6},"end":{"line":198,"column":null}},"140":{"start":{"line":199,"column":6},"end":{"line":199,"column":null}},"141":{"start":{"line":200,"column":6},"end":{"line":200,"column":null}},"142":{"start":{"line":204,"column":2},"end":{"line":204,"column":null}},"143":{"start":{"line":204,"column":15},"end":{"line":204,"column":null}},"144":{"start":{"line":205,"column":2},"end":{"line":205,"column":null}},"145":{"start":{"line":205,"column":13},"end":{"line":205,"column":null}},"146":{"start":{"line":207,"column":18},"end":{"line":207,"column":61}},"147":{"start":{"line":207,"column":47},"end":{"line":207,"column":61}},"148":{"start":{"line":210,"column":2},"end":{"line":233,"column":null}},"149":{"start":{"line":210,"column":25},"end":{"line":233,"column":null}},"150":{"start":{"line":226,"column":31},"end":{"line":226,"column":47}},"151":{"start":{"line":237,"column":2},"end":{"line":330,"column":null}},"152":{"start":{"line":238,"column":23},"end":{"line":238,"column":96}},"153":{"start":{"line":238,"column":50},"end":{"line":238,"column":73}},"154":{"start":{"line":238,"column":86},"end":{"line":238,"column":96}},"155":{"start":{"line":239,"column":16},"end":{"line":239,"column":null}},"156":{"start":{"line":239,"column":68},"end":{"line":239,"column":75}},"157":{"start":{"line":240,"column":24},"end":{"line":240,"column":null}},"158":{"start":{"line":241,"column":4},"end":{"line":330,"column":null}},"159":{"start":{"line":261,"column":44},"end":{"line":261,"column":90}},"160":{"start":{"line":267,"column":24},"end":{"line":267,"column":null}},"161":{"start":{"line":268,"column":14},"end":{"line":268,"column":null}},"162":{"start":{"line":268,"column":22},"end":{"line":268,"column":null}},"163":{"start":{"line":269,"column":14},"end":{"line":308,"column":null}},"164":{"start":{"line":287,"column":22},"end":{"line":293,"column":null}},"165":{"start":{"line":316,"column":33},"end":{"line":316,"column":178}},"166":{"start":{"line":323,"column":31},"end":{"line":323,"column":51}},"167":{"start":{"line":336,"column":15},"end":{"line":336,"column":null}},"168":{"start":{"line":337,"column":20},"end":{"line":337,"column":null}},"169":{"start":{"line":338,"column":16},"end":{"line":338,"column":29}},"170":{"start":{"line":339,"column":19},"end":{"line":339,"column":null}},"171":{"start":{"line":340,"column":19},"end":{"line":340,"column":null}},"172":{"start":{"line":342,"column":2},"end":{"line":468,"column":null}},"173":{"start":{"line":347,"column":59},"end":{"line":347,"column":83}},"174":{"start":{"line":360,"column":10},"end":{"line":364,"column":null}},"175":{"start":{"line":360,"column":44},"end":{"line":360,"column":60}},"176":{"start":{"line":378,"column":29},"end":{"line":378,"column":65}},"177":{"start":{"line":388,"column":68},"end":{"line":388,"column":89}},"178":{"start":{"line":404,"column":39},"end":{"line":404,"column":68}},"179":{"start":{"line":421,"column":35},"end":{"line":421,"column":51}},"180":{"start":{"line":439,"column":33},"end":{"line":439,"column":null}},"181":{"start":{"line":443,"column":31},"end":{"line":443,"column":47}},"182":{"start":{"line":455,"column":194},"end":{"line":455,"column":219}},"183":{"start":{"line":456,"column":119},"end":{"line":456,"column":138}},"184":{"start":{"line":460,"column":37},"end":{"line":460,"column":62}}},"fnMap":{"0":{"name":"(anonymous_0)","decl":{"start":{"line":8,"column":6},"end":{"line":8,"column":18}},"loc":{"start":{"line":8,"column":18},"end":{"line":8,"column":null}},"line":8},"1":{"name":"fmt","decl":{"start":{"line":10,"column":9},"end":{"line":10,"column":13}},"loc":{"start":{"line":10,"column":16},"end":{"line":11,"column":null}},"line":10},"2":{"name":"wc","decl":{"start":{"line":14,"column":9},"end":{"line":14,"column":12}},"loc":{"start":{"line":14,"column":18},"end":{"line":15,"column":null}},"line":14},"3":{"name":"renderFeedbackList","decl":{"start":{"line":18,"column":16},"end":{"line":18,"column":35}},"loc":{"start":{"line":18,"column":80},"end":{"line":45,"column":null}},"line":18},"4":{"name":"(anonymous_4)","decl":{"start":{"line":23,"column":40},"end":{"line":23,"column":44}},"loc":{"start":{"line":23,"column":49},"end":{"line":23,"column":57}},"line":23},"5":{"name":"(anonymous_5)","decl":{"start":{"line":25,"column":18},"end":{"line":25,"column":22}},"loc":{"start":{"line":25,"column":30},"end":{"line":25,"column":83}},"line":25},"6":{"name":"(anonymous_6)","decl":{"start":{"line":27,"column":33},"end":{"line":27,"column":37}},"loc":{"start":{"line":27,"column":44},"end":{"line":27,"column":94}},"line":27},"7":{"name":"(anonymous_7)","decl":{"start":{"line":39,"column":13},"end":{"line":39,"column":18}},"loc":{"start":{"line":40,"column":8},"end":{"line":43,"column":null}},"line":40},"8":{"name":"ImageLightbox","decl":{"start":{"line":56,"column":9},"end":{"line":56,"column":23}},"loc":{"start":{"line":56,"column":41},"end":{"line":77,"column":null}},"line":56},"9":{"name":"(anonymous_9)","decl":{"start":{"line":57,"column":20},"end":{"line":57,"column":33}},"loc":{"start":{"line":57,"column":39},"end":{"line":57,"column":79}},"line":57},"10":{"name":"(anonymous_10)","decl":{"start":{"line":58,"column":2},"end":{"line":58,"column":18}},"loc":{"start":{"line":58,"column":18},"end":{"line":61,"column":6}},"line":58},"11":{"name":"(anonymous_11)","decl":{"start":{"line":60,"column":4},"end":{"line":60,"column":17}},"loc":{"start":{"line":60,"column":17},"end":{"line":60,"column":67}},"line":60},"12":{"name":"(anonymous_12)","decl":{"start":{"line":75,"column":8},"end":{"line":75,"column":17}},"loc":{"start":{"line":75,"column":22},"end":{"line":75,"column":41}},"line":75},"13":{"name":"WritingExam","decl":{"start":{"line":82,"column":24},"end":{"line":82,"column":38}},"loc":{"start":{"line":82,"column":38},"end":{"line":468,"column":null}},"line":82},"14":{"name":"(anonymous_14)","decl":{"start":{"line":100,"column":2},"end":{"line":100,"column":18}},"loc":{"start":{"line":100,"column":18},"end":{"line":104,"column":7}},"line":100},"15":{"name":"(anonymous_15)","decl":{"start":{"line":101,"column":4},"end":{"line":101,"column":17}},"loc":{"start":{"line":101,"column":17},"end":{"line":102,"column":null}},"line":101},"16":{"name":"(anonymous_16)","decl":{"start":{"line":106,"column":2},"end":{"line":106,"column":18}},"loc":{"start":{"line":106,"column":18},"end":{"line":116,"column":6}},"line":106},"17":{"name":"(anonymous_17)","decl":{"start":{"line":110,"column":7},"end":{"line":110,"column":12}},"loc":{"start":{"line":110,"column":24},"end":{"line":113,"column":null}},"line":110},"18":{"name":"(anonymous_18)","decl":{"start":{"line":114,"column":7},"end":{"line":114,"column":19}},"loc":{"start":{"line":114,"column":19},"end":{"line":114,"column":22}},"line":114},"19":{"name":"(anonymous_19)","decl":{"start":{"line":115,"column":23},"end":{"line":115,"column":28}},"loc":{"start":{"line":115,"column":36},"end":{"line":115,"column":49}},"line":115},"20":{"name":"(anonymous_20)","decl":{"start":{"line":115,"column":51},"end":{"line":115,"column":63}},"loc":{"start":{"line":115,"column":63},"end":{"line":115,"column":104}},"line":115},"21":{"name":"(anonymous_21)","decl":{"start":{"line":115,"column":106},"end":{"line":115,"column":120}},"loc":{"start":{"line":115,"column":120},"end":{"line":115,"column":137}},"line":115},"22":{"name":"(anonymous_22)","decl":{"start":{"line":118,"column":2},"end":{"line":118,"column":18}},"loc":{"start":{"line":118,"column":18},"end":{"line":126,"column":6}},"line":118},"23":{"name":"(anonymous_23)","decl":{"start":{"line":120,"column":43},"end":{"line":120,"column":49}},"loc":{"start":{"line":120,"column":54},"end":{"line":120,"column":68}},"line":120},"24":{"name":"(anonymous_24)","decl":{"start":{"line":123,"column":9},"end":{"line":123,"column":14}},"loc":{"start":{"line":123,"column":22},"end":{"line":123,"column":null}},"line":123},"25":{"name":"(anonymous_25)","decl":{"start":{"line":124,"column":9},"end":{"line":124,"column":21}},"loc":{"start":{"line":124,"column":21},"end":{"line":124,"column":24}},"line":124},"26":{"name":"(anonymous_26)","decl":{"start":{"line":128,"column":8},"end":{"line":128,"column":27}},"loc":{"start":{"line":128,"column":27},"end":{"line":132,"column":null}},"line":128},"27":{"name":"(anonymous_27)","decl":{"start":{"line":136,"column":2},"end":{"line":136,"column":18}},"loc":{"start":{"line":136,"column":18},"end":{"line":141,"column":6}},"line":136},"28":{"name":"(anonymous_28)","decl":{"start":{"line":139,"column":14},"end":{"line":139,"column":32}},"loc":{"start":{"line":139,"column":32},"end":{"line":139,"column":55}},"line":139},"29":{"name":"(anonymous_29)","decl":{"start":{"line":139,"column":32},"end":{"line":139,"column":44}},"loc":{"start":{"line":139,"column":49},"end":{"line":139,"column":55}},"line":139},"30":{"name":"(anonymous_30)","decl":{"start":{"line":140,"column":4},"end":{"line":140,"column":17}},"loc":{"start":{"line":140,"column":17},"end":{"line":140,"column":33}},"line":140},"31":{"name":"(anonymous_31)","decl":{"start":{"line":143,"column":2},"end":{"line":143,"column":18}},"loc":{"start":{"line":143,"column":18},"end":{"line":148,"column":6}},"line":143},"32":{"name":"(anonymous_32)","decl":{"start":{"line":145,"column":10},"end":{"line":145,"column":21}},"loc":{"start":{"line":145,"column":27},"end":{"line":145,"column":null}},"line":145},"33":{"name":"(anonymous_33)","decl":{"start":{"line":147,"column":4},"end":{"line":147,"column":17}},"loc":{"start":{"line":147,"column":17},"end":{"line":147,"column":63}},"line":147},"34":{"name":"(anonymous_34)","decl":{"start":{"line":150,"column":8},"end":{"line":150,"column":20}},"loc":{"start":{"line":150,"column":37},"end":{"line":150,"column":79}},"line":150},"35":{"name":"(anonymous_35)","decl":{"start":{"line":150,"column":37},"end":{"line":150,"column":47}},"loc":{"start":{"line":150,"column":53},"end":{"line":150,"column":79}},"line":150},"36":{"name":"(anonymous_36)","decl":{"start":{"line":152,"column":21},"end":{"line":152,"column":28}},"loc":{"start":{"line":152,"column":62},"end":{"line":178,"column":null}},"line":152},"37":{"name":"(anonymous_37)","decl":{"start":{"line":163,"column":8},"end":{"line":163,"column":19}},"loc":{"start":{"line":163,"column":28},"end":{"line":163,"column":57}},"line":163},"38":{"name":"(anonymous_38)","decl":{"start":{"line":173,"column":31},"end":{"line":173,"column":48}},"loc":{"start":{"line":173,"column":48},"end":{"line":173,"column":89}},"line":173},"39":{"name":"(anonymous_39)","decl":{"start":{"line":182,"column":21},"end":{"line":182,"column":28}},"loc":{"start":{"line":182,"column":37},"end":{"line":200,"column":null}},"line":182},"40":{"name":"(anonymous_40)","decl":{"start":{"line":193,"column":8},"end":{"line":193,"column":19}},"loc":{"start":{"line":193,"column":28},"end":{"line":193,"column":55}},"line":193},"41":{"name":"(anonymous_41)","decl":{"start":{"line":207,"column":36},"end":{"line":207,"column":42}},"loc":{"start":{"line":207,"column":47},"end":{"line":207,"column":61}},"line":207},"42":{"name":"(anonymous_42)","decl":{"start":{"line":226,"column":16},"end":{"line":226,"column":31}},"loc":{"start":{"line":226,"column":31},"end":{"line":226,"column":47}},"line":226},"43":{"name":"(anonymous_43)","decl":{"start":{"line":238,"column":41},"end":{"line":238,"column":45}},"loc":{"start":{"line":238,"column":50},"end":{"line":238,"column":73}},"line":238},"44":{"name":"(anonymous_44)","decl":{"start":{"line":238,"column":74},"end":{"line":238,"column":81}},"loc":{"start":{"line":238,"column":86},"end":{"line":238,"column":96}},"line":238},"45":{"name":"(anonymous_45)","decl":{"start":{"line":239,"column":51},"end":{"line":239,"column":59}},"loc":{"start":{"line":239,"column":68},"end":{"line":239,"column":75}},"line":239},"46":{"name":"(anonymous_46)","decl":{"start":{"line":261,"column":35},"end":{"line":261,"column":39}},"loc":{"start":{"line":261,"column":44},"end":{"line":261,"column":90}},"line":261},"47":{"name":"(anonymous_47)","decl":{"start":{"line":266,"column":31},"end":{"line":266,"column":35}},"loc":{"start":{"line":266,"column":43},"end":{"line":310,"column":null}},"line":266},"48":{"name":"(anonymous_48)","decl":{"start":{"line":286,"column":53},"end":{"line":286,"column":58}},"loc":{"start":{"line":287,"column":22},"end":{"line":293,"column":null}},"line":287},"49":{"name":"(anonymous_49)","decl":{"start":{"line":316,"column":18},"end":{"line":316,"column":33}},"loc":{"start":{"line":316,"column":33},"end":{"line":316,"column":178}},"line":316},"50":{"name":"(anonymous_50)","decl":{"start":{"line":323,"column":16},"end":{"line":323,"column":31}},"loc":{"start":{"line":323
[...]
d":{"line":23,"column":34}},"loc":{"start":{"line":23,"column":46},"end":{"line":23,"column":105}},"line":23},"23":{"name":"(anonymous_23)","decl":{"start":{"line":23,"column":88},"end":{"line":23,"column":93}},"loc":{"start":{"line":23,"column":98},"end":{"line":23,"column":105}},"line":23},"24":{"name":"(anonymous_24)","decl":{"start":{"line":24,"column":13},"end":{"line":24,"column":36}},"loc":{"start":{"line":24,"column":48},"end":{"line":24,"column":109}},"line":24},"25":{"name":"(anonymous_25)","decl":{"start":{"line":24,"column":92},"end":{"line":24,"column":97}},"loc":{"start":{"line":24,"column":102},"end":{"line":24,"column":109}},"line":24},"26":{"name":"(anonymous_26)","decl":{"start":{"line":25,"column":13},"end":{"line":25,"column":34}},"loc":{"start":{"line":25,"column":46},"end":{"line":25,"column":105}},"line":25},"27":{"name":"(anonymous_27)","decl":{"start":{"line":25,"column":88},"end":{"line":25,"column":93}},"loc":{"start":{"line":25,"column":98},"end":{"line":25,"column":105}},"line":25},"28":{"name":"(anonymous_28)","decl":{"start":{"line":26,"column":13},"end":{"line":26,"column":35}},"loc":{"start":{"line":26,"column":47},"end":{"line":26,"column":107}},"line":26},"29":{"name":"(anonymous_29)","decl":{"start":{"line":26,"column":90},"end":{"line":26,"column":95}},"loc":{"start":{"line":26,"column":100},"end":{"line":26,"column":107}},"line":26},"30":{"name":"(anonymous_30)","decl":{"start":{"line":27,"column":13},"end":{"line":27,"column":27}},"loc":{"start":{"line":27,"column":43},"end":{"line":27,"column":99}},"line":27},"31":{"name":"(anonymous_31)","decl":{"start":{"line":27,"column":82},"end":{"line":27,"column":87}},"loc":{"start":{"line":27,"column":92},"end":{"line":27,"column":99}},"line":27},"32":{"name":"(anonymous_32)","decl":{"start":{"line":28,"column":13},"end":{"line":28,"column":27}},"loc":{"start":{"line":28,"column":34},"end":{"line":28,"column":84}},"line":28},"33":{"name":"(anonymous_33)","decl":{"start":{"line":28,"column":67},"end":{"line":28,"column":72}},"loc":{"start":{"line":28,"column":77},"end":{"line":28,"column":84}},"line":28},"34":{"name":"(anonymous_34)","decl":{"start":{"line":31,"column":13},"end":{"line":31,"column":28}},"loc":{"start":{"line":32,"column":2},"end":{"line":32,"column":117}},"line":32},"35":{"name":"(anonymous_35)","decl":{"start":{"line":32,"column":100},"end":{"line":32,"column":105}},"loc":{"start":{"line":32,"column":110},"end":{"line":32,"column":117}},"line":32},"36":{"name":"(anonymous_36)","decl":{"start":{"line":33,"column":13},"end":{"line":33,"column":28}},"loc":{"start":{"line":34,"column":2},"end":{"line":34,"column":117}},"line":34},"37":{"name":"(anonymous_37)","decl":{"start":{"line":34,"column":100},"end":{"line":34,"column":105}},"loc":{"start":{"line":34,"column":110},"end":{"line":34,"column":117}},"line":34},"38":{"name":"(anonymous_38)","decl":{"start":{"line":35,"column":13},"end":{"line":35,"column":32}},"loc":{"start":{"line":36,"column":2},"end":{"line":36,"column":63}},"line":36},"39":{"name":"(anonymous_39)","decl":{"start":{"line":36,"column":46},"end":{"line":36,"column":51}},"loc":{"start":{"line":36,"column":56},"end":{"line":36,"column":63}},"line":36},"40":{"name":"(anonymous_40)","decl":{"start":{"line":39,"column":13},"end":{"line":39,"column":35}},"loc":{"start":{"line":40,"column":2},"end":{"line":43,"column":22}},"line":40},"41":{"name":"(anonymous_41)","decl":{"start":{"line":43,"column":5},"end":{"line":43,"column":10}},"loc":{"start":{"line":43,"column":15},"end":{"line":43,"column":22}},"line":43},"42":{"name":"(anonymous_42)","decl":{"start":{"line":44,"column":13},"end":{"line":44,"column":40}},"loc":{"start":{"line":45,"column":2},"end":{"line":45,"column":70}},"line":45},"43":{"name":"(anonymous_43)","decl":{"start":{"line":45,"column":53},"end":{"line":45,"column":58}},"loc":{"start":{"line":45,"column":63},"end":{"line":45,"column":70}},"line":45},"44":{"name":"(anonymous_44)","decl":{"start":{"line":48,"column":13},"end":{"line":48,"column":37}},"loc":{"start":{"line":48,"column":37},"end":{"line":48,"column":80}},"line":48},"45":{"name":"(anonymous_45)","decl":{"start":{"line":48,"column":63},"end":{"line":48,"column":68}},"loc":{"start":{"line":48,"column":73},"end":{"line":48,"column":80}},"line":48},"46":{"name":"(anonymous_46)","decl":{"start":{"line":49,"column":13},"end":{"line":49,"column":39}},"loc":{"start":{"line":49,"column":39},"end":{"line":49,"column":84}},"line":49},"47":{"name":"(anonymous_47)","decl":{"start":{"line":49,"column":67},"end":{"line":49,"column":72}},"loc":{"start":{"line":49,"column":77},"end":{"line":49,"column":84}},"line":49},"48":{"name":"(anonymous_48)","decl":{"start":{"line":50,"column":13},"end":{"line":50,"column":37}},"loc":{"start":{"line":50,"column":37},"end":{"line":50,"column":80}},"line":50},"49":{"name":"(anonymous_49)","decl":{"start":{"line":50,"column":63},"end":{"line":50,"column":68}},"loc":{"start":{"line":50,"column":73},"end":{"line":50,"column":80}},"line":50},"50":{"name":"(anonymous_50)","decl":{"start":{"line":51,"column":13},"end":{"line":51,"column":38}},"loc":{"start":{"line":51,"column":38},"end":{"line":51,"column":82}},"line":51},"51":{"name":"(anonymous_51)","decl":{"start":{"line":51,"column":65},"end":{"line":51,"column":70}},"loc":{"start":{"line":51,"column":75},"end":{"line":51,"column":82}},"line":51},"52":{"name":"(anonymous_52)","decl":{"start":{"line":53,"column":13},"end":{"line":53,"column":31}},"loc":{"start":{"line":53,"column":38},"end":{"line":53,"column":87}},"line":53},"53":{"name":"(anonymous_53)","decl":{"start":{"line":53,"column":70},"end":{"line":53,"column":75}},"loc":{"start":{"line":53,"column":80},"end":{"line":53,"column":87}},"line":53},"54":{"name":"(anonymous_54)","decl":{"start":{"line":54,"column":13},"end":{"line":54,"column":33}},"loc":{"start":{"line":54,"column":40},"end":{"line":54,"column":91}},"line":54},"55":{"name":"(anonymous_55)","decl":{"start":{"line":54,"column":74},"end":{"line":54,"column":79}},"loc":{"start":{"line":54,"column":84},"end":{"line":54,"column":91}},"line":54},"56":{"name":"(anonymous_56)","decl":{"start":{"line":55,"column":13},"end":{"line":55,"column":31}},"loc":{"start":{"line":55,"column":38},"end":{"line":55,"column":87}},"line":55},"57":{"name":"(anonymous_57)","decl":{"start":{"line":55,"column":70},"end":{"line":55,"column":75}},"loc":{"start":{"line":55,"column":80},"end":{"line":55,"column":87}},"line":55},"58":{"name":"(anonymous_58)","decl":{"start":{"line":56,"column":13},"end":{"line":56,"column":32}},"loc":{"start":{"line":56,"column":39},"end":{"line":56,"column":89}},"line":56},"59":{"name":"(anonymous_59)","decl":{"start":{"line":56,"column":72},"end":{"line":56,"column":77}},"loc":{"start":{"line":56,"column":82},"end":{"line":56,"column":89}},"line":56},"60":{"name":"(anonymous_60)","decl":{"start":{"line":58,"column":13},"end":{"line":58,"column":34}},"loc":{"start":{"line":58,"column":50},"end":{"line":58,"column":120}},"line":58},"61":{"name":"(anonymous_61)","decl":{"start":{"line":58,"column":103},"end":{"line":58,"column":108}},"loc":{"start":{"line":58,"column":113},"end":{"line":58,"column":120}},"line":58},"62":{"name":"(anonymous_62)","decl":{"start":{"line":59,"column":13},"end":{"line":59,"column":36}},"loc":{"start":{"line":59,"column":52},"end":{"line":59,"column":124}},"line":59},"63":{"name":"(anonymous_63)","decl":{"start":{"line":59,"column":107},"end":{"line":59,"column":112}},"loc":{"start":{"line":59,"column":117},"end":{"line":59,"column":124}},"line":59},"64":{"name":"(anonymous_64)","decl":{"start":{"line":60,"column":13},"end":{"line":60,"column":34}},"loc":{"start":{"line":60,"column":56},"end":{"line":60,"column":132}},"line":60},"65":{"name":"(anonymous_65)","decl":{"start":{"line":60,"column":115},"end":{"line":60,"column":120}},"loc":{"start":{"line":60,"column":125},"end":{"line":60,"column":132}},"line":60},"66":{"name":"(anonymous_66)","decl":{"start":{"line":61,"column":13},"end":{"line":61,"column":35}},"loc":{"start":{"line":61,"column":62},"end":{"line":61,"column":144}},"line":61},"67":{"name":"(anonymous_67)","decl":{"start":{"line":61,"column":127},"end":{"line":61,"column":132}},"loc":{"start":{"line":61,"column":137},"end":{"line":61,"column":144}},"line":61},"68":{"name":"(anonymous_68)","decl":{"start":{"line":63,"column":13},"end":{"line":63,"column":33}},"loc":{"start":{"line":63,"column":46},"end":{"line":63,"column":110}},"line":63},"69":{"name":"(anonymous_69)","decl":{"start":{"line":63,"column":93},"end":{"line":63,"column":98}},"loc":{"start":{"line":63,"column":103},"end":{"line":63,"column":110}},"line":63},"70":{"name":"(anonymous_70)","decl":{"start":{"line":64,"column":13},"end":{"line":64,"column":34}},"loc":{"start":{"line":64,"column":47},"end":{"line":64,"column":112}},"line":64},"71":{"name":"(anonymous_71)","decl":{"start":{"line":64,"column":95},"end":{"line":64,"column":100}},"loc":{"start":{"line":64,"column":105},"end":{"line":64,"column":112}},"line":64},"72":{"name":"(anonymous_72)","decl":{"start":{"line":66,"column":13},"end":{"line":66,"column":34}},"loc":{"start":{"line":66,"column":45},"end":{"line":66,"column":108}},"line":66},"73":{"name":"(anonymous_73)","decl":{"start":{"line":66,"column":91},"end":{"line":66,"column":96}},"loc":{"start":{"line":66,"column":101},"end":{"line":66,"column":108}},"line":66},"74":{"name":"(anonymous_74)","decl":{"start":{"line":67,"column":13},"end":{"line":67,"column":34}},"loc":{"start":{"line":68,"column":2},"end":{"line":68,"column":119}},"line":68},"75":{"name":"(anonymous_75)","decl":{"start":{"line":68,"column":102},"end":{"line":68,"column":107}},"loc":{"start":{"line":68,"column":112},"end":{"line":68,"column":119}},"line":68}},"branchMap":{},"s":{"0":1,"1":0,"2":0,"3":1,"4":0,"5":0,"6":1,"7":0,"8":0,"9":1,"10":0,"11":0,"12":1,"13":0,"14":0,"15":1,"16":0,"17":0,"18":1,"19":0,"20":0,"21":1,"22":0,"23":0,"24":1,"25":0,"26":0,"27":1,"28":0,"29":0,"30":1,"31":0,"32":0,"33":1,"34":0,"35":0,"36":1,"37":0,"38":0,"39":1,"40":0,"41":0,"42":1,"43":0,"44":0,"45":1,"46":0,"47":0,"48":1,"49":0,"50":0,"51":1,"52":0,"53":0,"54":1,"55":0,"56":0,"57":1,"58":0,"59":0,"60":1,"61":0,"62":0,"63":1,"64":0,"65":0,"66":1,"67":0,"68":0,"69":1,"70":0,"71":0,"72":1,"73":0,"74":0,"75":1,"76":0,"77":0,"78":1,"79":0,"80":0,"81":1,"82":0,"83":0,"84":1,"85":0,"86":0,"87":1,"88":0,"89":0,"90":1,"91":0,"92":0,"93":1,"94":0,"95":0,"96":1,"97":0,"98":0,"99":1,"100":0,"101":0,"102":1,"103":0,"104":0,"105":1,"106":0,"107":0,"108":1,"109":0,"110":0,"111":1,"112":0,"113":0},"f":{"0":0,"1":0,"2":0,"3":0,"4":0,"5":0,"6":0,"7":0,"8":0,"9":0,"10":0,"11":0,"12":0,"13":0,"14":0,"15":0,"16":0,"17":0,"18":0,"19":0,"20":0,"21":0,"22":0,"23":0,"24":0,"25":0,"26":0,"27":0,"28":0,"29":0,"30":0,"31":0,"32":0,"33":0,"34":0,"35":0,"36":0,"37":0,"38":0,"39":0,"40":0,"41":0,"42":0,"43":0,"44":0,"45":0,"46":0,"47":0,"48":0,"49":0,"50":0,"51":0,"52":0,"53":0,"54":0,"55":0,"56":0,"57":0,"58":0,"59":0,"60":0,"61":0,"62":0,"63":0,"64":0,"65":0,"66":0,"67":0,"68":0,"69":0,"70":0,"71":0,"72":0,"73":0,"74":0,"75":0},"b":{},"meta":{"lastBranch":0,"lastFunction":76,"lastStatement":114,"seen":{"s:4:13:4:82":0,"f:4:13:4:35":0,"s:4:35:4:82":1,"f:4:65:4:70":1,"s:4:75:4:82":2,"s:5:13:5:100":3,"f:5:13:5:33":2,"s:5:42:5:100":4,"f:5:83:5:88":3,"s:5:93:5:100":5,"s:6:13:6:109":6,"f:6:13:6:33":4,"s:6:46:6:109":7,"f:6:92:6:97":5,"s:6:102:6:109":8,"s:7:13:7:96":9,"f:7:13:7:33":6,"s:7:40:7:96":10,"f:7:79:7:84":7,"s:7:89:7:96":11,"s:10:13:10:109":12,"f:10:13:10:31":8,"s:10:44:10:109":13,"f:10:92:10:97":9,"s:10:102:10:109":14,"s:11:13:11:109":15,"f:11:13:11:30":10,"s:11:43:11:109":16,"f:11:92:11:97":11,"s:11:102:11:109":17,"s:12:13:12:140":18,"f:12:13:12:33":12,"s:12:58:12:140":19,"f:12:123:12:128":13,"s:12:133:12:140":20,"s:13:13:14:108":21,"f:13:13:13:39":14,"s:14:2:14:108":22,"f:14:91:14:96":15,"s:14:101:14:108":23,"s:15:13:18:22":24,"f:15:13:15:34":16,"s:16:2:18:22":25,"f:18:5:18:10":17,"s:18:15:18:22":26,"s:21:13:21:71":27,"f:21:13:21:30":18,"s:21:30:21:71":28,"f:21:54:21:59":19,"s:21:64:21:71":29,"s:22:13:22:78":30,"f:22:13:22:24":20,"s:22:31:22:78":31,"f:22:61:22:66":21,"s:22:71:22:78":32,"s:23:13:23:105":33,"f:23:13:23:34":22,"s:23:46:23:105":34,"f:23:88:23:93":23,"s:23:98:23:105":35,"s:24:13:24:109":36,"f:24:13:24:36":24,"s:24:48:24:109":37,"f:24:92:24:97":25,"s:24:102:24:109":38,"s:25:13:25:105":39,"f:25:13:25:34":26,"s:25:46:25:105":40,"f:25:88:25:93":27,"s:25:98:25:105":41,"s:26:13:26:107":42,"f:26:13:26:35":28,"s:26:47:26:107":43,"f:26:90:26:95":29,"s:26:100:26:107":44,"s:27:13:27:99":45,"f:27:13:27:27":30,"s:27:43:27:99":46,"f:27:82:27:87":31,"s:27:92:27:99":47,"s:28:13:28:84":48,"f:28:13:28:27":32,"s:28:34:28:84":49,"f:28:67:28:72":33,"s:28:77:28:84":50,"s:31:13:32:117":51,"f:31:13:31:28":34,"s:32:2:32:117":52,"f:32:100:32:105":35,"s:32:110:32:117":53,"s:33:13:34:117":54,"f:33:13:33:28":36,"s:34:2:34:117":55,"f:34:100:34:105":37,"s:34:110:34:117":56,"s:35:13:36:63":57,"f:35:13:35:32":38,"s:36:2:36:63":58,"f:36:46:36:51":39,"s:36:56:36:63":59,"s:39:13:43:22":60,"f:39:13:39:35":40,"s:40:2:43:22":61,"f:43:5:43:10":41,"s:43:15:43:22":62,"s:44:13:45:70":63,"f:44:13:44:40":42,"s:45:2:45:70":64,"f:45:53:45:58":43,"s:45:63:45:70":65,"s:48:13:48:80":66,"f:48:13:48:37":44,"s:48:37:48:80":67,"f:48:63:48:68":45,"s:48:73:48:80":68,"s:49:13:49:84":69,"f:49:13:49:39":46,"s:49:39:49:84":70,"f:49:67:49:72":47,"s:49:77:49:84":71,"s:50:13:50:80":72,"f:50:13:50:37":48,"s:50:37:50:80":73,"f:50:63:50:68":49,"s:50:73:50:80":74,"s:51:13:51:82":75,"f:51:13:51:38":50,"s:51:38:51:82":76,"f:51:65:51:70":51,"s:51:75:51:82":77,"s:53:13:53:87":78,"f:53:13:53:31":52,"s:53:38:53:87":79,"f:53:70:53:75":53,"s:53:80:53:87":80,"s:54:13:54:91":81,"f:54:13:54:33":54,"s:54:40:54:91":82,"f:54:74:54:79":55,"s:54:84:54:91":83,"s:55:13:55:87":84,"f:55:13:55:31":56,"s:55:38:55:87":85,"f:55:70:55:75":57,"s:55:80:55:87":86,"s:56:13:56:89":87,"f:56:13:56:32":58,"s:56:39:56:89":88,"f:56:72:56:77":59,"s:56:82:56:89":89,"s:58:13:58:120":90,"f:58:13:58:34":60,"s:58:50:58:120":91,"f:58:103:58:108":61,"s:58:113:58:120":92,"s:59:13:59:124":93,"f:59:13:59:36":62,"s:59:52:59:124":94,"f:59:107:59:112":63,"s:59:117:59:124":95,"s:60:13:60:132":96,"f:60:13:60:34":64,"s:60:56:60:132":97,"f:60:115:60:120":65,"s:60:125:60:132":98,"s:61:13:61:144":99,"f:61:13:61:35":66,"s:61:62:61:144":100,"f:61:127:61:132":67,"s:61:137:61:144":101,"s:63:13:63:110":102,"f:63:13:63:33":68,"s:63:46:63:110":103,"f:63:93:63:98":69,"s:63:103:63:110":104,"s:64:13:64:112":105,"f:64:13:64:34":70,"s:64:47:64:112":106,"f:64:95:64:100":71,"s:64:105:64:112":107,"s:66:13:66:108":108,"f:66:13:66:34":72,"s:66:45:66:108":109,"f:66:91:66:96":73,"s:66:101:66:108":110,"s:67:13:68:119":111,"f:67:13:67:34":74,"s:68:2:68:119":112,"f:68:102:68:107":75,"s:68:112:68:119":113},"fnNames":{}}}
,"D:\\Duy\\ielts-app\\frontend\\src\\utils\\axios.js": {"path":"D:\\Duy\\ielts-app\\frontend\\src\\utils\\axios.js","statementMap":{"0":{"start":{"line":3,"column":12},"end":{"line":5,"column":null}},"1":{"start":{"line":8,"column":0},"end":{"line":14,"column":null}},"2":{"start":{"line":9,"column":16},"end":{"line":9,"column":44}},"3":{"start":{"line":10,"column":2},"end":{"line":11,"column":null}},"4":{"start":{"line":11,"column":4},"end":{"line":11,"column":null}},"5":{"start":{"line":13,"column":2},"end":{"line":13,"column":null}},"6":{"start":{"line":17,"column":0},"end":{"line":39,"column":null}},"7":{"start":{"line":18,"column":16},"end":{"line":18,"column":null}},"8":{"start":{"line":20,"column":19},"end":{"line":20,"column":null}},"9":{"start":{"line":21,"column":16},"end":{"line":21,"column":null}},"10":{"start":{"line":24,"column":27},"end":{"line":24,"column":87}},"11":{"start":{"line":25,"column":31},"end":{"line":25,"column":61}},"12":{"start":{"line":27,"column":4},"end":{"line":34,"column":null}},"13":{"start":{"line":29,"column":6},"end":{"line":29,"column":null}},"14":{"start":{"line":30,"column":6},"end":{"line":30,"column":null}},"15":{"start":{"line":31,"column":6},"end":{"line":31,"column":null}},"16":{"start":{"line":33,"column":6},"end":{"line":34,"column":null}},"17":{"start":{"line":34,"column":8},"end":{"line":34,"column":null}},"18":{"start":{"line":37,"column":4},"end":{"line":37,"column":null}}},"fnMap":{"0":{"name":"(anonymous_0)","decl":{"start":{"line":8,"column":25},"end":{"line":8,"column":30}},"loc":{"start":{"line":8,"column":41},"end":{"line":14,"column":null}},"line":8},"1":{"name":"(anonymous_1)","decl":{"start":{"line":17,"column":26},"end":{"line":17,"column":null}},"loc":{"start":{"line":18,"column":16},"end":{"line":18,"column":null}},"line":18},"2":{"name":"(anonymous_2)","decl":{"start":{"line":18,"column":16},"end":{"line":18,"column":null}},"loc":{"start":{"line":19,"column":13},"end":{"line":39,"column":null}},"line":19}},"branchMap":{"0":{"loc":{"start":{"line":4,"column":11},"end":{"line":4,"column":null}},"type":"binary-expr","locations":[{"start":{"line":4,"column":11},"end":{"line":4,"column":43}},{"start":{"line":4,"column":43},"end":{"line":4,"column":null}}],"line":4},"1":{"loc":{"start":{"line":10,"column":2},"end":{"line":11,"column":null}},"type":"if","locations":[{"start":{"line":10,"column":2},"end":{"line":11,"column":null}},{"start":{},"end":{}}],"line":10},"2":{"loc":{"start":{"line":21,"column":16},"end":{"line":21,"column":null}},"type":"binary-expr","locations":[{"start":{"line":21,"column":16},"end":{"line":21,"column":37}},{"start":{"line":21,"column":37},"end":{"line":21,"column":null}}],"line":21},"3":{"loc":{"start":{"line":24,"column":27},"end":{"line":24,"column":87}},"type":"binary-expr","locations":[{"start":{"line":24,"column":27},"end":{"line":24,"column":54}},{"start":{"line":24,"column":58},"end":{"line":24,"column":87}}],"line":24},"4":{"loc":{"start":{"line":27,"column":4},"end":{"line":34,"column":null}},"type":"if","locations":[{"start":{"line":27,"column":4},"end":{"line":34,"column":null}},{"start":{},"end":{}}],"line":27},"5":{"loc":{"start":{"line":27,"column":8},"end":{"line":27,"column":66}},"type":"binary-expr","locations":[{"start":{"line":27,"column":8},"end":{"line":27,"column":26}},{"start":{"line":27,"column":26},"end":{"line":27,"column":45}},{"start":{"line":27,"column":45},"end":{"line":27,"column":66}}],"line":27},"6":{"loc":{"start":{"line":33,"column":6},"end":{"line":34,"column":null}},"type":"if","locations":[{"start":{"line":33,"column":6},"end":{"line":34,"column":null}},{"start":{},"end":{}}],"line":33},"7":{"loc":{"start":{"line":33,"column":10},"end":{"line":33,"column":92}},"type":"binary-expr","locations":[{"start":{"line":33,"column":10},"end":{"line":33,"column":46}},{"start":{"line":33,"column":46},"end":{"line":33,"column":92}}],"line":33}},"s":{"0":2,"1":2,"2":0,"3":0,"4":0,"5":0,"6":2,"7":0,"8":0,"9":0,"10":0,"11":0,"12":0,"13":0,"14":0,"15":0,"16":0,"17":0,"18":0},"f":{"0":0,"1":0,"2":0},"b":{"0":[2,0],"1":[0,0],"2":[0,0],"3":[0,0],"4":[0,0],"5":[0,0,0],"6":[0,0],"7":[0,0]},"meta":{"lastBranch":8,"lastFunction":3,"lastStatement":19,"seen":{"s:3:12:5:Infinity":0,"b:4:11:4:43:4:43:4:Infinity":0,"s:8:0:14:Infinity":1,"f:8:25:8:30":0,"s:9:16:9:44":2,"b:10:2:11:Infinity:undefined:undefined:undefined:undefined":1,"s:10:2:11:Infinity":3,"s:11:4:11:Infinity":4,"s:13:2:13:Infinity":5,"s:17:0:39:Infinity":6,"f:17:26:17:Infinity":1,"s:18:16:18:Infinity":7,"f:18:16:18:Infinity":2,"s:20:19:20:Infinity":8,"s:21:16:21:Infinity":9,"b:21:16:21:37:21:37:21:Infinity":2,"s:24:27:24:87":10,"b:24:27:24:54:24:58:24:87":3,"s:25:31:25:61":11,"b:27:4:34:Infinity:undefined:undefined:undefined:undefined":4,"s:27:4:34:Infinity":12,"b:27:8:27:26:27:26:27:45:27:45:27:66":5,"s:29:6:29:Infinity":13,"s:30:6:30:Infinity":14,"s:31:6:31:Infinity":15,"b:33:6:34:Infinity:undefined:undefined:undefined:undefined":6,"s:33:6:34:Infinity":16,"b:33:10:33:46:33:46:33:92":7,"s:34:8:34:Infinity":17,"s:37:4:37:Infinity":18},"fnNames":{}}}
}
