{"D:\\Duy\\ielts-app\\backend\\server.js": {"path":"D:\\Duy\\ielts-app\\backend\\server.js","statementMap":{"0":{"start":{"line":1,"column":16},"end":{"line":1,"column":null}},"1":{"start":{"line":2,"column":13},"end":{"line":2,"column":null}},"2":{"start":{"line":3,"column":20},"end":{"line":3,"column":null}},"3":{"start":{"line":4,"column":13},"end":{"line":4,"column":null}},"4":{"start":{"line":5,"column":0},"end":{"line":5,"column":null}},"5":{"start":{"line":7,"column":19},"end":{"line":7,"column":null}},"6":{"start":{"line":8,"column":22},"end":{"line":8,"column":null}},"7":{"start":{"line":9,"column":24},"end":{"line":9,"column":null}},"8":{"start":{"line":10,"column":22},"end":{"line":10,"column":null}},"9":{"start":{"line":11,"column":23},"end":{"line":11,"column":null}},"10":{"start":{"line":12,"column":20},"end":{"line":12,"column":null}},"11":{"start":{"line":13,"column":23},"end":{"line":13,"column":null}},"12":{"start":{"line":14,"column":23},"end":{"line":14,"column":null}},"13":{"start":{"line":15,"column":23},"end":{"line":15,"column":null}},"14":{"start":{"line":16,"column":21},"end":{"line":16,"column":null}},"15":{"start":{"line":17,"column":19},"end":{"line":17,"column":null}},"16":{"start":{"line":19,"column":12},"end":{"line":19,"column":null}},"17":{"start":{"line":21,"column":0},"end":{"line":27,"column":null}},"18":{"start":{"line":28,"column":0},"end":{"line":28,"column":null}},"19":{"start":{"line":29,"column":0},"end":{"line":29,"column":null}},"20":{"start":{"line":32,"column":0},"end":{"line":32,"column":null}},"21":{"start":{"line":34,"column":0},"end":{"line":34,"column":null}},"22":{"start":{"line":35,"column":0},"end":{"line":35,"column":null}},"23":{"start":{"line":36,"column":0},"end":{"line":36,"column":null}},"24":{"start":{"line":37,"column":0},"end":{"line":37,"column":null}},"25":{"start":{"line":38,"column":0},"end":{"line":38,"column":null}},"26":{"start":{"line":39,"column":0},"end":{"line":39,"column":null}},"27":{"start":{"line":40,"column":0},"end":{"line":40,"column":null}},"28":{"start":{"line":41,"column":0},"end":{"line":41,"column":null}},"29":{"start":{"line":42,"column":0},"end":{"line":42,"column":null}},"30":{"start":{"line":43,"column":0},"end":{"line":43,"column":null}},"31":{"start":{"line":44,"column":0},"end":{"line":44,"column":null}},"32":{"start":{"line":45,"column":0},"end":{"line":45,"column":null}},"33":{"start":{"line":47,"column":0},"end":{"line":47,"column":null}},"34":{"start":{"line":47,"column":27},"end":{"line":47,"column":76}},"35":{"start":{"line":49,"column":13},"end":{"line":49,"column":null}},"36":{"start":{"line":50,"column":0},"end":{"line":52,"column":null}},"37":{"start":{"line":51,"column":2},"end":{"line":51,"column":null}},"38":{"start":{"line":51,"column":25},"end":{"line":51,"column":80}},"39":{"start":{"line":54,"column":0},"end":{"line":54,"column":null}}},"fnMap":{"0":{"name":"(anonymous_0)","decl":{"start":{"line":47,"column":13},"end":{"line":47,"column":14}},"loc":{"start":{"line":47,"column":27},"end":{"line":47,"column":76}},"line":47},"1":{"name":"(anonymous_1)","decl":{"start":{"line":51,"column":19},"end":{"line":51,"column":20}},"loc":{"start":{"line":51,"column":25},"end":{"line":51,"column":80}},"line":51}},"branchMap":{"0":{"loc":{"start":{"line":49,"column":13},"end":{"line":49,"column":null}},"type":"binary-expr","locations":[{"start":{"line":49,"column":13},"end":{"line":49,"column":29}},{"start":{"line":49,"column":33},"end":{"line":49,"column":null}}],"line":49},"1":{"loc":{"start":{"line":50,"column":0},"end":{"line":52,"column":null}},"type":"if","locations":[{"start":{"line":50,"column":0},"end":{"line":52,"column":null}},{"start":{},"end":{}}],"line":50}},"s":{"0":3,"1":3,"2":3,"3":3,"4":3,"5":3,"6":3,"7":3,"8":3,"9":3,"10":3,"11":3,"12":3,"13":3,"14":3,"15":3,"16":3,"17":3,"18":3,"19":3,"20":3,"21":3,"22":3,"23":3,"24":3,"25":3,"26":3,"27":3,"28":3,"29":3,"30":3,"31":3,"32":3,"33":0,"34":0,"35":3,"36":0,"37":0,"38":0,"39":0},"f":{"0":0,"1":0},"b":{"0":[3,0],"1":[0,0]},"meta":{"lastBranch":2,"lastFunction":2,"lastStatement":40,"seen":{"s:1:16:1:Infinity":0,"s:2:13:2:Infinity":1,"s:3:20:3:Infinity":2,"s:4:13:4:Infinity":3,"s:5:0:5:Infinity":4,"s:7:19:7:Infinity":5,"s:8:22:8:Infinity":6,"s:9:24:9:Infinity":7,"s:10:22:10:Infinity":8,"s:11:23:11:Infinity":9,"s:12:20:12:Infinity":10,"s:13:23:13:Infinity":11,"s:14:23:14:Infinity":12,"s:15:23:15:Infinity":13,"s:16:21:16:Infinity":14,"s:17:19:17:Infinity":15,"s:19:12:19:Infinity":16,"s:21:0:27:Infinity":17,"s:28:0:28:Infinity":18,"s:29:0:29:Infinity":19,"s:32:0:32:Infinity":20,"s:34:0:34:Infinity":21,"s:35:0:35:Infinity":22,"s:36:0:36:Infinity":23,"s:37:0:37:Infinity":24,"s:38:0:38:Infinity":25,"s:39:0:39:Infinity":26,"s:40:0:40:Infinity":27,"s:41:0:41:Infinity":28,"s:42:0:42:Infinity":29,"s:43:0:43:Infinity":30,"s:44:0:44:Infinity":31,"s:45:0:45:Infinity":32,"s:47:0:47:Infinity":33,"f:47:13:47:14":0,"s:47:27:47:76":34,"s:49:13:49:Infinity":35,"b:49:13:49:29:49:33:49:Infinity":0,"b:50:0:52:Infinity:undefined:undefined:undefined:undefined":1,"s:50:0:52:Infinity":36,"s:51:2:51:Infinity":37,"f:51:19:51:20":1,"s:51:25:51:80":38,"s:54:0:54:Infinity":39},"fnNames":{}}}
,"D:\\Duy\\ielts-app\\backend\\lib\\adminUploads.js": {"path":"D:\\Duy\\ielts-app\\backend\\lib\\adminUploads.js","statementMap":{"0":{"start":{"line":1,"column":15},"end":{"line":1,"column":null}},"1":{"start":{"line":2,"column":13},"end":{"line":2,"column":null}},"2":{"start":{"line":3,"column":11},"end":{"line":3,"column":null}},"3":{"start":{"line":4,"column":13},"end":{"line":4,"column":null}},"4":{"start":{"line":6,"column":19},"end":{"line":6,"column":null}},"5":{"start":{"line":7,"column":0},"end":{"line":7,"column":null}},"6":{"start":{"line":7,"column":32},"end":{"line":7,"column":null}},"7":{"start":{"line":9,"column":16},"end":{"line":15,"column":null}},"8":{"start":{"line":10,"column":34},"end":{"line":10,"column":54}},"9":{"start":{"line":12,"column":19},"end":{"line":12,"column":null}},"10":{"start":{"line":13,"column":4},"end":{"line":13,"column":null}},"11":{"start":{"line":17,"column":15},"end":{"line":26,"column":null}},"12":{"start":{"line":20,"column":20},"end":{"line":20,"column":null}},"13":{"start":{"line":21,"column":16},"end":{"line":21,"column":null}},"14":{"start":{"line":22,"column":4},"end":{"line":23,"column":null}},"15":{"start":{"line":22,"column":31},"end":{"line":22,"column":null}},"16":{"start":{"line":23,"column":9},"end":{"line":23,"column":null}},"17":{"start":{"line":28,"column":20},"end":{"line":37,"column":null}},"18":{"start":{"line":31,"column":20},"end":{"line":31,"column":null}},"19":{"start":{"line":32,"column":16},"end":{"line":32,"column":null}},"20":{"start":{"line":33,"column":4},"end":{"line":34,"column":null}},"21":{"start":{"line":33,"column":31},"end":{"line":33,"column":null}},"22":{"start":{"line":34,"column":9},"end":{"line":34,"column":null}},"23":{"start":{"line":39,"column":13},"end":{"line":39,"column":null}},"24":{"start":{"line":41,"column":0},"end":{"line":41,"column":null}}},"fnMap":{"0":{"name":"(anonymous_0)","decl":{"start":{"line":10,"column":15},"end":{"line":10,"column":16}},"loc":{"start":{"line":10,"column":34},"end":{"line":10,"column":54}},"line":10},"1":{"name":"(anonymous_1)","decl":{"start":{"line":11,"column":12},"end":{"line":11,"column":13}},"loc":{"start":{"line":11,"column":31},"end":{"line":14,"column":null}},"line":11},"2":{"name":"(anonymous_2)","decl":{"start":{"line":19,"column":14},"end":{"line":19,"column":15}},"loc":{"start":{"line":19,"column":33},"end":{"line":24,"column":3}},"line":19},"3":{"name":"(anonymous_3)","decl":{"start":{"line":30,"column":14},"end":{"line":30,"column":15}},"loc":{"start":{"line":30,"column":33},"end":{"line":35,"column":3}},"line":30}},"branchMap":{"0":{"loc":{"start":{"line":7,"column":0},"end":{"line":7,"column":null}},"type":"if","locations":[{"start":{"line":7,"column":0},"end":{"line":7,"column":null}},{"start":{},"end":{}}],"line":7},"1":{"loc":{"start":{"line":22,"column":4},"end":{"line":23,"column":null}},"type":"if","locations":[{"start":{"line":22,"column":4},"end":{"line":23,"column":null}},{"start":{"line":23,"column":9},"end":{"line":23,"column":null}}],"line":22},"2":{"loc":{"start":{"line":33,"column":4},"end":{"line":34,"column":null}},"type":"if","locations":[{"start":{"line":33,"column":4},"end":{"line":34,"column":null}},{"start":{"line":34,"column":9},"end":{"line":34,"column":null}}],"line":33}},"s":{"0":3,"1":3,"2":3,"3":3,"4":3,"5":3,"6":0,"7":3,"8":0,"9":0,"10":0,"11":3,"12":0,"13":0,"14":0,"15":0,"16":0,"17":3,"18":0,"19":0,"20":0,"21":0,"22":0,"23":3,"24":3},"f":{"0":0,"1":0,"2":0,"3":0},"b":{"0":[0,3],"1":[0,0],"2":[0,0]},"meta":{"lastBranch":3,"lastFunction":4,"lastStatement":25,"seen":{"s:1:15:1:Infinity":0,"s:2:13:2:Infinity":1,"s:3:11:3:Infinity":2,"s:4:13:4:Infinity":3,"s:6:19:6:Infinity":4,"b:7:0:7:Infinity:undefined:undefined:undefined:undefined":0,"s:7:0:7:Infinity":5,"s:7:32:7:Infinity":6,"s:9:16:15:Infinity":7,"f:10:15:10:16":0,"s:10:34:10:54":8,"f:11:12:11:13":1,"s:12:19:12:Infinity":9,"s:13:4:13:Infinity":10,"s:17:15:26:Infinity":11,"f:19:14:19:15":2,"s:20:20:20:Infinity":12,"s:21:16:21:Infinity":13,"b:22:4:23:Infinity:23:9:23:Infinity":1,"s:22:4:23:Infinity":14,"s:22:31:22:Infinity":15,"s:23:9:23:Infinity":16,"s:28:20:37:Infinity":17,"f:30:14:30:15":3,"s:31:20:31:Infinity":18,"s:32:16:32:Infinity":19,"b:33:4:34:Infinity:34:9:34:Infinity":2,"s:33:4:34:Infinity":20,"s:33:31:33:Infinity":21,"s:34:9:34:Infinity":22,"s:39:13:39:Infinity":23,"s:41:0:41:Infinity":24},"fnNames":{}}}
,"D:\\Duy\\ielts-app\\backend\\lib\\roles.js": {"path":"D:\\Duy\\ielts-app\\backend\\lib\\roles.js","statementMap":{"0":{"start":{"line":3,"column":18},"end":{"line":8,"column":null}},"1":{"start":{"line":4,"column":2},"end":{"line":6,"column":null}},"2":{"start":{"line":5,"column":4},"end":{"line":5,"column":null}},"3":{"start":{"line":7,"column":2},"end":{"line":7,"column":null}},"4":{"start":{"line":10,"column":23},"end":{"line":15,"column":null}},"5":{"start":{"line":11,"column":2},"end":{"line":13,"column":null}},"6":{"start":{"line":12,"column":4},"end":{"line":12,"column":null}},"7":{"start":{"line":14,"column":2},"end":{"line":14,"column":null}},"8":{"start":{"line":17,"column":20},"end":{"line":22,"column":null}},"9":{"start":{"line":18,"column":2},"end":{"line":20,"column":null}},"10":{"start":{"line":19,"column":4},"end":{"line":19,"column":null}},"11":{"start":{"line":21,"column":2},"end":{"line":21,"column":null}},"12":{"start":{"line":24,"column":0},"end":{"line":24,"column":null}}},"fnMap":{"0":{"name":"(anonymous_0)","decl":{"start":{"line":3,"column":18},"end":{"line":3,"column":19}},"loc":{"start":{"line":3,"column":38},"end":{"line":8,"column":null}},"line":3},"1":{"name":"(anonymous_1)","decl":{"start":{"line":10,"column":23},"end":{"line":10,"column":24}},"loc":{"start":{"line":10,"column":43},"end":{"line":15,"column":null}},"line":10},"2":{"name":"(anonymous_2)","decl":{"start":{"line":17,"column":20},"end":{"line":17,"column":21}},"loc":{"start":{"line":17,"column":40},"end":{"line":22,"column":null}},"line":17}},"branchMap":{"0":{"loc":{"start":{"line":4,"column":2},"end":{"line":6,"column":null}},"type":"if","locations":[{"start":{"line":4,"column":2},"end":{"line":6,"column":null}},{"start":{},"end":{}}],"line":4},"1":{"loc":{"start":{"line":11,"column":2},"end":{"line":13,"column":null}},"type":"if","locations":[{"start":{"line":11,"column":2},"end":{"line":13,"column":null}},{"start":{},"end":{}}],"line":11},"2":{"loc":{"start":{"line":11,"column":6},"end":{"line":11,"column":62}},"type":"binary-expr","locations":[{"start":{"line":11,"column":6},"end":{"line":11,"column":31}},{"start":{"line":11,"column":35},"end":{"line":11,"column":62}}],"line":11},"3":{"loc":{"start":{"line":18,"column":2},"end":{"line":20,"column":null}},"type":"if","locations":[{"start":{"line":18,"column":2},"end":{"line":20,"column":null}},{"start":{},"end":{}}],"line":18},"4":{"loc":{"start":{"line":18,"column":6},"end":{"line":18,"column":62}},"type":"binary-expr","locations":[{"start":{"line":18,"column":6},"end":{"line":18,"column":33}},{"start":{"line":18,"column":37},"end":{"line":18,"column":62}}],"line":18}},"s":{"0":3,"1":0,"2":0,"3":0,"4":3,"5":0,"6":0,"7":0,"8":3,"9":0,"10":0,"11":0,"12":3},"f":{"0":0,"1":0,"2":0},"b":{"0":[0,0],"1":[0,0],"2":[0,0],"3":[0,0],"4":[0,0]},"meta":{"lastBranch":5,"lastFunction":3,"lastStatement":13,"seen":{"s:3:18:8:Infinity":0,"f:3:18:3:19":0,"b:4:2:6:Infinity:undefined:undefined:undefined:undefined":0,"s:4:2:6:Infinity":1,"s:5:4:5:Infinity":2,"s:7:2:7:Infinity":3,"s:10:23:15:Infinity":4,"f:10:23:10:24":1,"b:11:2:13:Infinity:undefined:undefined:undefined:undefined":1,"s:11:2:13:Infinity":5,"b:11:6:11:31:11:35:11:62":2,"s:12:4:12:Infinity":6,"s:14:2:14:Infinity":7,"s:17:20:22:Infinity":8,"f:17:20:17:21":2,"b:18:2:20:Infinity:undefined:undefined:undefined:undefined":3,"s:18:2:20:Infinity":9,"b:18:6:18:33:18:37:18:62":4,"s:19:4:19:Infinity":10,"s:21:2:21:Infinity":11,"s:24:0:24:Infinity":12},"fnNames":{}}}
,"D:\\Duy\\ielts-app\\backend\\lib\\scoreUtils.js": {"path":"D:\\Duy\\ielts-app\\backend\\lib\\scoreUtils.js","statementMap":{"0":{"start":{"line":2,"column":2},"end":{"line":2,"column":null}},"1":{"start":{"line":2,"column":21},"end":{"line":2,"column":null}},"2":{"start":{"line":3,"column":2},"end":{"line":3,"column":null}},"3":{"start":{"line":3,"column":21},"end":{"line":3,"column":null}},"4":{"start":{"line":4,"column":2},"end":{"line":4,"column":null}},"5":{"start":{"line":4,"column":21},"end":{"line":4,"column":null}},"6":{"start":{"line":5,"column":2},"end":{"line":5,"column":null}},"7":{"start":{"line":5,"column":21},"end":{"line":5,"column":null}},"8":{"start":{"line":6,"column":2},"end":{"line":6,"column":null}},"9":{"start":{"line":6,"column":21},"end":{"line":6,"column":null}},"10":{"start":{"line":7,"column":2},"end":{"line":7,"column":null}},"11":{"start":{"line":7,"column":21},"end":{"line":7,"column":null}},"12":{"start":{"line":8,"column":2},"end":{"line":8,"column":null}},"13":{"start":{"line":8,"column":21},"end":{"line":8,"column":null}},"14":{"start":{"line":9,"column":2},"end":{"line":9,"column":null}},"15":{"start":{"line":9,"column":21},"end":{"line":9,"column":null}},"16":{"start":{"line":10,"column":2},"end":{"line":10,"column":null}},"17":{"start":{"line":10,"column":21},"end":{"line":10,"column":null}},"18":{"start":{"line":11,"column":2},"end":{"line":11,"column":null}},"19":{"start":{"line":11,"column":21},"end":{"line":11,"column":null}},"20":{"start":{"line":12,"column":2},"end":{"line":12,"column":null}},"21":{"start":{"line":12,"column":21},"end":{"line":12,"column":null}},"22":{"start":{"line":13,"column":2},"end":{"line":13,"column":null}},"23":{"start":{"line":13,"column":21},"end":{"line":13,"column":null}},"24":{"start":{"line":14,"column":2},"end":{"line":14,"column":null}},"25":{"start":{"line":14,"column":21},"end":{"line":14,"column":null}},"26":{"start":{"line":15,"column":2},"end":{"line":15,"column":null}},"27":{"start":{"line":15,"column":21},"end":{"line":15,"column":null}},"28":{"start":{"line":16,"column":2},"end":{"line":16,"column":null}},"29":{"start":{"line":20,"column":2},"end":{"line":20,"column":null}},"30":{"start":{"line":20,"column":21},"end":{"line":20,"column":null}},"31":{"start":{"line":21,"column":2},"end":{"line":21,"column":null}},"32":{"start":{"line":21,"column":21},"end":{"line":21,"column":null}},"33":{"start":{"line":22,"column":2},"end":{"line":22,"column":null}},"34":{"start":{"line":22,"column":21},"end":{"line":22,"column":null}},"35":{"start":{"line":23,"column":2},"end":{"line":23,"column":null}},"36":{"start":{"line":23,"column":21},"end":{"line":23,"column":null}},"37":{"start":{"line":24,"column":2},"end":{"line":24,"column":null}},"38":{"start":{"line":24,"column":21},"end":{"line":24,"column":null}},"39":{"start":{"line":25,"column":2},"end":{"line":25,"column":null}},"40":{"start":{"line":25,"column":21},"end":{"line":25,"column":null}},"41":{"start":{"line":26,"column":2},"end":{"line":26,"column":null}},"42":{"start":{"line":26,"column":21},"end":{"line":26,"column":null}},"43":{"start":{"line":27,"column":2},"end":{"line":27,"column":null}},"44":{"start":{"line":27,"column":21},"end":{"line":27,"column":null}},"45":{"start":{"line":28,"column":2},"end":{"line":28,"column":null}},"46":{"start":{"line":28,"column":21},"end":{"line":28,"column":null}},"47":{"start":{"line":29,"column":2},"end":{"line":29,"column":null}},"48":{"start":{"line":29,"column":21},"end":{"line":29,"column":null}},"49":{"start":{"line":30,"column":2},"end":{"line":30,"column":null}},"50":{"start":{"line":30,"column":21},"end":{"line":30,"column":null}},"51":{"start":{"line":31,"column":2},"end":{"line":31,"column":null}},"52":{"start":{"line":31,"column":21},"end":{"line":31,"column":null}},"53":{"start":{"line":32,"column":2},"end":{"line":32,"column":null}},"54":{"start":{"line":32,"column":21},"end":{"line":32,"column":null}},"55":{"start":{"line":33,"column":2},"end":{"line":33,"column":null}},"56":{"start":{"line":33,"column":21},"end":{"line":33,"column":null}},"57":{"start":{"line":34,"column":2},"end":{"line":34,"column":null}},"58":{"start":{"line":38,"column":2},"end":{"line":38,"column":null}},"59":{"start":{"line":38,"column":33},"end":{"line":38,"column":null}},"60":{"start":{"line":39,"column":22},"end":{"line":39,"column":null}},"61":{"start":{"line":39,"column":41},"end":{"line":39,"column":75}},"62":{"start":{"line":40,"column":2},"end":{"line":40,"column":null}},"63":{"start":{"line":40,"column":27},"end":{"line":40,"column":null}},"64":{"start":{"line":42,"column":14},"end":{"line":42,"column":null}},"65":{"start":{"line":42,"column":43},"end":{"line":42,"column":48}},"66":{"start":{"line":43,"column":18},"end":{"line":43,"column":null}},"67":{"start":{"line":44,"column":15},"end":{"line":44,"column":null}},"68":{"start":{"line":46,"column":13},"end":{"line":46,"column":null}},"69":{"start":{"line":47,"column":2},"end":{"line":48,"column":null}},"70":{"start":{"line":47,"column":20},"end":{"line":47,"column":null}},"71":{"start":{"line":48,"column":7},"end":{"line":48,"column":null}},"72":{"start":{"line":48,"column":25},"end":{"line":48,"column":null}},"73":{"start":{"line":50,"column":2},"end":{"line":50,"column":null}},"74":{"start":{"line":53,"column":0},"end":{"line":57,"column":null}}},"fnMap":{"0":{"name":"getReadingBand","decl":{"start":{"line":1,"column":9},"end":{"line":1,"column":23}},"loc":{"start":{"line":1,"column":33},"end":{"line":17,"column":null}},"line":1},"1":{"name":"getListeningBand","decl":{"start":{"line":19,"column":9},"end":{"line":19,"column":25}},"loc":{"start":{"line":19,"column":35},"end":{"line":35,"column":null}},"line":19},"2":{"name":"ieltsOverall","decl":{"start":{"line":37,"column":9},"end":{"line":37,"column":21}},"loc":{"start":{"line":37,"column":30},"end":{"line":51,"column":null}},"line":37},"3":{"name":"(anonymous_3)","decl":{"start":{"line":39,"column":36},"end":{"line":39,"column":37}},"loc":{"start":{"line":39,"column":41},"end":{"line":39,"column":75}},"line":39},"4":{"name":"(anonymous_4)","decl":{"start":{"line":42,"column":33},"end":{"line":42,"column":34}},"loc":{"start":{"line":42,"column":43},"end":{"line":42,"column":48}},"line":42}},"branchMap":{"0":{"loc":{"start":{"line":2,"column":2},"end":{"line":2,"column":null}},"type":"if","locations":[{"start":{"line":2,"column":2},"end":{"line":2,"column":null}},{"start":{},"end":{}}],"line":2},"1":{"loc":{"start":{"line":3,"column":2},"end":{"line":3,"column":null}},"type":"if","locations":[{"start":{"line":3,"column":2},"end":{"line":3,"column":null}},{"start":{},"end":{}}],"line":3},"2":{"loc":{"start":{"line":4,"column":2},"end":{"line":4,"column":null}},"type":"if","locations":[{"start":{"line":4,"column":2},"end":{"line":4,"column":null}},{"start":{},"end":{}}],"line":4},"3":{"loc":{"start":{"line":5,"column":2},"end":{"line":5,"column":null}},"type":"if","locations":[{"start":{"line":5,"column":2},"end":{"line":5,"column":null}},{"start":{},"end":{}}],"line":5},"4":{"loc":{"start":{"line":6,"column":2},"end":{"line":6,"column":null}},"type":"if","locations":[{"start":{"line":6,"column":2},"end":{"line":6,"column":null}},{"start":{},"end":{}}],"line":6},"5":{"loc":{"start":{"line":7,"column":2},"end":{"line":7,"column":null}},"type":"if","locations":[{"start":{"line":7,"column":2},"end":{"line":7,"column":null}},{"start":{},"end":{}}],"line":7},"6":{"loc":{"start":{"line":8,"column":2},"end":{"line":8,"column":null}},"type":"if","locations":[{"start":{"line":8,"column":2},"end":{"line":8,"column":null}},{"start":{},"end":{}}],"line":8},"7":{"loc":{"start":{"line":9,"column":2},"end":{"line":9,"column":null}},"type":"if","locations":[{"start":{"line":9,"column":2},"end":{"line":9,"column":null}},{"start":{},"end":{}}],"line":9},"8":{"loc":{"start":{"line":10,"column":2},"end":{"line":10,"column":null}},"type":"if","locations":[{"start":{"line":10,"column":2},"end":{"line":10,"column":null}},{"start":{},"end":{}}],"line":10},"9":{"loc":{"start":{"line":11,"column":2},"end":{"line":11,"column":null}},"type":"if","locations":[{"start":{"line":11,"column":2},"end":{"line":11,"column":null}},{"start":{},"end":{}}],"line":11},"10":{"loc":{"start":{"line":12,"column":2},"end":{"line":12,"column":null}},"type":"if","locations":[{"start":{"line":12,"column":2},"end":{"line":12,"column":null}},{"start":{},"end":{}}],"line":12},"11":{"loc":{"start":{"line":13,"column":2},"end":{"line":13,"column":null}},"type":"if","locations":[{"start":{"line":13,"column":2},"end":{"line":13,"column":null}},{"start":{},"end":{}}],"line":13},"12":{"loc":{"start":{"line":14,"column":2},"end":{"line":14,"column":null}},"type":"if","locations":[{"start":{"line":14,"column":2},"end":{"line":14,"column":null}},{"start":{},"end":{}}],"line":14},"13":{"loc":{"start":{"line":15,"column":2},"end":{"line":15,"column":null}},"type":"if","locations":[{"start":{"line":15,"column":2},"end":{"line":15,"column":null}},{"start":{},"end":{}}],"line":15},"14":{"loc":{"start":{"line":20,"column":2},"end":{"line":20,"column":null}},"type":"if","locations":[{"start":{"line":20,"column":2},"end":{"line":20,"column":null}},{"start":{},"end":{}}],"line":20},"15":{"loc":{"start":{"line":21,"column":2},"end":{"line":21,"column":null}},"type":"if","locations":[{"start":{"line":21,"column":2},"end":{"line":21,"column":null}},{"start":{},"end":{}}],"line":21},"16":{"loc":{"start":{"line":22,"column":2},"end":{"line":22,"column":null}},"type":"if","locations":[{"start":{"line":22,"column":2},"end":{"line":22,"column":null}},{"start":{},"end":{}}],"line":22},"17":{"loc":{"start":{"line":23,"column":2},"end":{"line":23,"column":null}},"type":"if","locations":[{"start":{"line":23,"column":2},"end":{"line":23,"column":null}},{"start":{},"end":{}}],"line":23},"18":{"loc":{"start":{"line":24,"column":2},"end":{"line":24,"column":null}},"type":"if","locations":[{"start":{"line":24,"column":2},"end":{"line":24,"column":null}},{"start":{},"end":{}}],"line":24},"19":{"loc":{"start":{"line":25,"column":2},"end":{"line":25,"column":null}},"type":"if","locations":[{"start":{"line":25,"column":2},"end":{"line":25,"column":null}},{"start":{},"end":{}}],"line":25},"20":{"loc":{"start":{"line":26,"column":2},"end":{"line":26,"column":null}},"type":"if","locations":[{"start":{"line":26,"column":2},"end":{"line":26,"column":null}},{"start":{},"end":{}}],"line":26},"21":{"loc":{"start":{"line":27,"column":2},"end":{"line":27,"column":null}},"type":"if","locations":[{"start":{"line":27,"column":2},"end":{"line":27,"column":null}},{"start":{},"end":{}}],"line":27},"22":{"loc":{"start":{"line":28,"column":2},"end":{"line":28,"column":null}},"type":"if","locations":[{"start":{"line":28,"column":2},"end":{"line":28,"column":null}},{"start":{},"end":{}}],"line":28},"23":{"loc":{"start":{"line":29,"column":2},"end":{"line":29,"column":null}},"type":"if","locations":[{"start":{"line":29,"column":2},"end":{"line":29,"column":null}},{"start":{},"end":{}}],"line":29},"24":{"loc":{"start":{"line":30,"column":2},"end":{"line":30,"column":null}},"type":"if","locations":[{"start":{"line":30,"column":2},"end":{"line":30,"column":null}},{"start":{},"end":{}}],"line":30},"25":{"loc":{"start":{"line":31,"column":2},"end":{"line":31,"column":null}},"type":"if","locations":[{"start":{"line":31,"column":2},"end":{"line":31,"column":null}},{"start":{},"end":{}}],"line":31},"26":{"loc":{"start":{"line":32,"column":2},"end":{"line":32,"column":null}},"type":"if","locations":[{"start":{"line":32,"column":2},"end":{"line":32,"column":null}},{"start":{},"end":{}}],"line":32},"27":{"loc":{"start":{"line":33,"column":2},"end":{"line":33,"column":null}},"type":"if","locations":[{"start":{"line":33,"column":2},"end":{"line":33,"column":null}},{"start":{},"end":{}}],"line":33},"28":{"loc":{"start":{"line":38,"column":2},"end":{"line":38,"column":null}},"type":"if","locations":[{"start":{"line":38,"column":2},"end":{"line":38,"column":null}},{"start":{},"end":{}}],"line":38},"29":{"loc":{"start":{"line":38,"column":6},"end":{"line":38,"column":31}},"type":"binary-expr","locations":[{"start":{"line":38,"column":6},"end":{"line":38,"column":13}},{"start":{"line":38,"column":17},"end":{"line":38,"column":31}}],"line":38},"30":{"loc":{"start":{"line":39,"column":41},"end":{"line":39,"column":75}},"type":"binary-expr","locations":[{"start":{"line":39,"column":41},"end":{"line":39,"column":62}},{"start":{"line":39,"column":66},"end":{"line":39,"column":75}}],"line":39},"31":{"loc":{"start":{"line":40,"column":2},"end":{"line":40,"column":null}},"type":"if","locations":[{"start":{"line":40,"column":2},"end":{"line":40,"column":null}},{"start":{},"end":{}}],"line":40},"32":{"loc":{"start":{"line":47,"column":2},"end":{"line":48,"column":null}},"type":"if","locations":[{"start":{"line":47,"column":2},"end":{"line":48,"column":null}},{"start":{"line":48,"column":7},"end":{"line":48,"column":null}}],"line":47},"33":{"loc":{"start":{"line":48,"column":7},"end":{"line":48,"column":null}},"type":"if","locations":[{"start":{"line":48,"column":7},"end":{"line":48,"column":null}},{"start":{},"end":{}}],"line":48}},"s":{"0":8,"1":2,"2":6,"3":1,"4":5,"5":0,"6":5,"7":0,"8":5,"9":1,"10":4,"11":0,"12":4,"13":1,"14":3,"15":0,"16":3,"17":1,"18":2,"19":0,"20":2,"21":2,"22":2,"23":2,"24":2,"25":2,"26":2,"27":2,"28":7,"29":7,"30":5,"31":5,"32":5,"33":5,"34":5,"35":5,"36":4,"37":4,"38":3,"39":1,"40":2,"41":0,"42":2,"43":1,"44":1,"45":0,"46":1,"47":0,"48":1,"49":0,"50":1,"51":0,"52":1,"53":0,"54":1,"55":0,"56":12,"57":12,"58":10,"59":9,"60":34,"61":32,"62":1,"63":8,"64":32,"65":8,"66":8,"67":8,"68":8,"69":3,"70":5,"71":4,"72":8,"73":8,"74":4},"f":{"0":8,"1":7,"2":12,"3":32,"4":8},"b":{"0":[2,6],"1":[1,5],"2":[0,5],"3":[0,5],"4":[1,4],"5":[0,4],"6":[1,3],"7":[0,3],"8":[1,2],"9":[2,0],"10":[2,0],"11":[2,0],"12":[2,0],"13":[2,0],"14":[5,2],"15":[5,0],"16":[5,0],"17":[4,1],"18":[3,1],"19":[2,-1],"20":[2,-2],"21":[1,0],"22":[1,-1],"23":[1,-1],"24":[1,-1],"25":[1,-1],"26":[1,-1],"27":[12,-12],"28":[9,1],"29":[3,9],"30":[32,9],"31":[8,-7],"32":[5,4],"33":[8,-4]},"meta":{"lastBranch":34,"lastFunction":5,"lastStatement":75,"seen":{"f:1:9:1:23":0,"b:2:2:2:Infinity:undefined:undefined:undefined:undefined":0,"s:2:2:2:Infinity":0,"s:2:21:2:Infinity":1,"b:3:2:3:Infinity:undefined:undefined:undefined:undefined":1,"s:3:2:3:Infinity":2,"s:3:21:3:Infinity":3,"b:4:2:4:Infinity:undefined:undefined:undefined:undefined":2,"s:4:2:4:Infinity":4,"s:4:21:4:Infinity":5,"b:5:2:5:Infinity:undefined:undefined:undefined:undefined":3,"s:5:2:5:Infinity":6,"s:5:21:5:Infinity":7,"b:6:2:6:Infinity:undefined:undefined:undefined:undefined":4,"s:6:2:6:Infinity":8,"s:6:21:6:Infinity":9,"b:7:2:7:Infinity:undefined:undefined:undefined:undefined":5,"s:7:2:7:Infinity":10,"s:7:21:7:Infinity":11,"b:8:2:8:Infinity:undefined:undefined:undefined:undefined":6,"s:8:2:8:Infinity":12,"s:8:21:8:Infinity":13,"b:9:2:9:Infinity:undefined:undefined:undefined:undefined":7,"s:9:2:9:Infinity":14,"s:9:21:9:Infinity":15,"b:10:2:10:Infinity:undefined:undefined:undefined:undefined":8,"s:10:2:10:Infinity":16,"s:10:21:10:Infinity":17,"b:11:2:11:Infinity:undefined:undefined:undefined:undefined":9,"s:11:2:11:Infinity":18,"s:11:21:11:Infinity":19,"b:12:2:12:Infinity:undefined:undefined:undefined:undefined":10,"s:12:2:12:Infinity":20,"s:12:21:12:Infinity":21,"b:13:2:13:Infinity:undefined:undefined:undefined:undefined":11,"s:13:2:13:Infinity":22,"s:13:21:13:Infinity":23,"b:14:2:14:Infinity:undefined:undefined:undefined:undefined":12,"s:14:2:14:Infinity":24,"s:14:21:14:Infinity":25,"b:15:2:15:Infinity:undefined:undefined:undefined:undefined":13,"s:15:2:15:Infinity":26,"s:15:21:15:Infinity":27,"s:16:2:16:Infinity":28,"f:19:9:19:25":1,"b:20:2:20:Infinity:undefined:undefined:undefined:undefined":14,"s:20:2:20:Infinity":29,"s:20:21:20:Infinity":30,"b:21:2:21:Infinity:undefined:undefined:undefined:undefined":15,"s:21:2:21:Infinity":31,"s:21:21:21:Infinity":32,"b:22:2:22:Infinity:undefined:undefined:undefined:undefined":16,"s:22:2:22:Infinity":33,"s:22:21:22:Infinity":34,"b:23:2:23:Infinity:undefined:undefined:undefined:undefined":17,"s:23:2:23:Infinity":35,"s:23:21:23:Infinity":36,"b:24:2:24:Infinity:undefined:undefined:undefined:undefined":18,"s:24:2:24:Infinity":37,"s:24:21:24:Infinity":38,"b:25:2:25:Infinity:undefined:undefined:undefined:undefined":19,"s:25:2:25:Infinity":39,"s:25:21:25:Infinity":40,"b:26:2:26:Infinity:undefined:undefined:undefined:undefined":20,"s:26:2:26:Infinity":41,"s:26:21:26:Infinity":42,"b:27:2:27:Infinity:undefined:undefined:undefined:undefined":21,"s:27:2:27:Infinity":43,"s:27:21:27:Infinity":44,"b:28:2:28:Infinity:undefined:undefined:undefined:undefined":22,"s:28:2:28:Infinity":45,"s:28:21:28:Infinity":46,"b:29:2:29:Infinity:undefined:undefined:undefined:undefined":23,"s:29:2:29:Infinity":47,"s:29:21:29:Infinity":48,"b:30:2:30:Infinity:undefined:undefined:undefined:undefined":24,"s:30:2:30:Infinity":49,"s:30:21:30:Infinity":50,"b:31:2:31:Infinity:undefined:undefined:undefined:undefined":25,"s:31:2:31:Infinity":51,"s:31:21:31:Infinity":52,"b:32:2:32:Infinity:undefined:undefined:undefined:undefined":26,"s:32:2:32:Infinity":53,"s:32:21:32:Infinity":54,"b:33:2:33:Infinity:undefined:undefined:undefined:undefined":27,"s:33:2:33:Infinity":55,"s:33:21:33:Infinity":56,"s:34:2:34:Infinity":57,"f:37:9:37:21":2,"b:38:2:38:Infinity:undefined:undefined:undefined:undefined":28,"s:38:2:38:Infinity":58,"b:38:6:38:13:38:17:38:31":29,"s:38:33:38:Infinity":59,"s:39:22:39:Infinity":60,"f:39:36:39:37":3,"s:39:41:39:75":61,"b:39:41:39:62:39:66:39:75":30,"b:40:2:40:Infinity:undefined:undefined:undefined:undefined":31,"s:40:2:40:Infinity":62,"s:40:27:40:Infinity":63,"s:42:14:42:Infinity":64,"f:42:33:42:34":4,"s:42:43:42:48":65,"s:43:18:43:Infinity":66,"s:44:15:44:Infinity":67,"s:46:13:46:Infinity":68,"b:47:2:48:Infinity:48:7:48:Infinity":32,"s:47:2:48:Infinity":69,"s:47:20:47:Infinity":70,"b:48:7:48:Infinity:undefined:undefined:undefined:undefined":33,"s:48:7:48:Infinity":71,"s:48:25:48:Infinity":72,"s:50:2:50:Infinity":73,"s:53:0:57:Infinity":74},"fnNames":{}}}
,"D:\\Duy\\ielts-app\\backend\\lib\\syncHelpers.js": {"path":"D:\\Duy\\ielts-app\\backend\\lib\\syncHelpers.js","statementMap":{"0":{"start":{"line":1,"column":15},"end":{"line":1,"column":null}},"1":{"start":{"line":7,"column":2},"end":{"line":7,"column":null}},"2":{"start":{"line":7,"column":36},"end":{"line":7,"column":null}},"3":{"start":{"line":8,"column":13},"end":{"line":8,"column":null}},"4":{"start":{"line":9,"column":14},"end":{"line":9,"column":null}},"5":{"start":{"line":12,"column":21},"end":{"line":12,"column":null}},"6":{"start":{"line":13,"column":2},"end":{"line":13,"column":null}},"7":{"start":{"line":13,"column":19},"end":{"line":13,"column":null}},"8":{"start":{"line":16,"column":25},"end":{"line":18,"column":null}},"9":{"start":{"line":20,"column":20},"end":{"line":20,"column":null}},"10":{"start":{"line":20,"column":52},"end":{"line":20,"column":56}},"11":{"start":{"line":23,"column":19},"end":{"line":26,"column":null}},"12":{"start":{"line":28,"column":2},"end":{"line":34,"column":null}},"13":{"start":{"line":29,"column":19},"end":{"line":32,"column":null}},"14":{"start":{"line":30,"column":47},"end":{"line":30,"column":51}},"15":{"start":{"line":33,"column":4},"end":{"line":33,"column":null}},"16":{"start":{"line":33,"column":24},"end":{"line":33,"column":49}},"17":{"start":{"line":36,"column":2},"end":{"line":36,"column":null}},"18":{"start":{"line":36,"column":23},"end":{"line":36,"column":null}},"19":{"start":{"line":39,"column":19},"end":{"line":42,"column":null}},"20":{"start":{"line":43,"column":22},"end":{"line":43,"column":null}},"21":{"start":{"line":43,"column":48},"end":{"line":43,"column":58}},"22":{"start":{"line":44,"column":19},"end":{"line":46,"column":null}},"23":{"start":{"line":45,"column":18},"end":{"line":45,"column":38}},"24":{"start":{"line":46,"column":16},"end":{"line":46,"column":56}},"25":{"start":{"line":47,"column":2},"end":{"line":49,"column":null}},"26":{"start":{"line":48,"column":4},"end":{"line":48,"column":null}},"27":{"start":{"line":52,"column":0},"end":{"line":52,"column":null}}},"fnMap":{"0":{"name":"syncSeriesExam","decl":{"start":{"line":6,"column":15},"end":{"line":6,"column":29}},"loc":{"start":{"line":6,"column":64},"end":{"line":50,"column":null}},"line":6},"1":{"name":"(anonymous_1)","decl":{"start":{"line":20,"column":47},"end":{"line":20,"column":48}},"loc":{"start":{"line":20,"column":52},"end":{"line":20,"column":56}},"line":20},"2":{"name":"(anonymous_2)","decl":{"start":{"line":30,"column":42},"end":{"line":30,"column":43}},"loc":{"start":{"line":30,"column":47},"end":{"line":30,"column":51}},"line":30},"3":{"name":"(anonymous_3)","decl":{"start":{"line":33,"column":19},"end":{"line":33,"column":20}},"loc":{"start":{"line":33,"column":24},"end":{"line":33,"column":49}},"line":33},"4":{"name":"(anonymous_4)","decl":{"start":{"line":43,"column":43},"end":{"line":43,"column":44}},"loc":{"start":{"line":43,"column":48},"end":{"line":43,"column":58}},"line":43},"5":{"name":"(anonymous_5)","decl":{"start":{"line":45,"column":12},"end":{"line":45,"column":14}},"loc":{"start":{"line":45,"column":18},"end":{"line":45,"column":38}},"line":45},"6":{"name":"(anonymous_6)","decl":{"start":{"line":46,"column":9},"end":{"line":46,"column":11}},"loc":{"start":{"line":46,"column":16},"end":{"line":46,"column":56}},"line":46}},"branchMap":{"0":{"loc":{"start":{"line":7,"column":2},"end":{"line":7,"column":null}},"type":"if","locations":[{"start":{"line":7,"column":2},"end":{"line":7,"column":null}},{"start":{},"end":{}}],"line":7},"1":{"loc":{"start":{"line":7,"column":6},"end":{"line":7,"column":34}},"type":"binary-expr","locations":[{"start":{"line":7,"column":6},"end":{"line":7,"column":19}},{"start":{"line":7,"column":23},"end":{"line":7,"column":34}}],"line":7},"2":{"loc":{"start":{"line":13,"column":2},"end":{"line":13,"column":null}},"type":"if","locations":[{"start":{"line":13,"column":2},"end":{"line":13,"column":null}},{"start":{},"end":{}}],"line":13},"3":{"loc":{"start":{"line":28,"column":2},"end":{"line":34,"column":null}},"type":"if","locations":[{"start":{"line":28,"column":2},"end":{"line":34,"column":null}},{"start":{},"end":{}}],"line":28},"4":{"loc":{"start":{"line":36,"column":2},"end":{"line":36,"column":null}},"type":"if","locations":[{"start":{"line":36,"column":2},"end":{"line":36,"column":null}},{"start":{},"end":{}}],"line":36},"5":{"loc":{"start":{"line":47,"column":2},"end":{"line":49,"column":null}},"type":"if","locations":[{"start":{"line":47,"column":2},"end":{"line":49,"column":null}},{"start":{},"end":{}}],"line":47}},"s":{"0":3,"1":0,"2":0,"3":0,"4":0,"5":0,"6":0,"7":0,"8":0,"9":0,"10":0,"11":0,"12":0,"13":0,"14":0,"15":0,"16":0,"17":0,"18":0,"19":0,"20":0,"21":0,"22":0,"23":0,"24":0,"25":0,"26":0,"27":3},"f":{"0":0,"1":0,"2":0,"3":0,"4":0,"5":0,"6":0},"b":{"0":[0,0],"1":[0,0],"2":[0,0],"3":[0,0],"4":[0,0],"5":[0,0]},"meta":{"lastBranch":6,"lastFunction":7,"lastStatement":28,"seen":{"s:1:15:1:Infinity":0,"f:6:15:6:29":0,"b:7:2:7:Infinity:undefined:undefined:undefined:undefined":0,"s:7:2:7:Infinity":1,"b:7:6:7:19:7:23:7:34":1,"s:7:36:7:Infinity":2,"s:8:13:8:Infinity":3,"s:9:14:9:Infinity":4,"s:12:21:12:Infinity":5,"b:13:2:13:Infinity:undefined:undefined:undefined:undefined":2,"s:13:2:13:Infinity":6,"s:13:19:13:Infinity":7,"s:16:25:18:Infinity":8,"s:20:20:20:Infinity":9,"f:20:47:20:48":1,"s:20:52:20:56":10,"s:23:19:26:Infinity":11,"b:28:2:34:Infinity:undefined:undefined:undefined:undefined":3,"s:28:2:34:Infinity":12,"s:29:19:32:Infinity":13,"f:30:42:30:43":2,"s:30:47:30:51":14,"s:33:4:33:Infinity":15,"f:33:19:33:20":3,"s:33:24:33:49":16,"b:36:2:36:Infinity:undefined:undefined:undefined:undefined":4,"s:36:2:36:Infinity":17,"s:36:23:36:Infinity":18,"s:39:19:42:Infinity":19,"s:43:22:43:Infinity":20,"f:43:43:43:44":4,"s:43:48:43:58":21,"s:44:19:46:Infinity":22,"f:45:12:45:14":5,"s:45:18:45:38":23,"f:46:9:46:11":6,"s:46:16:46:56":24,"b:47:2:49:Infinity:undefined:undefined:undefined:undefined":5,"s:47:2:49:Infinity":25,"s:48:4:48:Infinity":26,"s:52:0:52:Infinity":27},"fnNames":{}}}
,"D:\\Duy\\ielts-app\\backend\\middleware\\auth.js": {"path":"D:\\Duy\\ielts-app\\backend\\middleware\\auth.js","statementMap":{"0":{"start":{"line":1,"column":12},"end":{"line":1,"column":35}},"1":{"start":{"line":3,"column":0},"end":{"line":17,"column":null}},"2":{"start":{"line":4,"column":16},"end":{"line":4,"column":56}},"3":{"start":{"line":6,"column":2},"end":{"line":8,"column":3}},"4":{"start":{"line":7,"column":4},"end":{"line":7,"column":62}},"5":{"start":{"line":10,"column":2},"end":{"line":16,"column":3}},"6":{"start":{"line":11,"column":20},"end":{"line":11,"column":61}},"7":{"start":{"line":12,"column":4},"end":{"line":12,"column":22}},"8":{"start":{"line":13,"column":4},"end":{"line":13,"column":10}},"9":{"start":{"line":15,"column":4},"end":{"line":15,"column":59}}},"fnMap":{"0":{"name":"(anonymous_0)","decl":{"start":{"line":3,"column":17},"end":{"line":3,"column":18}},"loc":{"start":{"line":3,"column":37},"end":{"line":17,"column":null}},"line":3}},"branchMap":{"0":{"loc":{"start":{"line":6,"column":2},"end":{"line":8,"column":3}},"type":"if","locations":[{"start":{"line":6,"column":2},"end":{"line":8,"column":3}},{"start":{},"end":{}}],"line":6}},"s":{"0":3,"1":3,"2":5,"3":5,"4":0,"5":5,"6":5,"7":5,"8":5,"9":0},"f":{"0":5},"b":{"0":[0,5]},"meta":{"lastBranch":1,"lastFunction":1,"lastStatement":10,"seen":{"s:1:12:1:35":0,"s:3:0:17:Infinity":1,"f:3:17:3:18":0,"s:4:16:4:56":2,"b:6:2:8:3:undefined:undefined:undefined:undefined":0,"s:6:2:8:3":3,"s:7:4:7:62":4,"s:10:2:16:3":5,"s:11:20:11:61":6,"s:12:4:12:22":7,"s:13:4:13:10":8,"s:15:4:15:59":9},"fnNames":{}}}
,"D:\\Duy\\ielts-app\\backend\\middleware\\validate.js": {"path":"D:\\Duy\\ielts-app\\backend\\middleware\\validate.js","statementMap":{"0":{"start":{"line":2,"column":2},"end":{"line":16,"column":null}},"1":{"start":{"line":3,"column":19},"end":{"line":3,"column":null}},"2":{"start":{"line":4,"column":4},"end":{"line":13,"column":null}},"3":{"start":{"line":5,"column":21},"end":{"line":8,"column":null}},"4":{"start":{"line":5,"column":55},"end":{"line":8,"column":7}},"5":{"start":{"line":9,"column":6},"end":{"line":12,"column":null}},"6":{"start":{"line":14,"column":4},"end":{"line":14,"column":null}},"7":{"start":{"line":15,"column":4},"end":{"line":15,"column":null}},"8":{"start":{"line":19,"column":0},"end":{"line":19,"column":null}}},"fnMap":{"0":{"name":"validate","decl":{"start":{"line":1,"column":9},"end":{"line":1,"column":17}},"loc":{"start":{"line":1,"column":26},"end":{"line":17,"column":null}},"line":1},"1":{"name":"(anonymous_1)","decl":{"start":{"line":2,"column":9},"end":{"line":2,"column":10}},"loc":{"start":{"line":2,"column":29},"end":{"line":16,"column":null}},"line":2},"2":{"name":"(anonymous_2)","decl":{"start":{"line":5,"column":45},"end":{"line":5,"column":50}},"loc":{"start":{"line":5,"column":55},"end":{"line":8,"column":7}},"line":5}},"branchMap":{"0":{"loc":{"start":{"line":4,"column":4},"end":{"line":13,"column":null}},"type":"if","locations":[{"start":{"line":4,"column":4},"end":{"line":13,"column":null}},{"start":{},"end":{}}],"line":4},"1":{"loc":{"start":{"line":6,"column":15},"end":{"line":6,"column":45}},"type":"binary-expr","locations":[{"start":{"line":6,"column":15},"end":{"line":6,"column":35}},{"start":{"line":6,"column":39},"end":{"line":6,"column":45}}],"line":6}},"s":{"0":110,"1":13,"2":13,"3":3,"4":4,"5":3,"6":10,"7":10,"8":4},"f":{"0":110,"1":13,"2":4},"b":{"0":[3,10],"1":[4,0]},"meta":{"lastBranch":2,"lastFunction":3,"lastStatement":9,"seen":{"f:1:9:1:17":0,"s:2:2:16:Infinity":0,"f:2:9:2:10":1,"s:3:19:3:Infinity":1,"b:4:4:13:Infinity:undefined:undefined:undefined:undefined":0,"s:4:4:13:Infinity":2,"s:5:21:8:Infinity":3,"f:5:45:5:50":2,"s:5:55:8:7":4,"b:6:15:6:35:6:39:6:45":1,"s:9:6:12:Infinity":5,"s:14:4:14:Infinity":6,"s:15:4:15:Infinity":7,"s:19:0:19:Infinity":8},"fnNames":{}}}
,"D:\\Duy\\ielts-app\\backend\\routes\\admin.js": {"path":"D:\\Duy\\ielts-app\\backend\\routes\\admin.js","statementMap":{"0":{"start":{"line":1,"column":16},"end":{"line":1,"column":null}},"1":{"start":{"line":2,"column":15},"end":{"line":2,"column":null}},"2":{"start":{"line":4,"column":0},"end":{"line":4,"column":null}},"3":{"start":{"line":5,"column":0},"end":{"line":5,"column":null}},"4":{"start":{"line":6,"column":0},"end":{"line":6,"column":null}},"5":{"start":{"line":7,"column":0},"end":{"line":7,"column":null}},"6":{"start":{"line":8,"column":0},"end":{"line":8,"column":null}},"7":{"start":{"line":9,"column":0},"end":{"line":9,"column":null}},"8":{"start":{"line":10,"column":0},"end":{"line":10,"column":null}},"9":{"start":{"line":11,"column":0},"end":{"line":11,"column":null}},"10":{"start":{"line":12,"column":0},"end":{"line":12,"column":null}},"11":{"start":{"line":13,"column":0},"end":{"line":13,"column":null}},"12":{"start":{"line":14,"column":0},"end":{"line":14,"column":null}},"13":{"start":{"line":16,"column":0},"end":{"line":16,"column":null}}},"fnMap":{},"branchMap":{},"s":{"0":3,"1":3,"2":3,"3":3,"4":3,"5":3,"6":3,"7":3,"8":3,"9":3,"10":3,"11":3,"12":3,"13":3},"f":{},"b":{},"meta":{"lastBranch":0,"lastFunction":0,"lastStatement":14,"seen":{"s:1:16:1:Infinity":0,"s:2:15:2:Infinity":1,"s:4:0:4:Infinity":2,"s:5:0:5:Infinity":3,"s:6:0:6:Infinity":4,"s:7:0:7:Infinity":5,"s:8:0:8:Infinity":6,"s:9:0:9:Infinity":7,"s:10:0:10:Infinity":8,"s:11:0:11:Infinity":9,"s:12:0:12:Infinity":10,"s:13:0:13:Infinity":11,"s:14:0:14:Infinity":12,"s:16:0:16:Infinity":13},"fnNames":{}}}
,"D:\\Duy\\ielts-app\\backend\\routes\\auth.js": {"path":"D:\\Duy\\ielts-app\\backend\\routes\\auth.js","statementMap":{"0":{"start":{"line":1,"column":16},"end":{"line":1,"column":null}},"1":{"start":{"line":2,"column":15},"end":{"line":2,"column":null}},"2":{"start":{"line":3,"column":12},"end":{"line":3,"column":null}},"3":{"start":{"line":4,"column":15},"end":{"line":4,"column":null}},"4":{"start":{"line":5,"column":15},"end":{"line":5,"column":null}},"5":{"start":{"line":6,"column":23},"end":{"line":6,"column":null}},"6":{"start":{"line":7,"column":17},"end":{"line":7,"column":null}},"7":{"start":{"line":13,"column":4},"end":{"line":13,"column":null}},"8":{"start":{"line":16,"column":0},"end":{"line":35,"column":null}},"9":{"start":{"line":17,"column":2},"end":{"line":34,"column":null}},"10":{"start":{"line":18,"column":38},"end":{"line":18,"column":null}},"11":{"start":{"line":20,"column":21},"end":{"line":20,"column":null}},"12":{"start":{"line":21,"column":4},"end":{"line":23,"column":null}},"13":{"start":{"line":22,"column":6},"end":{"line":22,"column":null}},"14":{"start":{"line":25,"column":27},"end":{"line":25,"column":null}},"15":{"start":{"line":27,"column":17},"end":{"line":29,"column":null}},"16":{"start":{"line":31,"column":4},"end":{"line":31,"column":null}},"17":{"start":{"line":33,"column":4},"end":{"line":33,"column":null}},"18":{"start":{"line":38,"column":0},"end":{"line":70,"column":null}},"19":{"start":{"line":39,"column":2},"end":{"line":69,"column":null}},"20":{"start":{"line":40,"column":32},"end":{"line":40,"column":null}},"21":{"start":{"line":42,"column":17},"end":{"line":42,"column":null}},"22":{"start":{"line":43,"column":4},"end":{"line":45,"column":null}},"23":{"start":{"line":44,"column":6},"end":{"line":44,"column":null}},"24":{"start":{"line":47,"column":20},"end":{"line":47,"column":null}},"25":{"start":{"line":48,"column":4},"end":{"line":50,"column":null}},"26":{"start":{"line":49,"column":6},"end":{"line":49,"column":null}},"27":{"start":{"line":52,"column":4},"end":{"line":54,"column":null}},"28":{"start":{"line":53,"column":6},"end":{"line":53,"column":null}},"29":{"start":{"line":56,"column":18},"end":{"line":60,"column":null}},"30":{"start":{"line":62,"column":4},"end":{"line":66,"column":null}},"31":{"start":{"line":68,"column":4},"end":{"line":68,"column":null}},"32":{"start":{"line":73,"column":0},"end":{"line":91,"column":null}},"33":{"start":{"line":74,"column":2},"end":{"line":90,"column":null}},"34":{"start":{"line":75,"column":41},"end":{"line":75,"column":null}},"35":{"start":{"line":77,"column":17},"end":{"line":77,"column":null}},"36":{"start":{"line":78,"column":18},"end":{"line":78,"column":null}},"37":{"start":{"line":79,"column":4},"end":{"line":81,"column":null}},"38":{"start":{"line":80,"column":6},"end":{"line":80,"column":null}},"39":{"start":{"line":82,"column":19},"end":{"line":82,"column":null}},"40":{"start":{"line":83,"column":4},"end":{"line":86,"column":null}},"41":{"start":{"line":87,"column":4},"end":{"line":87,"column":null}},"42":{"start":{"line":89,"column":4},"end":{"line":89,"column":null}},"43":{"start":{"line":94,"column":0},"end":{"line":105,"column":null}},"44":{"start":{"line":95,"column":2},"end":{"line":104,"column":null}},"45":{"start":{"line":96,"column":17},"end":{"line":99,"column":null}},"46":{"start":{"line":100,"column":4},"end":{"line":100,"column":null}},"47":{"start":{"line":100,"column":15},"end":{"line":100,"column":null}},"48":{"start":{"line":101,"column":4},"end":{"line":101,"column":null}},"49":{"start":{"line":103,"column":4},"end":{"line":103,"column":null}},"50":{"start":{"line":108,"column":0},"end":{"line":121,"column":null}},"51":{"start":{"line":109,"column":2},"end":{"line":120,"column":null}},"52":{"start":{"line":110,"column":21},"end":{"line":110,"column":null}},"53":{"start":{"line":112,"column":17},"end":{"line":116,"column":null}},"54":{"start":{"line":117,"column":4},"end":{"line":117,"column":null}},"55":{"start":{"line":119,"column":4},"end":{"line":119,"column":null}},"56":{"start":{"line":123,"column":0},"end":{"line":123,"column":null}}},"fnMap":{"0":{"name":"(anonymous_0)","decl":{"start":{"line":16,"column":51},"end":{"line":16,"column":56}},"loc":{"start":{"line":16,"column":71},"end":{"line":35,"column":1}},"line":16},"1":{"name":"(anonymous_1)","decl":{"start":{"line":38,"column":45},"end":{"line":38,"column":50}},"loc":{"start":{"line":38,"column":65},"end":{"line":70,"column":1}},"line":38},"2":{"name":"(anonymous_2)","decl":{"start":{"line":73,"column":79},"end":{"line":73,"column":84}},"loc":{"start":{"line":73,"column":99},"end":{"line":91,"column":1}},"line":73},"3":{"name":"(anonymous_3)","decl":{"start":{"line":94,"column":34},"end":{"line":94,"column":39}},"loc":{"start":{"line":94,"column":54},"end":{"line":105,"column":1}},"line":94},"4":{"name":"(anonymous_4)","decl":{"start":{"line":108,"column":70},"end":{"line":108,"column":75}},"loc":{"start":{"line":108,"column":90},"end":{"line":121,"column":1}},"line":108}},"branchMap":{"0":{"loc":{"start":{"line":21,"column":4},"end":{"line":23,"column":null}},"type":"if","locations":[{"start":{"line":21,"column":4},"end":{"line":23,"column":null}},{"start":{},"end":{}}],"line":21},"1":{"loc":{"start":{"line":43,"column":4},"end":{"line":45,"column":null}},"type":"if","locations":[{"start":{"line":43,"column":4},"end":{"line":45,"column":null}},{"start":{},"end":{}}],"line":43},"2":{"loc":{"start":{"line":48,"column":4},"end":{"line":50,"column":null}},"type":"if","locations":[{"start":{"line":48,"column":4},"end":{"line":50,"column":null}},{"start":{},"end":{}}],"line":48},"3":{"loc":{"start":{"line":52,"column":4},"end":{"line":54,"column":null}},"type":"if","locations":[{"start":{"line":52,"column":4},"end":{"line":54,"column":null}},{"start":{},"end":{}}],"line":52},"4":{"loc":{"start":{"line":79,"column":4},"end":{"line":81,"column":null}},"type":"if","locations":[{"start":{"line":79,"column":4},"end":{"line":81,"column":null}},{"start":{},"end":{}}],"line":79},"5":{"loc":{"start":{"line":100,"column":4},"end":{"line":100,"column":null}},"type":"if","locations":[{"start":{"line":100,"column":4},"end":{"line":100,"column":null}},{"start":{},"end":{}}],"line":100}},"s":{"0":3,"1":3,"2":3,"3":3,"4":3,"5":3,"6":3,"7":3,"8":3,"9":2,"10":2,"11":2,"12":2,"13":1,"14":1,"15":1,"16":1,"17":0,"18":3,"19":3,"20":3,"21":3,"22":0,"23":0,"24":3,"25":1,"26":1,"27":1,"28":1,"29":1,"30":1,"31":0,"32":3,"33":0,"34":0,"35":0,"36":0,"37":0,"38":0,"39":0,"40":0,"41":0,"42":0,"43":3,"44":0,"45":0,"46":0,"47":0,"48":0,"49":0,"50":3,"51":0,"52":0,"53":0,"54":0,"55":0,"56":0},"f":{"0":2,"1":3,"2":0,"3":0,"4":0},"b":{"0":[1,1],"1":[0,0],"2":[1,0],"3":[1,0],"4":[0,0],"5":[0,0]},"meta":{"lastBranch":6,"lastFunction":5,"lastStatement":57,"seen":{"s:1:16:1:Infinity":0,"s:2:15:2:Infinity":1,"s:3:12:3:Infinity":2,"s:4:15:4:Infinity":3,"s:5:15:5:Infinity":4,"s:6:23:6:Infinity":5,"s:7:17:7:Infinity":6,"s:13:4:13:Infinity":7,"s:16:0:35:Infinity":8,"f:16:51:16:56":0,"s:17:2:34:Infinity":9,"s:18:38:18:Infinity":10,"s:20:21:20:Infinity":11,"b:21:4:23:Infinity:undefined:undefined:undefined:undefined":0,"s:21:4:23:Infinity":12,"s:22:6:22:Infinity":13,"s:25:27:25:Infinity":14,"s:27:17:29:Infinity":15,"s:31:4:31:Infinity":16,"s:33:4:33:Infinity":17,"s:38:0:70:Infinity":18,"f:38:45:38:50":1,"s:39:2:69:Infinity":19,"s:40:32:40:Infinity":20,"s:42:17:42:Infinity":21,"b:43:4:45:Infinity:undefined:undefined:undefined:undefined":1,"s:43:4:45:Infinity":22,"s:44:6:44:Infinity":23,"s:47:20:47:Infinity":24,"b:48:4:50:Infinity:undefined:undefined:undefined:undefined":2,"s:48:4:50:Infinity":25,"s:49:6:49:Infinity":26,"b:52:4:54:Infinity:undefined:undefined:undefined:undefined":3,"s:52:4:54:Infinity":27,"s:53:6:53:Infinity":28,"s:56:18:60:Infinity":29,"s:62:4:66:Infinity":30,"s:68:4:68:Infinity":31,"s:73:0:91:Infinity":32,"f:73:79:73:84":2,"s:74:2:90:Infinity":33,"s:75:41:75:Infinity":34,"s:77:17:77:Infinity":35,"s:78:18:78:Infinity":36,"b:79:4:81:Infinity:undefined:undefined:undefined:undefined":4,"s:79:4:81:Infinity":37,"s:80:6:80:Infinity":38,"s:82:19:82:Infinity":39,"s:83:4:86:Infinity":40,"s:87:4:87:Infinity":41,"s:89:4:89:Infinity":42,"s:94:0:105:Infinity":43,"f:94:34:94:39":3,"s:95:2:104:Infinity":44,"s:96:17:99:Infinity":45,"b:100:4:100:Infinity:undefined:undefined:undefined:undefined":5,"s:100:4:100:Infinity":46,"s:100:15:100:Infinity":47,"s:101:4:101:Infinity":48,"s:103:4:103:Infinity":49,"s:108:0:121:Infinity":50,"f:108:70:108:75":4,"s:109:2:120:Infinity":51,"s:110:21:110:Infinity":52,"s:112:17:116:Infinity":53,"s:117:4:117:Infinity":54,"s:119:4:119:Infinity":55,"s:123:0:123:Infinity":56},"fnNames":{}}}
,"D:\\Duy\\ielts-app\\backend\\routes\\fulltest.js": {"path":"D:\\Duy\\ielts-app\\backend\\routes\\fulltest.js","statementMap":{"0":{"start":{"line":1,"column":16},"end":{"line":1,"column":null}},"1":{"start":{"line":2,"column":23},"end":{"line":2,"column":null}},"2":{"start":{"line":3,"column":15},"end":{"line":3,"column":null}},"3":{"start":{"line":4,"column":25},"end":{"line":4,"column":null}},"4":{"start":{"line":6,"column":15},"end":{"line":6,"column":null}},"5":{"start":{"line":12,"column":16},"end":{"line":19,"column":null}},"6":{"start":{"line":21,"column":18},"end":{"line":21,"column":null}},"7":{"start":{"line":22,"column":2},"end":{"line":22,"column":null}},"8":{"start":{"line":22,"column":25},"end":{"line":22,"column":null}},"9":{"start":{"line":24,"column":24},"end":{"line":24,"column":null}},"10":{"start":{"line":25,"column":24},"end":{"line":25,"column":null}},"11":{"start":{"line":26,"column":24},"end":{"line":26,"column":null}},"12":{"start":{"line":27,"column":24},"end":{"line":27,"column":null}},"13":{"start":{"line":29,"column":26},"end":{"line":29,"column":null}},"14":{"start":{"line":29,"column":62},"end":{"line":29,"column":66}},"15":{"start":{"line":30,"column":26},"end":{"line":30,"column":null}},"16":{"start":{"line":30,"column":64},"end":{"line":30,"column":68}},"17":{"start":{"line":32,"column":78},"end":{"line":61,"column":null}},"18":{"start":{"line":63,"column":17},"end":{"line":63,"column":null}},"19":{"start":{"line":65,"column":2},"end":{"line":67,"column":null}},"20":{"start":{"line":69,"column":2},"end":{"line":71,"column":null}},"21":{"start":{"line":73,"column":2},"end":{"line":88,"column":null}},"22":{"start":{"line":74,"column":4},"end":{"line":74,"column":null}},"23":{"start":{"line":75,"column":9},"end":{"line":88,"column":null}},"24":{"start":{"line":76,"column":4},"end":{"line":76,"column":null}},"25":{"start":{"line":78,"column":25},"end":{"line":78,"column":null}},"26":{"start":{"line":79,"column":4},"end":{"line":81,"column":null}},"27":{"start":{"line":80,"column":6},"end":{"line":80,"column":null}},"28":{"start":{"line":80,"column":35},"end":{"line":80,"column":null}},"29":{"start":{"line":82,"column":17},"end":{"line":82,"column":null}},"30":{"start":{"line":83,"column":19},"end":{"line":83,"column":null}},"31":{"start":{"line":83,"column":56},"end":{"line":83,"column":65}},"32":{"start":{"line":83,"column":79},"end":{"line":83,"column":88}},"33":{"start":{"line":84,"column":18},"end":{"line":86,"column":null}},"34":{"start":{"line":85,"column":67},"end":{"line":85,"column":72}},"35":{"start":{"line":87,"column":4},"end":{"line":87,"column":null}},"36":{"start":{"line":90,"column":2},"end":{"line":105,"column":null}},"37":{"start":{"line":91,"column":4},"end":{"line":91,"column":null}},"38":{"start":{"line":92,"column":9},"end":{"line":105,"column":null}},"39":{"start":{"line":93,"column":4},"end":{"line":93,"column":null}},"40":{"start":{"line":95,"column":25},"end":{"line":95,"column":null}},"41":{"start":{"line":96,"column":4},"end":{"line":98,"column":null}},"42":{"start":{"line":97,"column":6},"end":{"line":97,"column":null}},"43":{"start":{"line":97,"column":35},"end":{"line":97,"column":null}},"44":{"start":{"line":99,"column":17},"end":{"line":99,"column":null}},"45":{"start":{"line":100,"column":19},"end":{"line":100,"column":null}},"46":{"start":{"line":100,"column":56},"end":{"line":100,"column":65}},"47":{"start":{"line":100,"column":79},"end":{"line":100,"column":88}},"48":{"start":{"line":101,"column":18},"end":{"line":103,"column":null}},"49":{"start":{"line":102,"column":67},"end":{"line":102,"column":72}},"50":{"start":{"line":104,"column":4},"end":{"line":104,"column":null}},"51":{"start":{"line":107,"column":27},"end":{"line":107,"column":null}},"52":{"start":{"line":107,"column":86},"end":{"line":107,"column":106}},"53":{"start":{"line":108,"column":27},"end":{"line":108,"column":null}},"54":{"start":{"line":108,"column":86},"end":{"line":108,"column":101}},"55":{"start":{"line":109,"column":21},"end":{"line":109,"column":null}},"56":{"start":{"line":111,"column":20},"end":{"line":111,"column":null}},"57":{"start":{"line":112,"column":2},"end":{"line":115,"column":null}},"58":{"start":{"line":113,"column":19},"end":{"line":113,"column":null}},"59":{"start":{"line":113,"column":76},"end":{"line":113,"column":91}},"60":{"start":{"line":114,"column":4},"end":{"line":114,"column":null}},"61":{"start":{"line":114,"column":26},"end":{"line":114,"column":35}},"62":{"start":{"line":114,"column":38},"end":{"line":114,"column":null}},"63":{"start":{"line":117,"column":2},"end":{"line":117,"column":null}},"64":{"start":{"line":121,"column":0},"end":{"line":147,"column":null}},"65":{"start":{"line":122,"column":2},"end":{"line":146,"column":null}},"66":{"start":{"line":123,"column":19},"end":{"line":135,"column":null}},"67":{"start":{"line":136,"column":19},"end":{"line":142,"column":null}},"68":{"start":{"line":136,"column":36},"end":{"line":142,"column":5}},"69":{"start":{"line":141,"column":47},"end":{"line":141,"column":70}},"70":{"start":{"line":143,"column":4},"end":{"line":143,"column":null}},"71":{"start":{"line":145,"column":4},"end":{"line":145,"column":null}},"72":{"start":{"line":150,"column":0},"end":{"line":169,"column":null}},"73":{"start":{"line":151,"column":2},"end":{"line":168,"column":null}},"74":{"start":{"line":152,"column":19},"end":{"line":152,"column":null}},"75":{"start":{"line":153,"column":19},"end":{"line":153,"column":null}},"76":{"start":{"line":154,"column":4},"end":{"line":154,"column":null}},"77":{"start":{"line":154,"column":17},"end":{"line":154,"column":null}},"78":{"start":{"line":156,"column":17},"end":{"line":159,"column":null}},"79":{"start":{"line":160,"column":4},"end":{"line":162,"column":null}},"80":{"start":{"line":161,"column":6},"end":{"line":161,"column":null}},"81":{"start":{"line":164,"column":19},"end":{"line":164,"column":null}},"82":{"start":{"line":165,"column":4},"end":{"line":165,"column":null}},"83":{"start":{"line":167,"column":4},"end":{"line":167,"column":null}},"84":{"start":{"line":172,"column":0},"end":{"line":188,"column":null}},"85":{"start":{"line":173,"column":2},"end":{"line":187,"column":null}},"86":{"start":{"line":174,"column":19},"end":{"line":174,"column":null}},"87":{"start":{"line":175,"column":49},"end":{"line":175,"column":null}},"88":{"start":{"line":177,"column":29},"end":{"line":183,"column":null}},"89":{"start":{"line":184,"column":4},"end":{"line":184,"column":null}},"90":{"start":{"line":186,"column":4},"end":{"line":186,"column":null}},"91":{"start":{"line":194,"column":0},"end":{"line":320,"column":null}},"92":{"start":{"line":195,"column":2},"end":{"line":319,"column":null}},"93":{"start":{"line":196,"column":19},"end":{"line":196,"column":null}},"94":{"start":{"line":199,"column":21},"end":{"line":206,"column":null}},"95":{"start":{"line":209,"column":19},"end":{"line":209,"column":null}},"96":{"start":{"line":210,"column":4},"end":{"line":216,"column":null}},"97":{"start":{"line":211,"column":18},"end":{"line":211,"column":null}},"98":{"start":{"line":212,"column":6},"end":{"line":214,"column":null}},"99":{"start":{"line":212,"column":24},"end":{"line":214,"column":null}},"100":{"start":{"line":215,"column":6},"end":{"line":215,"column":null}},"101":{"start":{"line":219,"column":27},"end":{"line":221,"column":null}},"102":{"start":{"line":220,"column":6},"end":{"line":220,"column":null}},"103":{"start":{"line":220,"column":65},"end":{"line":220,"column":75}},"104":{"start":{"line":223,"column":4},"end":{"line":223,"column":null}},"105":{"start":{"line":223,"column":37},"end":{"line":223,"column":null}},"106":{"start":{"line":226,"column":26},"end":{"line":226,"column":null}},"107":{"start":{"line":226,"column":54},"end":{"line":226,"column":102}},"108":{"start":{"line":226,"column":88},"end":{"line":226,"column":101}},"109":{"start":{"line":227,"column":28},"end":{"line":227,"column":null}},"110":{"start":{"line":227,"column":56},"end":{"line":227,"column":99}},"111":{"start":{"line":227,"column":94},"end":{"line":227,"column":98}},"112":{"start":{"line":228,"column":28},"end":{"line":228,"column":null}},"113":{"start":{"line":228,"column":56},"end":{"line":228,"column":101}},"114":{"start":{"line":228,"column":96},"end":{"line":228,"column":100}},"115":{"start":{"line":231,"column":56},"end":{"line":251,"column":null}},"116":{"start":{"line":254,"column":32},"end":{"line":254,"column":null}},"117":{"start":{"line":255,"column":4},"end":{"line":257,"column":null}},"118":{"start":{"line":256,"column":6},"end":{"line":256,"column":null}},"119":{"start":{"line":256,"column":42},"end":{"line":256,"column":null}},"120":{"start":{"line":258,"column":32},"end":{"line":258,"column":null}},"121":{"start":{"line":259,"column":4},"end":{"line":261,"column":null}},"122":{"start":{"line":260,"column":6},"end":{"line":260,"column":null}},"123":{"start":{"line":260,"column":42},"end":{"line":260,"column":null}},"124":{"start":{"line":262,"column":33},"end":{"line":262,"column":null}},"125":{"start":{"line":263,"column":4},"end":{"line":265,"column":null}},"126":{"start":{"line":264,"column":6},"end":{"line":264,"column":null}},"127":{"start":{"line":264,"column":43},"end":{"line":264,"column":null}},"128":{"start":{"line":268,"column":19},"end":{"line":314,"column":null}},"129":{"start":{"line":269,"column":21},"end":{"line":269,"column":null}},"130":{"start":{"line":271,"column":6},"end":{"line":274,"column":null}},"131":{"start":{"line":272,"column":24},"end":{"line":272,"column":null}},"132":{"start":{"line":273,"column":8},"end":{"line":273,"column":null}},"133":{"start":{"line":276,"column":22},"end":{"line":276,"column":null}},"134":{"start":{"line":276,"column":60},"end":{"line":276,"column":64}},"135":{"start":{"line":277,"column":6},"end":{"line":286,"column":null}},"136":{"start":{"line":278,"column":8},"end":{"line":278,"column":null}},"137":{"start":{"line":280,"column":21},"end":{"line":280,"column":null}},"138":{"start":{"line":280,"column":41},"end":{"line":280,"column":64}},"139":{"start":{"line":281,"column":23},"end":{"line":281,"column":null}},"140":{"start":{"line":281,"column":41},"end":{"line":281,"column":73}},"141":{"start":{"line":281,"column":87},"end":{"line":281,"column":96}},"142":{"start":{"line":282,"column":22},"end":{"line":284,"column":null}},"143":{"start":{"line":283,"column":71},"end":{"line":283,"column":76}},"144":{"start":{"line":285,"column":8},"end":{"line":285,"column":null}},"145":{"start":{"line":288,"column":22},"end":{"line":288,"column":null}},"146":{"start":{"line":288,"column":62},"end":{"line":288,"column":66}},"147":{"start":{"line":289,"column":6},"end":{"line":298,"column":null}},"148":{"start":{"line":290,"column":8},"end":{"line":290,"column":null}},"149":{"start":{"line":292,"column":21},"end":{"line":292,"column":null}},"150":{"start":{"line":292,"column":41},"end":{"line":292,"column":65}},"151":{"start":{"line":293,"column":23},"end":{"line":293,"column":null}},"152":{"start":{"line":293,"column":41},"end":{"line":293,"column":74}},"153":{"start":{"line":293,"column":88},"end":{"line":293,"column":97}},"154":{"start":{"line":294,"column":22},"end":{"line":296,"column":null}},"155":{"start":{"line":295,"column":71},"end":{"line":295,"column":76}},"156":{"start":{"line":297,"column":8},"end":{"line":297,"column":null}},"157":{"start":{"line":300,"column":26},"end":{"line":300,"column":null}},"158":{"start":{"line":300,"column":85},"end":{"line":300,"column":99}},"159":{"start":{"line":301,"column":26},"end":{"line":301,"column":null}},"160":{"start":{"line":303,"column":24},"end":{"line":303,"column":null}},"161":{"start":{"line":304,"column":6},"end":{"line":307,"column":null}},"162":{"start":{"line":305,"column":23},"end":{"line":305,"column":null}},"163":{"start":{"line":305,"column":80},"end":{"line":305,"column":95}},"164":{"start":{"line":306,"column":8},"end":{"line":306,"column":null}},"165":{"start":{"line":306,"column":30},"end":{"line":306,"column":39}},"166":{"start":{"line":306,"column":42},"end":{"line":306,"column":null}},"167":{"start":{"line":309,"column":6},"end":{"line":313,"column":null}},"168":{"start":{"line":316,"column":4},"end":{"line":316,"column":null}},"169":{"start":{"line":318,"column":4},"end":{"line":318,"column":null}},"170":{"start":{"line":322,"column":0},"end":{"line":322,"column":null}}},"fnMap":{"0":{"name":"getFullTestStatus","decl":{"start":{"line":11,"column":15},"end":{"line":11,"column":32}},"loc":{"start":{"line":11,"column":75},"end":{"line":118,"column":null}},"line":11},"1":{"name":"(anonymous_1)","decl":{"start":{"line":29,"column":57},"end":{"line":29,"column":58}},"loc":{"start":{"line":29,"column":62},"end":{"line":29,"column":66}},"line":29},"2":{"name":"(anonymous_2)","decl":{"start":{"line":30,"column":59},"end":{"line":30,"column":60}},"loc":{"start":{"line":30,"column":64},"end":{"line":30,"column":68}},"line":30},"3":{"name":"(anonymous_3)","decl":{"start":{"line":83,"column":51},"end":{"line":83,"column":52}},"loc":{"start":{"line":83,"column":56},"end":{"line":83,"column":65}},"line":83},"4":{"name":"(anonymous_4)","decl":{"start":{"line":83,"column":74},"end":{"line":83,"column":75}},"loc":{"start":{"line":83,"column":79},"end":{"line":83,"column":88}},"line":83},"5":{"name":"(anonymous_5)","decl":{"start":{"line":85,"column":57},"end":{"line":85,"column":58}},"loc":{"start":{"line":85,"column":67},"end":{"line":85,"column":72}},"line":85},"6":{"name":"(anonymous_6)","decl":{"start":{"line":100,"column":51},"end":{"line":100,"column":52}},"loc":{"start":{"line":100,"column":56},"end":{"line":100,"column":65}},"line":100},"7":{"name":"(anonymous_7)","decl":{"start":{"line":100,"column":74},"end":{"line":100,"column":75}},"loc":{"start":{"line":100,"column":79},"end":{"line":100,"column":88}},"line":100},"8":{"name":"(anonymous_8)","decl":{"start":{"line":102,"column":57},"end":{"line":102,"column":58}},"loc":{"start":{"line":102,"column":67},"end":{"line":102,"column":72}},"line":102},"9":{"name":"(anonymous_9)","decl":{"start":{"line":107,"column":81},"end":{"line":107,"column":82}},"loc":{"start":{"line":107,"column":86},"end":{"line":107,"column":106}},"line":107},"10":{"name":"(anonymous_10)","decl":{"start":{"line":108,"column":81},"end":{"line":108,"column":82}},"loc":{"start":{"line":108,"column":86},"end":{"line":108,"column":101}},"line":108},"11":{"name":"(anonymous_11)","decl":{"start":{"line":113,"column":71},"end":{"line":113,"column":72}},"loc":{"start":{"line":113,"column":76},"end":{"line":113,"column":91}},"line":113},"12":{"name":"(anonymous_12)","decl":{"start":{"line":114,"column":21},"end":{"line":114,"column":22}},"loc":{"start":{"line":114,"column":26},"end":{"line":114,"column":35}},"line":114},"13":{"name":"(anonymous_13)","decl":{"start":{"line":121,"column":24},"end":{"line":121,"column":29}},"loc":{"start":{"line":121,"column":44},"end":{"line":147,"column":1}},"line":121},"14":{"name":"(anonymous_14)","decl":{"start":{"line":136,"column":30},"end":{"line":136,"column":31}},"loc":{"start":{"line":136,"column":36},"end":{"line":142,"column":5}},"line":136},"15":{"name":"(anonymous_15)","decl":{"start":{"line":141,"column":35},"end":{"line":141,"column":36}},"loc":{"start":{"line":141,"column":47},"end":{"line":141,"column":70}},"line":141},"16":{"name":"(anonymous_16)","decl":{"start":{"line":150,"column":38},"end":{"line":150,"column":43}},"loc":{"start":{"line":150,"column":58},"end":{"line":169,"column":1}},"line":150},"17":{"name":"(anonymous_17)","decl":{"start":{"line":172,"column":38},"end":{"line":172,"column":43}},"loc":{"start":{"line":172,"column":58},"end":{"line":188,"column":1}},"line":172},"18":{"name":"(anonymous_18)","decl":{"start":{"line":194,"column":45},"end":{"line":194,"column":50}},"loc":{"start":{"line":194,"column":65},"end":{"line":320,"column":1}},"line":194},"19":{"name":"(anonymous_19)","decl":{"start":{"line":219,"column":56},"end":{"line":219,"column":57}},"loc":{"start":{"line":220,"column":6},"end":{"line":220,"column":null}},"line":220},"20":{"name":"(anonymous_20)","decl":{"start":{"line":220,"column":60},"end":{"line":220,"column":61}},"loc":{"start":{"line":220,"column":65},"end":{"line":220,"column":75}},"line":220},"21":{"name":"(anonymous_21)","decl":{"start":{"line":226,"column":49},"end":{"line":226,"column":50}},"loc":{"start":{"line":226,"column":54},"end":{"line":226,"column":102}},"line":226},"22":{"name":"(anonymous_22)","decl":{"start":{"line":226,"column":83},"end":{"line":226,"column":84}},"loc":{"start":{"line":226,"column":88},"end":{"line":226,"column":101}},"line":226},"23":{"name":"(anonymous_23)","decl":{"start":{"line":227,"column":51},"end":{"line":227,"column":52}},"loc":{"start":{"line":227,"column":56},"end":{"line":227,"column":99}},"line":227},"24":{"name":"(anonymous_24)","decl":{"start":{"line":227,"column":89},"end":{"line":227,"column":90}},"loc":{"start":{"line":227,"column":94},"end":{"line":227,"column":98}},"line":227},"25":{"name":"(anonymous_25)","decl":{"start":{"line":228,"column":51},"end":{"line":228,"column":52}},"loc":{"start":{"line":228,"column":56},"end":{"line":228,"column":101}},"line":228},"26":{"name":"(anonymous_26)","decl":{"start":{"line":228,"column":91},"end":{"line":228,"column":92}},"loc":{"start":{"line":228,"column":96},"end":{"line":228,"column":100}},"line":228},"27":{"name":"(anonymous_27)","decl":{"start":{"line":268,"column":38},"end":{"line":268,"column":39}},"loc":{"start":{"line":268,"column":43},"end":{"line":314,"column":5}},"line":268},"28":{"name":"(anonymous_28)","decl":{"start":{"line":276,"column":55},"end":{"line":276,"column":56}},"loc":{"start":{"line":276,"column":60},"end":{"line":276,"column":64}},"line":276},"29":{"name":"(anonymous_29)","decl":{"start":{"line":280,"column":35},"end":{"line":280,"column":37}},"loc":{"start":{"line":280,"column":41},"end":{"line":280,"column":64}},"line":280},"30":{"name":"(anonymous_30)","decl":{"start":{"line":281,"column":35},"end":{"line":281,"column":37}},"loc":{"start":{"line":281,"column":41},"end":{"line":281,"column":73}},"line":281},"31":{"name":"(anonymous_31)","decl":{"start":{"line":281,"column":82},"end":{"line":281,"column":83}},"loc":{"start":{"line":281,"column":87},"end":{"line":281,"column":96}},"line":281},"32":{"name":"(anonymous_32)","decl":{"start":{"line":283,"column":61},"end":{"line":283,"column":62}},"loc":{"start":{"line":283,"column":71},"end":{"line":283,"column":76}},"line":283},"33":{"name":"(anonymous_33)","decl":{"start":{"line":288,"column":57},"end":{"line":288,"column":58}},"loc":{"start":{"line":288,"column":62},"end":{"line":288,"column":66}},"line":288},"34":{"name":"(anonymous_34)","decl":{"start":{"line":292,"column":35},"end":{"line":292,"column":37}},"loc":{"start":{"line":292,"column":41},"end":{"line":292,"column":65}},"line":292},"35":{"name":"(anonymous_35)","decl":{"start":{"line":293,"column":35},"end":{"line":293,"column":37}},"loc":{"start":{"line":293,"column":41},"end":{"line":293,"column":74}},"line":293},"36":{"name":"(anonymous_36)","decl":{"start":{"line":293,"column":83},"end":{"line":293,"column":84}},"loc":{"start":{"line":293,"column":88},"end":{"line":293,"column":97}},"line":293},"37":{"name":"(anonymous_37)","decl":{"start":{"line":295,"column":61},"end":{"line":295,"column":62}},"loc":{"start":{"line":295,"column":71},"end":{"line":295,"column":76}},"line":295},"38":{"name":"(anonymous_38)","decl":{"start":{"line":300,"column":80},"end":{"line":300,"column":81}},"loc":{"start":{"line":300,"column":85},"end":{"line":300,"column":99}},"line":300},"39":{"name":"(anonymous_39)","decl":{"start":{"line":305,"column":75},"end":{"line":305,"column":76}},"loc":{"start":{"line":305,"column":80},"end":{"line":305,"column":95}},"line":305},"40":{"name":"(anonymous_40)","decl":{"start":{"line":306,"column":25},"end":{"line":306,"column":26}},"loc":{"start":{"line":306,"column":30},"end":{"line":306,"column":39}},"line":306}},"branchMap":{"0":{"loc":{"start":{"line":29,"column":26},"end":{"line":29,"column":null}},"type":"binary-expr","locations":[{"start":{"line":29,"column":26},"end":{"line":29,"column":67}},{"start":{"line":29,"column":72},"end":{"line":29,"column":null}}],"line":29},"1":{"loc":{"start":{"line":30,"column":26},"end":{"line":30,"column":null}},"type":"binary-expr","locations":[{"start":{"line":30,"column":26},"end":{"line":30,"column":69}},{"start":{"line":30,"column":73},"end":{"line":30,"column":null}}],"line":30},"2":{"loc":{"start":{"line":33,"column":4},"end":{"line":39,"column":12}},"type":"cond-expr","locations":[{"start":{"line":34,"column":8},"end":{"line":38,"column":null}},{"start":{"line":39,"column":8},"end":{"line":39,"column":12}}],"line":33},"3":{"loc":{"start":{"line":40,"column":4},"end":{"line":46,"column":12}},"type":"cond-expr","locations":[{"start":{"line":41,"column":8},"end":{"line":45,"column":null}},{"start":{"line":46,"column":8},"end":{"line":46,"column":12}}],"line":40},"4":{"loc":{"start":{"line":47,"column":4},"end":{"line":53,"column":10}},"type":"cond-expr","locations":[{"start":{"line":48,"column":8},"end":{"line":52,"column":null}},{"start":{"line":53,"column":8},"end":{"line":53,"column":10}}],"line":47},"5":{"loc":{"start":{"line":54,"column":4},"end":{"line":60,"column":10}},"type":"cond-expr","locations":[{"start":{"line":55,"column":8},"end":{"line":59,"column":null}},{"start":{"line":60,"column":8},"end":{"line":60,"column":10}}],"line":54},"6":{"loc":{"start":{"line":65,"column":19},"end":{"line":67,"column":null}},"type":"cond-expr","locations":[{"start":{"line":66,"column":6},"end":{"line":66,"column":null}},{"start":{"line":67,"column":6},"end":{"line":67,"column":null}}],"line":65},"7":{"loc":{"start":{"line":66,"column":59},"end":{"line":66,"column":90}},"type":"binary-expr","locations":[{"start":{"line":66,"column":59},"end":{"line":66,"column":80}},{"start":{"line":66,"column":86},"end":{"line":66,"column":90}}],"line":66},"8":{"loc":{"start":{"line":69,"column":21},"end":{"line":71,"column":null}},"type":"cond-expr","locations":[{"start":{"line":70,"column":6},"end":{"line":70,"column":null}},{"start":{"line":71,"column":6},"end":{"line":71,"column":null}}],"line":69},"9":{"loc":{"start":{"line":70,"column":59},"end":{"line":70,"column":90}},"type":"binary-expr","locations":[{"start":{"line":70,"column":59},"end":{"line":70,"column":82}},{"start":{"line":70,"column":86},"end":{"line":70,"column":90}}],"line":70},"10":{"loc":{"start":{"line":73,"column":2},"end":{"line":88,"column":null}},"type":"if","locations":[{"start":{"line":73,"column":2},"end":{"line":88,"column":null}},{"start":{"line":75,"column":9},"end":{"line":88,"column":null}}],"line":73},"11":{"loc":{"start":{"line":75,"column":9},"end":{"line":88,"column":null}},"type":"if","locations":[{"start":{"line":75,"column":9},"end":{"line":88,"column":null}},{"start":{"line":77,"column":9},"end":{"line":88,"column":null}}],"line":75},"12":{"loc":{"start":{"line":80,"column":6},"end":{"line":80,"column":null}},"type":"if","locations":[{"start":{"line":80,"column":6},"end":{"line":80,"column":null}},{"start":{},"end":{}}],"line":80},"13":{"loc":{"start":{"line":84,"column":18},"end":{"line":86,"column":null}},"type":"cond-expr","locations":[{"start":{"line":85,"column":8},"end":{"line":85,"column":null}},{"start":{"line":86,"column":8},"end":{"line":86,"column":null}}],"line":84},"14":{"loc":{"start":{"line":90,"column":2},"end":{"line":105,"column":null}},"type":"if","locations":[{"start":{"line":90,"column":2},"end":{"line":105,"column":null}},{"start":{"line":92,"column":9},"end":{"line":105,"column":null}}],"line":90},"15":{"loc":{"start":{"line":92,"column":9},"end":{"line":105,"column":null}},"type":"if","locations":[{"start":{"line":92,"column":9},"end":{"line":105,"column":null}},{"start":{"line":94,"column":9},"end":{"line":105,"column":null}}],"line":92},"16":{"loc":{"start":{"line":97,"column":6},"end":{"line":97,"column":null}},"type":"if","locations":[{"start":{"line":97,"column":6},"end":{"line":97,"column":null}},{"start":{},"end":{}}],"line":97},"17":{"loc":{"start":{"line":101,"column":18},"end":{"line":103,"column":null}},"type":"cond-expr","locations":[{"start":{"line":102,"column":8},"end":{"line":102,"column":null}},{"start":{"line":103,"column":8},"end":{"line":103,"column":null}}],"line":101},"18":{"loc":{"start":{"line":109,"column":21},"end":{"line":109,"column":null}},"type":"binary-expr","locations":[{"start":{"line":109,"column":21},"end":{"line":109,"column":37}},{"start":{"line":109,"column":41},"end":{"line":109,"column":null}}],"line":109},"19":{"loc":{"start":{"line":112,"column":2},"end":{"line":115,"column":null}},"type":"if","locations":[{"start":{"line":112,"column":2},"end":{"line":115,"column":null}},{"start":{},"end":{}}],"line":112},"20":{"loc":{"start":{"line":114,"column":4},"end":{"line":114,"column":null}},"type":"if","locations":[{"start":{"line":114,"column":4},"end":{"line":114,"column":null}},{"start":{},"end":{}}],"line":114},"21":{"loc":{"start":{"line":139,"column":21},"end":{"line":139,"column":59}},"type":"binary-expr","locations":[{"start":{"line":139,"column":21},"end":{"line":139,"column":51}},{"start":{"line":139,"column":55},"end":{"line":139,"column":59}}],"line":139},"22":{"loc":{"start":{"line":154,"column":4},"end":{"line":154,"column":null}},"type":"if","locations":[{"start":{"line":154,"column":4},"end":{"line":154,"column":null}},{"start":{},"end":{}}],"line":154},"23":{"loc":{"start":{"line":160,"column":4},"end":{"line":162,"column":null}},"type":"if","locations":[{"start":{"line":160,"column":4},"end":{"line":162,"column":null}},{"start":{},"end":{}}],"line":160},"24":{"loc":{"start":{"line":160,"column":8},"end":{"line":160,"column":71}},"type":"binary-expr","locations":[{"start":{"line":160,"column":8},"end":{"line":160,"column":13}},{"start":{"line":160,"column":17},"end":{"line":160,"column":31}},{"start":{"line":160,"column":35},"end":{"line":160,"column":51}},{"start":{"line":160,"column":55},"end":{"line":160,"column":71}}],"line":160},"25":{"loc":{"start":{"line":184,"column":38},"end":{"line":184,"column":56}},"type":"binary-expr","locations":[{"start":{"line":184,"column":38},"end":{"line":184,"column":50}},{"start":{"line":184,"column":54},"end":{"line":184,"column":56}}],"line":184},"26":{"loc":{"start":{"line":212,"column":6},"end":{"line":214,"column":null}},"type":"if","locations":[{"start":{"line":212,"column":6},"end":{"line":214,"column":null}},{"start":{},"end":{}}],"line":212},"27":{"loc":{"start":{"line":223,"column":4},"end":{"line":223,"column":null}},"type":"if","locations":[{"start":{"line":223,"column":4},"end":{"line":223,"column":null}},{"start":{},"end":{}}],"line":223},"28":{"loc":{"start":{"line":237,"column":6},"end":{"line":243,"column":12}},"type":"cond-expr","locations":[{"start":{"line":238,"column":10},"end":{"line":242,"column":null}},{"start":{"line":243,"column":10},"end":{"line":243,"column":12}}],"line":237},"29":{"loc":{"start":{"line":244,"column":6},"end":{"line":250,"column":12}},"type":"cond-expr","locations":[{"start":{"line":245,"column":10},"end":{"line":249,"column":null}},{"start":{"line":250,"column":10},"end":{"line":250,"column":12}}],"line":244},"30":{"loc":{"start":{"line":256,"column":6},"end":{"line":256,"column":null}},"type":"if","locations":[{"start":{"line":256,"column":6},"end":{"line":256,"column":null}},{"start":{},"end":{}}],"line":256},"31":{"loc":{"start":{"line":260,"column":6},"end":{"line":260,"column":null}},"type":"if","locations":[{"start":{"line":260,"column":6},"end":{"line":260,"column":null}},{"start":{},"end":{}}],"line":260},"32":{"loc":{"start":{"line":264,"column":6},"end":{"line":264,"column":null}},"type":"if","locations":[{"start":{"line":264,"column":6},"end":{"line":264,"column":null}},{"start":{},"end":{}}],"line":264},"33":{"loc":{"start":{"line":273,"column":67},"end":{"line":273,"column":89}},"type":"binary-expr","locations":[{"start":{"line":273,"column":67},"end":{"line":273,"column":81}},{"start":{"line":273,"column":85},"end":{"line":273,"column":89}}],"line":273},"34":{"loc":{"start":{"line":277,"column":6},"end":{"line":286,"column":null}},"type":"if","locations":[{"start":{"line":277,"column":6},"end":{"line":
[...]
":{"line":12,"column":3}},"line":9},"1":{"name":"(anonymous_1)","decl":{"start":{"line":13,"column":12},"end":{"line":13,"column":13}},"loc":{"start":{"line":13,"column":31},"end":{"line":16,"column":null}},"line":13},"2":{"name":"(anonymous_2)","decl":{"start":{"line":21,"column":14},"end":{"line":21,"column":15}},"loc":{"start":{"line":21,"column":33},"end":{"line":24,"column":3}},"line":21},"3":{"name":"extractAllPages","decl":{"start":{"line":29,"column":15},"end":{"line":29,"column":30}},"loc":{"start":{"line":29,"column":41},"end":{"line":93,"column":null}},"line":29},"4":{"name":"(anonymous_4)","decl":{"start":{"line":34,"column":16},"end":{"line":34,"column":17}},"loc":{"start":{"line":35,"column":6},"end":{"line":89,"column":null}},"line":35},"5":{"name":"(anonymous_5)","decl":{"start":{"line":35,"column":66},"end":{"line":35,"column":68}},"loc":{"start":{"line":35,"column":72},"end":{"line":89,"column":7}},"line":35},"6":{"name":"(anonymous_6)","decl":{"start":{"line":36,"column":38},"end":{"line":36,"column":39}},"loc":{"start":{"line":36,"column":43},"end":{"line":36,"column":64}},"line":36},"7":{"name":"(anonymous_7)","decl":{"start":{"line":40,"column":34},"end":{"line":40,"column":35}},"loc":{"start":{"line":40,"column":39},"end":{"line":40,"column":53}},"line":40},"8":{"name":"(anonymous_8)","decl":{"start":{"line":43,"column":39},"end":{"line":43,"column":40}},"loc":{"start":{"line":43,"column":44},"end":{"line":43,"column":65}},"line":43},"9":{"name":"(anonymous_9)","decl":{"start":{"line":44,"column":40},"end":{"line":44,"column":41}},"loc":{"start":{"line":44,"column":45},"end":{"line":44,"column":67}},"line":44},"10":{"name":"(anonymous_10)","decl":{"start":{"line":50,"column":22},"end":{"line":50,"column":25}},"loc":{"start":{"line":50,"column":29},"end":{"line":50,"column":null}},"line":50},"11":{"name":"(anonymous_11)","decl":{"start":{"line":50,"column":46},"end":{"line":50,"column":47}},"loc":{"start":{"line":50,"column":56},"end":{"line":50,"column":87}},"line":50},"12":{"name":"(anonymous_12)","decl":{"start":{"line":52,"column":32},"end":{"line":52,"column":33}},"loc":{"start":{"line":52,"column":37},"end":{"line":52,"column":58}},"line":52},"13":{"name":"(anonymous_13)","decl":{"start":{"line":53,"column":32},"end":{"line":53,"column":33}},"loc":{"start":{"line":53,"column":37},"end":{"line":53,"column":59}},"line":53},"14":{"name":"(anonymous_14)","decl":{"start":{"line":57,"column":39},"end":{"line":57,"column":40}},"loc":{"start":{"line":57,"column":49},"end":{"line":60,"column":11}},"line":57},"15":{"name":"(anonymous_15)","decl":{"start":{"line":78,"column":18},"end":{"line":78,"column":19}},"loc":{"start":{"line":78,"column":23},"end":{"line":78,"column":31}},"line":78},"16":{"name":"savePagesJson","decl":{"start":{"line":95,"column":9},"end":{"line":95,"column":22}},"loc":{"start":{"line":95,"column":40},"end":{"line":99,"column":null}},"line":95},"17":{"name":"readPagesJson","decl":{"start":{"line":101,"column":9},"end":{"line":101,"column":22}},"loc":{"start":{"line":101,"column":33},"end":{"line":105,"column":null}},"line":101}},"branchMap":{"0":{"loc":{"start":{"line":22,"column":4},"end":{"line":23,"column":null}},"type":"if","locations":[{"start":{"line":22,"column":4},"end":{"line":23,"column":null}},{"start":{"line":23,"column":9},"end":{"line":23,"column":null}}],"line":22},"1":{"loc":{"start":{"line":36,"column":43},"end":{"line":36,"column":64}},"type":"binary-expr","locations":[{"start":{"line":36,"column":43},"end":{"line":36,"column":48}},{"start":{"line":36,"column":52},"end":{"line":36,"column":64}}],"line":36},"2":{"loc":{"start":{"line":37,"column":8},"end":{"line":37,"column":null}},"type":"if","locations":[{"start":{"line":37,"column":8},"end":{"line":37,"column":null}},{"start":{},"end":{}}],"line":37},"3":{"loc":{"start":{"line":45,"column":25},"end":{"line":45,"column":null}},"type":"binary-expr","locations":[{"start":{"line":45,"column":25},"end":{"line":45,"column":38}},{"start":{"line":45,"column":42},"end":{"line":45,"column":56}},{"start":{"line":45,"column":60},"end":{"line":45,"column":null}}],"line":45},"4":{"loc":{"start":{"line":48,"column":8},"end":{"line":61,"column":null}},"type":"if","locations":[{"start":{"line":48,"column":8},"end":{"line":61,"column":null}},{"start":{"line":55,"column":15},"end":{"line":61,"column":null}}],"line":48},"5":{"loc":{"start":{"line":59,"column":19},"end":{"line":59,"column":null}},"type":"cond-expr","locations":[{"start":{"line":59,"column":38},"end":{"line":59,"column":40}},{"start":{"line":59,"column":43},"end":{"line":59,"column":null}}],"line":59},"6":{"loc":{"start":{"line":68,"column":10},"end":{"line":71,"column":null}},"type":"if","locations":[{"start":{"line":68,"column":10},"end":{"line":71,"column":null}},{"start":{},"end":{}}],"line":68},"7":{"loc":{"start":{"line":68,"column":14},"end":{"line":68,"column":55}},"type":"binary-expr","locations":[{"start":{"line":68,"column":14},"end":{"line":68,"column":28}},{"start":{"line":68,"column":32},"end":{"line":68,"column":55}}],"line":68},"8":{"loc":{"start":{"line":75,"column":8},"end":{"line":75,"column":null}},"type":"if","locations":[{"start":{"line":75,"column":8},"end":{"line":75,"column":null}},{"start":{},"end":{}}],"line":75},"9":{"loc":{"start":{"line":103,"column":2},"end":{"line":103,"column":null}},"type":"if","locations":[{"start":{"line":103,"column":2},"end":{"line":103,"column":null}},{"start":{},"end":{}}],"line":103}},"s":{"0":3,"1":3,"2":3,"3":3,"4":3,"5":3,"6":0,"7":0,"8":0,"9":0,"10":3,"11":0,"12":0,"13":0,"14":0,"15":0,"16":0,"17":0,"18":0,"19":0,"20":0,"21":0,"22":0,"23":0,"24":0,"25":0,"26":0,"27":0,"28":0,"29":0,"30":0,"31":0,"32":0,"33":0,"34":0,"35":0,"36":0,"37":0,"38":0,"39":0,"40":0,"41":0,"42":0,"43":0,"44":0,"45":0,"46":0,"47":0,"48":0,"49":0,"50":0,"51":0,"52":0,"53":0,"54":0,"55":0,"56":0,"57":0,"58":0,"59":0,"60":0,"61":0,"62":0,"63":0,"64":0,"65":0,"66":0,"67":3},"f":{"0":0,"1":0,"2":0,"3":0,"4":0,"5":0,"6":0,"7":0,"8":0,"9":0,"10":0,"11":0,"12":0,"13":0,"14":0,"15":0,"16":0,"17":0},"b":{"0":[0,0],"1":[0,0],"2":[0,0],"3":[0,0,0],"4":[0,0],"5":[0,0],"6":[0,0],"7":[0,0],"8":[0,0],"9":[0,0]},"meta":{"lastBranch":10,"lastFunction":18,"lastStatement":68,"seen":{"s:1:13:1:Infinity":0,"s:2:11:2:Infinity":1,"s:3:15:3:Infinity":2,"s:4:17:4:Infinity":3,"s:6:16:6:Infinity":4,"s:8:19:17:Infinity":5,"f:9:15:9:16":0,"s:10:4:10:Infinity":6,"s:11:4:11:Infinity":7,"f:13:12:13:13":1,"s:14:19:14:Infinity":8,"s:15:4:15:Infinity":9,"s:19:18:26:Infinity":10,"f:21:14:21:15":2,"b:22:4:23:Infinity:23:9:23:Infinity":0,"s:22:4:23:Infinity":11,"s:22:66:22:Infinity":12,"s:23:9:23:Infinity":13,"f:29:15:29:30":3,"s:30:14:30:Infinity":14,"s:31:16:31:Infinity":15,"s:33:2:90:Infinity":16,"f:34:16:34:17":4,"s:35:6:89:Infinity":17,"f:35:66:35:68":5,"s:36:22:36:Infinity":18,"f:36:38:36:39":6,"s:36:43:36:64":19,"b:36:43:36:48:36:52:36:64":1,"b:37:8:37:Infinity:undefined:undefined:undefined:undefined":2,"s:37:8:37:Infinity":20,"s:37:29:37:44":21,"s:37:45:37:54":22,"s:40:24:40:Infinity":23,"f:40:34:40:35":7,"s:40:39:40:53":24,"s:41:21:41:41":25,"s:41:50:41:Infinity":26,"s:42:21:42:Infinity":27,"s:43:26:43:Infinity":28,"f:43:39:43:40":8,"s:43:44:43:65":29,"s:44:27:44:Infinity":30,"f:44:40:44:41":9,"s:44:45:44:67":31,"s:45:25:45:Infinity":32,"b:45:25:45:38:45:42:45:56:45:60:45:Infinity":3,"b:48:8:61:Infinity:55:15:61:Infinity":4,"s:48:8:61:Infinity":33,"s:50:22:50:Infinity":34,"f:50:22:50:25":10,"s:50:29:50:Infinity":35,"f:50:46:50:47":11,"s:50:56:50:87":36,"s:51:10:54:Infinity":37,"f:52:32:52:33":12,"s:52:37:52:58":38,"f:53:32:53:33":13,"s:53:37:53:59":39,"s:57:10:60:Infinity":40,"f:57:39:57:40":14,"s:58:23:58:Infinity":41,"s:59:12:59:Infinity":42,"b:59:38:59:40:59:43:59:Infinity":5,"s:64:22:64:Infinity":43,"s:65:19:65:21":44,"s:65:31:65:Infinity":45,"s:66:8:74:Infinity":46,"s:67:20:67:Infinity":47,"b:68:10:71:Infinity:undefined:undefined:undefined:undefined":6,"s:68:10:71:Infinity":48,"b:68:14:68:28:68:32:68:55":7,"s:69:12:69:Infinity":49,"s:70:12:70:Infinity":50,"s:72:10:72:Infinity":51,"s:73:10:73:Infinity":52,"b:75:8:75:Infinity:undefined:undefined:undefined:undefined":8,"s:75:8:75:Infinity":53,"s:75:25:75:Infinity":54,"s:77:21:85:Infinity":55,"f:78:18:78:19":15,"s:78:23:78:31":56,"s:87:8:87:Infinity":57,"s:88:8:88:Infinity":58,"s:92:2:92:Infinity":59,"f:95:9:95:22":16,"s:96:19:96:Infinity":60,"s:97:2:97:Infinity":61,"s:98:2:98:Infinity":62,"f:101:9:101:22":17,"s:102:19:102:Infinity":63,"b:103:2:103:Infinity:undefined:undefined:undefined:undefined":9,"s:103:2:103:Infinity":64,"s:103:32:103:Infinity":65,"s:104:2:104:Infinity":66,"s:107:0:113:Infinity":67},"fnNames":{}}}
,"D:\\Duy\\ielts-app\\backend\\validators\\adminExamValidator.js": {"path":"D:\\Duy\\ielts-app\\backend\\validators\\adminExamValidator.js","statementMap":{"0":{"start":{"line":1,"column":14},"end":{"line":1,"column":null}},"1":{"start":{"line":4,"column":24},"end":{"line":12,"column":null}},"2":{"start":{"line":15,"column":30},"end":{"line":23,"column":null}},"3":{"start":{"line":15,"column":47},"end":{"line":23,"column":null}},"4":{"start":{"line":25,"column":35},"end":{"line":41,"column":null}},"5":{"start":{"line":25,"column":52},"end":{"line":41,"column":null}},"6":{"start":{"line":43,"column":29},"end":{"line":55,"column":null}},"7":{"start":{"line":43,"column":46},"end":{"line":55,"column":null}},"8":{"start":{"line":57,"column":32},"end":{"line":75,"column":null}},"9":{"start":{"line":77,"column":32},"end":{"line":89,"column":null}},"10":{"start":{"line":91,"column":32},"end":{"line":100,"column":null}},"11":{"start":{"line":102,"column":36},"end":{"line":114,"column":null}},"12":{"start":{"line":116,"column":24},"end":{"line":125,"column":null}},"13":{"start":{"line":116,"column":41},"end":{"line":125,"column":null}},"14":{"start":{"line":128,"column":28},"end":{"line":143,"column":null}},"15":{"start":{"line":146,"column":22},"end":{"line":154,"column":null}},"16":{"start":{"line":156,"column":22},"end":{"line":163,"column":null}},"17":{"start":{"line":166,"column":25},"end":{"line":171,"column":null}},"18":{"start":{"line":174,"column":32},"end":{"line":177,"column":null}},"19":{"start":{"line":179,"column":34},"end":{"line":182,"column":null}},"20":{"start":{"line":184,"column":32},"end":{"line":193,"column":null}},"21":{"start":{"line":195,"column":33},"end":{"line":209,"column":null}},"22":{"start":{"line":212,"column":25},"end":{"line":238,"column":null}},"23":{"start":{"line":241,"column":29},"end":{"line":252,"column":null}},"24":{"start":{"line":254,"column":24},"end":{"line":259,"column":null}},"25":{"start":{"line":255,"column":2},"end":{"line":257,"column":null}},"26":{"start":{"line":256,"column":4},"end":{"line":256,"column":null}},"27":{"start":{"line":258,"column":2},"end":{"line":258,"column":null}},"28":{"start":{"line":261,"column":28},"end":{"line":264,"column":null}},"29":{"start":{"line":266,"column":31},"end":{"line":266,"column":null}},"30":{"start":{"line":267,"column":35},"end":{"line":267,"column":null}},"31":{"start":{"line":269,"column":0},"end":{"line":277,"column":null}}},"fnMap":{"0":{"name":"(anonymous_0)","decl":{"start":{"line":15,"column":30},"end":{"line":15,"column":31}},"loc":{"start":{"line":15,"column":47},"end":{"line":23,"column":null}},"line":15},"1":{"name":"(anonymous_1)","decl":{"start":{"line":25,"column":35},"end":{"line":25,"column":36}},"loc":{"start":{"line":25,"column":52},"end":{"line":41,"column":null}},"line":25},"2":{"name":"(anonymous_2)","decl":{"start":{"line":43,"column":29},"end":{"line":43,"column":30}},"loc":{"start":{"line":43,"column":46},"end":{"line":55,"column":null}},"line":43},"3":{"name":"(anonymous_3)","decl":{"start":{"line":116,"column":24},"end":{"line":116,"column":25}},"loc":{"start":{"line":116,"column":41},"end":{"line":125,"column":null}},"line":116},"4":{"name":"(anonymous_4)","decl":{"start":{"line":254,"column":24},"end":{"line":254,"column":28}},"loc":{"start":{"line":254,"column":32},"end":{"line":259,"column":null}},"line":254}},"branchMap":{"0":{"loc":{"start":{"line":255,"column":2},"end":{"line":257,"column":null}},"type":"if","locations":[{"start":{"line":255,"column":2},"end":{"line":257,"column":null}},{"start":{},"end":{}}],"line":255},"1":{"loc":{"start":{"line":255,"column":6},"end":{"line":255,"column":36}},"type":"binary-expr","locations":[{"start":{"line":255,"column":6},"end":{"line":255,"column":20}},{"start":{"line":255,"column":24},"end":{"line":255,"column":36}}],"line":255}},"s":{"0":4,"1":4,"2":4,"3":8,"4":4,"5":8,"6":4,"7":12,"8":4,"9":4,"10":4,"11":4,"12":4,"13":12,"14":4,"15":4,"16":4,"17":4,"18":4,"19":4,"20":4,"21":4,"22":4,"23":4,"24":2,"25":2,"26":2,"27":4,"28":4,"29":4,"30":4,"31":4},"f":{"0":8,"1":8,"2":12,"3":12,"4":2},"b":{"0":[2,0],"1":[2,2]},"meta":{"lastBranch":2,"lastFunction":5,"lastStatement":32,"seen":{"s:1:14:1:Infinity":0,"s:4:24:12:Infinity":1,"s:15:30:23:Infinity":2,"f:15:30:15:31":0,"s:15:47:23:Infinity":3,"s:25:35:41:Infinity":4,"f:25:35:25:36":1,"s:25:52:41:Infinity":5,"s:43:29:55:Infinity":6,"f:43:29:43:30":2,"s:43:46:55:Infinity":7,"s:57:32:75:Infinity":8,"s:77:32:89:Infinity":9,"s:91:32:100:Infinity":10,"s:102:36:114:Infinity":11,"s:116:24:125:Infinity":12,"f:116:24:116:25":3,"s:116:41:125:Infinity":13,"s:128:28:143:Infinity":14,"s:146:22:154:Infinity":15,"s:156:22:163:Infinity":16,"s:166:25:171:Infinity":17,"s:174:32:177:Infinity":18,"s:179:34:182:Infinity":19,"s:184:32:193:Infinity":20,"s:195:33:209:Infinity":21,"s:212:25:238:Infinity":22,"s:241:29:252:Infinity":23,"s:254:24:259:Infinity":24,"f:254:24:254:28":4,"b:255:2:257:Infinity:undefined:undefined:undefined:undefined":0,"s:255:2:257:Infinity":25,"b:255:6:255:20:255:24:255:36":1,"s:256:4:256:Infinity":26,"s:258:2:258:Infinity":27,"s:261:28:264:Infinity":28,"s:266:31:266:Infinity":29,"s:267:35:267:Infinity":30,"s:269:0:277:Infinity":31},"fnNames":{}}}
,"D:\\Duy\\ielts-app\\backend\\validators\\authValidator.js": {"path":"D:\\Duy\\ielts-app\\backend\\validators\\authValidator.js","statementMap":{"0":{"start":{"line":1,"column":14},"end":{"line":1,"column":null}},"1":{"start":{"line":4,"column":23},"end":{"line":8,"column":null}},"2":{"start":{"line":11,"column":20},"end":{"line":14,"column":null}},"3":{"start":{"line":17,"column":29},"end":{"line":20,"column":null}},"4":{"start":{"line":23,"column":28},"end":{"line":25,"column":null}},"5":{"start":{"line":28,"column":34},"end":{"line":31,"column":null}},"6":{"start":{"line":34,"column":28},"end":{"line":39,"column":null}},"7":{"start":{"line":42,"column":28},"end":{"line":46,"column":null}},"8":{"start":{"line":49,"column":21},"end":{"line":51,"column":null}},"9":{"start":{"line":54,"column":29},"end":{"line":57,"column":null}},"10":{"start":{"line":55,"column":9},"end":{"line":55,"column":71}},"11":{"start":{"line":59,"column":0},"end":{"line":69,"column":null}}},"fnMap":{"0":{"name":"(anonymous_0)","decl":{"start":{"line":55,"column":2},"end":{"line":55,"column":5}},"loc":{"start":{"line":55,"column":9},"end":{"line":55,"column":71}},"line":55}},"branchMap":{"0":{"loc":{"start":{"line":55,"column":9},"end":{"line":55,"column":71}},"type":"binary-expr","locations":[{"start":{"line":55,"column":9},"end":{"line":55,"column":32}},{"start":{"line":55,"column":36},"end":{"line":55,"column":48}},{"start":{"line":55,"column":52},"end":{"line":55,"column":71}}],"line":55}},"s":{"0":4,"1":4,"2":4,"3":4,"4":4,"5":4,"6":4,"7":4,"8":4,"9":4,"10":0,"11":4},"f":{"0":0},"b":{"0":[0,0,0]},"meta":{"lastBranch":1,"lastFunction":1,"lastStatement":12,"seen":{"s:1:14:1:Infinity":0,"s:4:23:8:Infinity":1,"s:11:20:14:Infinity":2,"s:17:29:20:Infinity":3,"s:23:28:25:Infinity":4,"s:28:34:31:Infinity":5,"s:34:28:39:Infinity":6,"s:42:28:46:Infinity":7,"s:49:21:51:Infinity":8,"s:54:29:57:Infinity":9,"f:55:2:55:5":0,"s:55:9:55:71":10,"b:55:9:55:32:55:36:55:48:55:52:55:71":0,"s:59:0:69:Infinity":11},"fnNames":{}}}
,"D:\\Duy\\ielts-app\\backend\\validators\\contentValidator.js": {"path":"D:\\Duy\\ielts-app\\backend\\validators\\contentValidator.js","statementMap":{"0":{"start":{"line":1,"column":14},"end":{"line":1,"column":null}},"1":{"start":{"line":4,"column":27},"end":{"line":12,"column":null}},"2":{"start":{"line":15,"column":27},"end":{"line":23,"column":null}},"3":{"start":{"line":26,"column":27},"end":{"line":32,"column":null}},"4":{"start":{"line":35,"column":27},"end":{"line":41,"column":null}},"5":{"start":{"line":44,"column":29},"end":{"line":51,"column":null}},"6":{"start":{"line":54,"column":29},"end":{"line":61,"column":null}},"7":{"start":{"line":64,"column":31},"end":{"line":69,"column":null}},"8":{"start":{"line":66,"column":11},"end":{"line":66,"column":30}},"9":{"start":{"line":72,"column":24},"end":{"line":74,"column":null}},"10":{"start":{"line":77,"column":25},"end":{"line":79,"column":null}},"11":{"start":{"line":82,"column":31},"end":{"line":84,"column":null}},"12":{"start":{"line":86,"column":0},"end":{"line":97,"column":null}}},"fnMap":{"0":{"name":"(anonymous_0)","decl":{"start":{"line":66,"column":4},"end":{"line":66,"column":7}},"loc":{"start":{"line":66,"column":11},"end":{"line":66,"column":30}},"line":66}},"branchMap":{},"s":{"0":4,"1":4,"2":4,"3":4,"4":4,"5":4,"6":4,"7":4,"8":2,"9":4,"10":4,"11":4,"12":4},"f":{"0":2},"b":{},"meta":{"lastBranch":0,"lastFunction":1,"lastStatement":13,"seen":{"s:1:14:1:Infinity":0,"s:4:27:12:Infinity":1,"s:15:27:23:Infinity":2,"s:26:27:32:Infinity":3,"s:35:27:41:Infinity":4,"s:44:29:51:Infinity":5,"s:54:29:61:Infinity":6,"s:64:31:69:Infinity":7,"f:66:4:66:7":0,"s:66:11:66:30":8,"s:72:24:74:Infinity":9,"s:77:25:79:Infinity":10,"s:82:31:84:Infinity":11,"s:86:0:97:Infinity":12},"fnNames":{}}}
,"D:\\Duy\\ielts-app\\backend\\validators\\submissionValidator.js": {"path":"D:\\Duy\\ielts-app\\backend\\validators\\submissionValidator.js","statementMap":{"0":{"start":{"line":1,"column":14},"end":{"line":1,"column":null}},"1":{"start":{"line":4,"column":28},"end":{"line":9,"column":null}},"2":{"start":{"line":6,"column":11},"end":{"line":6,"column":73}},"3":{"start":{"line":12,"column":30},"end":{"line":17,"column":null}},"4":{"start":{"line":14,"column":11},"end":{"line":14,"column":73}},"5":{"start":{"line":20,"column":28},"end":{"line":23,"column":null}},"6":{"start":{"line":26,"column":29},"end":{"line":29,"column":null}},"7":{"start":{"line":32,"column":25},"end":{"line":34,"column":null}},"8":{"start":{"line":36,"column":0},"end":{"line":42,"column":null}}},"fnMap":{"0":{"name":"(anonymous_0)","decl":{"start":{"line":6,"column":4},"end":{"line":6,"column":7}},"loc":{"start":{"line":6,"column":11},"end":{"line":6,"column":73}},"line":6},"1":{"name":"(anonymous_1)","decl":{"start":{"line":14,"column":4},"end":{"line":14,"column":7}},"loc":{"start":{"line":14,"column":11},"end":{"line":14,"column":73}},"line":14}},"branchMap":{"0":{"loc":{"start":{"line":6,"column":11},"end":{"line":6,"column":73}},"type":"binary-expr","locations":[{"start":{"line":6,"column":11},"end":{"line":6,"column":34}},{"start":{"line":6,"column":38},"end":{"line":6,"column":50}},{"start":{"line":6,"column":54},"end":{"line":6,"column":73}}],"line":6},"1":{"loc":{"start":{"line":14,"column":11},"end":{"line":14,"column":73}},"type":"binary-expr","locations":[{"start":{"line":14,"column":11},"end":{"line":14,"column":34}},{"start":{"line":14,"column":38},"end":{"line":14,"column":50}},{"start":{"line":14,"column":54},"end":{"line":14,"column":73}}],"line":14}},"s":{"0":4,"1":4,"2":2,"3":4,"4":0,"5":4,"6":4,"7":4,"8":4},"f":{"0":2,"1":0},"b":{"0":[2,2,2],"1":[0,0,0]},"meta":{"lastBranch":2,"lastFunction":2,"lastStatement":9,"seen":{"s:1:14:1:Infinity":0,"s:4:28:9:Infinity":1,"f:6:4:6:7":0,"s:6:11:6:73":2,"b:6:11:6:34:6:38:6:50:6:54:6:73":0,"s:12:30:17:Infinity":3,"f:14:4:14:7":1,"s:14:11:14:73":4,"b:14:11:14:34:14:38:14:50:14:54:14:73":1,"s:20:28:23:Infinity":5,"s:26:29:29:Infinity":6,"s:32:25:34:Infinity":7,"s:36:0:42:Infinity":8},"fnNames":{}}}
}
